2024-05-14 21:36:07.382 [info] Extension host with pid 1014164 started
2024-05-14 21:36:07.400 [info] ExtensionService#_doActivateExtension vscode.emmet, startup: false, activationEvent: 'onLanguage'
2024-05-14 21:36:07.420 [info] ExtensionService#_doActivateExtension vscode.git-base, startup: true, activationEvent: '*', root cause: vscode.git
2024-05-14 21:36:07.421 [info] ExtensionService#_doActivateExtension mlplatform.ml-kernel, startup: true, activationEvent: '*'
2024-05-14 21:36:07.451 [info] ExtensionService#_doActivateExtension vscode.git, startup: true, activationEvent: '*'
2024-05-14 21:36:07.467 [info] ExtensionService#_doActivateExtension vscode.github, startup: true, activationEvent: '*'
2024-05-14 21:36:07.479 [error] TypeError: Cannot read properties of undefined (reading 'webview')
	at a.value (/home/j/.vscode-oss/extensions/mlplatform.ml-kernel-0.0.7-universal/dist/extension.js:2:144040)
	at o.y (/usr/lib/code/out/vs/workbench/api/node/extensionHostProcess.js:82:660)
	at o.fire (/usr/lib/code/out/vs/workbench/api/node/extensionHostProcess.js:82:877)
	at t.<anonymous> (/home/j/.vscode-oss/extensions/mlplatform.ml-kernel-0.0.7-universal/dist/extension.js:2:123272)
	at /home/j/.vscode-oss/extensions/mlplatform.ml-kernel-0.0.7-universal/dist/extension.js:2:120148
	at Object.next (/home/j/.vscode-oss/extensions/mlplatform.ml-kernel-0.0.7-universal/dist/extension.js:2:120253)
	at a (/home/j/.vscode-oss/extensions/mlplatform.ml-kernel-0.0.7-universal/dist/extension.js:2:118990)
2024-05-14 21:36:07.489 [error] TypeError: Cannot read properties of undefined (reading 'webview')
	at a.value (/home/j/.vscode-oss/extensions/mlplatform.ml-kernel-0.0.7-universal/dist/extension.js:2:144040)
	at o.y (/usr/lib/code/out/vs/workbench/api/node/extensionHostProcess.js:82:660)
	at o.fire (/usr/lib/code/out/vs/workbench/api/node/extensionHostProcess.js:82:877)
	at t.<anonymous> (/home/j/.vscode-oss/extensions/mlplatform.ml-kernel-0.0.7-universal/dist/extension.js:2:123272)
	at /home/j/.vscode-oss/extensions/mlplatform.ml-kernel-0.0.7-universal/dist/extension.js:2:120148
	at Object.next (/home/j/.vscode-oss/extensions/mlplatform.ml-kernel-0.0.7-universal/dist/extension.js:2:120253)
	at a (/home/j/.vscode-oss/extensions/mlplatform.ml-kernel-0.0.7-universal/dist/extension.js:2:118990)
2024-05-14 21:36:07.506 [info] Eager extensions activated
2024-05-14 21:36:07.542 [info] ExtensionService#_doActivateExtension vscode.debug-auto-launch, startup: false, activationEvent: 'onStartupFinished'
2024-05-14 21:36:07.544 [info] ExtensionService#_doActivateExtension vscode.merge-conflict, startup: false, activationEvent: 'onStartupFinished'
2024-05-14 21:36:07.551 [info] ExtensionService#_doActivateExtension Codeium.codeium, startup: false, activationEvent: 'onStartupFinished'
2024-05-14 21:36:07.656 [info] ExtensionService#_doActivateExtension formulahendry.code-runner, startup: false, activationEvent: 'onStartupFinished'
2024-05-14 21:36:07.665 [info] ExtensionService#_doActivateExtension vscodevim.vim, startup: false, activationEvent: 'onStartupFinished'
2024-05-14 21:36:08.731 [error] Error: ENOENT: no such file or directory, open '/home/j/.config/Code - OSS/User/globalStorage/vscodevim.vim/.registers'
2024-05-14 21:36:27.477 [info] Extension host terminating: renderer closed the MessagePort
2024-05-14 21:36:27.491 [error] Error: ENOENT: no such file or directory, open '/home/j/.config/Code - OSS/User/globalStorage/vscodevim.vim/.registers'
2024-05-14 21:36:27.491 [info] Extension host with pid 1014164 exiting with code 0
2024-05-14 21:36:28.074 [info] Extension host with pid 1014295 started
2024-05-14 21:36:28.074 [info] Skipping acquiring lock for /home/j/.config/Code - OSS/User/workspaceStorage/ee852e64f71feacbee26e12c72a41ca4.
2024-05-14 21:36:28.156 [info] ExtensionService#_doActivateExtension vscode.git-base, startup: true, activationEvent: '*', root cause: vscode.git
2024-05-14 21:36:28.158 [info] ExtensionService#_doActivateExtension mlplatform.ml-kernel, startup: true, activationEvent: '*'
2024-05-14 21:36:28.235 [info] ExtensionService#_doActivateExtension vscode.git, startup: true, activationEvent: '*'
2024-05-14 21:36:28.249 [info] ExtensionService#_doActivateExtension vscode.github, startup: true, activationEvent: '*'
2024-05-14 21:36:28.255 [error] TypeError: Cannot read properties of undefined (reading 'webview')
	at a.value (/home/j/.vscode-oss/extensions/mlplatform.ml-kernel-0.0.7-universal/dist/extension.js:2:144040)
	at o.y (/usr/lib/code/out/vs/workbench/api/node/extensionHostProcess.js:82:660)
	at o.fire (/usr/lib/code/out/vs/workbench/api/node/extensionHostProcess.js:82:877)
	at t.<anonymous> (/home/j/.vscode-oss/extensions/mlplatform.ml-kernel-0.0.7-universal/dist/extension.js:2:123272)
	at /home/j/.vscode-oss/extensions/mlplatform.ml-kernel-0.0.7-universal/dist/extension.js:2:120148
	at Object.next (/home/j/.vscode-oss/extensions/mlplatform.ml-kernel-0.0.7-universal/dist/extension.js:2:120253)
	at a (/home/j/.vscode-oss/extensions/mlplatform.ml-kernel-0.0.7-universal/dist/extension.js:2:118990)
2024-05-14 21:36:28.256 [error] TypeError: Cannot read properties of undefined (reading 'webview')
	at a.value (/home/j/.vscode-oss/extensions/mlplatform.ml-kernel-0.0.7-universal/dist/extension.js:2:144040)
	at o.y (/usr/lib/code/out/vs/workbench/api/node/extensionHostProcess.js:82:660)
	at o.fire (/usr/lib/code/out/vs/workbench/api/node/extensionHostProcess.js:82:877)
	at t.<anonymous> (/home/j/.vscode-oss/extensions/mlplatform.ml-kernel-0.0.7-universal/dist/extension.js:2:123272)
	at /home/j/.vscode-oss/extensions/mlplatform.ml-kernel-0.0.7-universal/dist/extension.js:2:120148
	at Object.next (/home/j/.vscode-oss/extensions/mlplatform.ml-kernel-0.0.7-universal/dist/extension.js:2:120253)
	at a (/home/j/.vscode-oss/extensions/mlplatform.ml-kernel-0.0.7-universal/dist/extension.js:2:118990)
2024-05-14 21:36:28.272 [info] Eager extensions activated
2024-05-14 21:36:28.295 [info] ExtensionService#_doActivateExtension vscode.debug-auto-launch, startup: false, activationEvent: 'onStartupFinished'
2024-05-14 21:36:28.296 [info] ExtensionService#_doActivateExtension vscode.merge-conflict, startup: false, activationEvent: 'onStartupFinished'
2024-05-14 21:36:28.299 [info] ExtensionService#_doActivateExtension Codeium.codeium, startup: false, activationEvent: 'onStartupFinished'
2024-05-14 21:36:28.370 [info] ExtensionService#_doActivateExtension formulahendry.code-runner, startup: false, activationEvent: 'onStartupFinished'
2024-05-14 21:36:28.381 [info] ExtensionService#_doActivateExtension vscodevim.vim, startup: false, activationEvent: 'onStartupFinished'
2024-05-14 21:36:29.441 [error] Error: ENOENT: no such file or directory, open '/home/j/.config/Code - OSS/User/globalStorage/vscodevim.vim/.registers'
2024-05-14 21:36:32.848 [info] ExtensionService#_doActivateExtension vscode.ipynb, startup: false, activationEvent: 'onNotebookSerializer:jupyter-notebook'
2024-05-14 21:36:32.878 [info] ExtensionService#_doActivateExtension ms-toolsai.jupyter, startup: false, activationEvent: 'onNotebook:jupyter-notebook'
2024-05-14 21:36:32.881 [info] ExtensionService#_doActivateExtension ms-toolsai.vscode-jupyter-cell-tags, startup: false, activationEvent: 'onNotebook:jupyter-notebook'
2024-05-14 21:36:32.884 [info] ExtensionService#_doActivateExtension ms-toolsai.vscode-jupyter-slideshow, startup: false, activationEvent: 'onNotebook:jupyter-notebook'
2024-05-14 21:36:32.885 [info] ExtensionService#_doActivateExtension ms-toolsai.jupyter-renderers, startup: false, activationEvent: 'onNotebook:*'
2024-05-14 21:36:33.023 [info] ExtensionService#_doActivateExtension ms-python.python, startup: false, activationEvent: 'api', root cause: ms-toolsai.jupyter
2024-05-14 21:36:33.082 [info] ExtensionService#_doActivateExtension KevinRose.vsc-python-indent, startup: false, activationEvent: 'onLanguage:python'
2024-05-14 21:36:33.086 [info] ExtensionService#_doActivateExtension tht13.python, startup: false, activationEvent: 'onLanguage:python'
2024-05-14 21:36:33.099 [info] ExtensionService#_doActivateExtension virgilsisoe.python-auto-import, startup: false, activationEvent: 'onLanguage:python'
2024-05-14 21:36:33.103 [info] ExtensionService#_doActivateExtension vscode.emmet, startup: false, activationEvent: 'onLanguage'
2024-05-14 21:36:33.192 [info] ExtensionService#_doActivateExtension charliermarsh.ruff, startup: false, activationEvent: 'onLanguage:python'
2024-05-14 21:36:33.203 [info] ExtensionService#_doActivateExtension HoangKimLai.ipython, startup: false, activationEvent: 'onLanguage:python'
2024-05-14 21:36:33.206 [info] ExtensionService#_doActivateExtension mikoz.black-py, startup: false, activationEvent: 'onLanguage:python'
2024-05-14 21:36:33.212 [info] ExtensionService#_doActivateExtension mikoz.isort-formatter, startup: false, activationEvent: 'onLanguage:python'
2024-05-14 21:36:33.217 [info] ExtensionService#_doActivateExtension ms-python.debugpy, startup: false, activationEvent: 'onLanguage:python'
2024-05-14 21:36:33.227 [info] ExtensionService#_doActivateExtension ms-python.isort, startup: false, activationEvent: 'onLanguage:python'
2024-05-14 21:36:33.246 [error] Activating extension ms-python.debugpy failed due to an error:
2024-05-14 21:36:33.246 [error] Error: Extension 'ms-python.debugpy' CANNOT use API proposal: portsAttributes.
Its package.json#enabledApiProposals-property declares:  but NOT portsAttributes.
 The missing proposal MUST be added and you must start in extension development mode or use the following command line switch: --enable-proposed-api ms-python.debugpy
	at v (/usr/lib/code/out/vs/workbench/api/node/extensionHostProcess.js:141:51558)
	at Object.registerPortAttributesProvider (/usr/lib/code/out/vs/workbench/api/node/extensionHostProcess.js:163:42097)
	at t.registerDebugger (/home/j/.vscode-oss/extensions/ms-python.debugpy-2024.6.0-linux-x64/dist/extension.js:2:880557)
	at e.activate (/home/j/.vscode-oss/extensions/ms-python.debugpy-2024.6.0-linux-x64/dist/extension.js:2:1128292)
	at Z.kb (/usr/lib/code/out/vs/workbench/api/node/extensionHostProcess.js:159:13415)
	at Z.jb (/usr/lib/code/out/vs/workbench/api/node/extensionHostProcess.js:159:13128)
	at /usr/lib/code/out/vs/workbench/api/node/extensionHostProcess.js:159:11153
	at async h.n (/usr/lib/code/out/vs/workbench/api/node/extensionHostProcess.js:143:6281)
	at async h.m (/usr/lib/code/out/vs/workbench/api/node/extensionHostProcess.js:143:6244)
	at async h.l (/usr/lib/code/out/vs/workbench/api/node/extensionHostProcess.js:143:5701)
2024-05-14 21:36:34.009 [error] Error: Extension 'ms-toolsai.jupyter' CANNOT use API proposal: notebookCellExecutionState.
Its package.json#enabledApiProposals-property declares:  but NOT notebookCellExecutionState.
 The missing proposal MUST be added and you must start in extension development mode or use the following command line switch: --enable-proposed-api ms-toolsai.jupyter
	at v (/usr/lib/code/out/vs/workbench/api/node/extensionHostProcess.js:141:51558)
	at Object.onDidChangeNotebookCellExecutionState (/usr/lib/code/out/vs/workbench/api/node/extensionHostProcess.js:163:46251)
	at new Gf (/home/j/.vscode-oss/extensions/ms-toolsai.jupyter-2024.3.1-universal/dist/extension.node.js:412:14723)
	at cW (/home/j/.vscode-oss/extensions/ms-toolsai.jupyter-2024.3.1-universal/dist/extension.node.js:7:19484)
	at GZ (/home/j/.vscode-oss/extensions/ms-toolsai.jupyter-2024.3.1-universal/dist/extension.node.js:7:19433)
	at ZZ (/home/j/.vscode-oss/extensions/ms-toolsai.jupyter-2024.3.1-universal/dist/extension.node.js:7:20945)
	at uee (/home/j/.vscode-oss/extensions/ms-toolsai.jupyter-2024.3.1-universal/dist/extension.node.js:7:24128)
	at /home/j/.vscode-oss/extensions/ms-toolsai.jupyter-2024.3.1-universal/dist/extension.node.js:7:24370
	at pee (/home/j/.vscode-oss/extensions/ms-toolsai.jupyter-2024.3.1-universal/dist/extension.node.js:7:24284)
	at dee (/home/j/.vscode-oss/extensions/ms-toolsai.jupyter-2024.3.1-universal/dist/extension.node.js:7:24345)
	at /home/j/.vscode-oss/extensions/ms-toolsai.jupyter-2024.3.1-universal/dist/extension.node.js:7:23553
	at /home/j/.vscode-oss/extensions/ms-toolsai.jupyter-2024.3.1-universal/dist/extension.node.js:7:23482
	at Array.map (<anonymous>)
	at /home/j/.vscode-oss/extensions/ms-toolsai.jupyter-2024.3.1-universal/dist/extension.node.js:7:23447
	at HZ.r.reduce.constructorInjections (/home/j/.vscode-oss/extensions/ms-toolsai.jupyter-2024.3.1-universal/dist/extension.node.js:7:19029)
	at Array.reduce (<anonymous>)
	at HZ (/home/j/.vscode-oss/extensions/ms-toolsai.jupyter-2024.3.1-universal/dist/extension.node.js:7:19002)
	at GZ (/home/j/.vscode-oss/extensions/ms-toolsai.jupyter-2024.3.1-universal/dist/extension.node.js:7:19379)
	at ZZ (/home/j/.vscode-oss/extensions/ms-toolsai.jupyter-2024.3.1-universal/dist/extension.node.js:7:20945)
	at uee (/home/j/.vscode-oss/extensions/ms-toolsai.jupyter-2024.3.1-universal/dist/extension.node.js:7:24128)
	at /home/j/.vscode-oss/extensions/ms-toolsai.jupyter-2024.3.1-universal/dist/extension.node.js:7:24370
	at pee (/home/j/.vscode-oss/extensions/ms-toolsai.jupyter-2024.3.1-universal/dist/extension.node.js:7:24284)
	at dee (/home/j/.vscode-oss/extensions/ms-toolsai.jupyter-2024.3.1-universal/dist/extension.node.js:7:24345)
	at /home/j/.vscode-oss/extensions/ms-toolsai.jupyter-2024.3.1-universal/dist/extension.node.js:7:23553
	at vee (/home/j/.vscode-oss/extensions/ms-toolsai.jupyter-2024.3.1-universal/dist/extension.node.js:7:25620)
	at /home/j/.vscode-oss/extensions/ms-toolsai.jupyter-2024.3.1-universal/dist/extension.node.js:7:55705
	at r._get (/home/j/.vscode-oss/extensions/ms-toolsai.jupyter-2024.3.1-universal/dist/extension.node.js:7:55052)
	at r._getButThrowIfAsync (/home/j/.vscode-oss/extensions/ms-toolsai.jupyter-2024.3.1-universal/dist/extension.node.js:7:55112)
	at r.get (/home/j/.vscode-oss/extensions/ms-toolsai.jupyter-2024.3.1-universal/dist/extension.node.js:7:50706)
	at Pe.get (/home/j/.vscode-oss/extensions/ms-toolsai.jupyter-2024.3.1-universal/dist/extension.node.js:80:3503)
	at FIe (/home/j/.vscode-oss/extensions/ms-toolsai.jupyter-2024.3.1-universal/dist/extension.node.js:474:1873)
2024-05-14 21:36:34.294 [error] Error: Extension 'ms-python.python' CANNOT use API proposal: testObserver.
Its package.json#enabledApiProposals-property declares:  but NOT testObserver.
 The missing proposal MUST be added and you must start in extension development mode or use the following command line switch: --enable-proposed-api ms-python.python
	at v (/usr/lib/code/out/vs/workbench/api/node/extensionHostProcess.js:141:51558)
	at get testResults [as testResults] (/usr/lib/code/out/vs/workbench/api/node/extensionHostProcess.js:163:24960)
	at T.activate (/home/j/.vscode-oss/extensions/ms-python.python-2024.4.1-universal/out/client/extension.js:2:775617)
	at /home/j/.vscode-oss/extensions/ms-python.python-2024.4.1-universal/out/client/extension.js:2:2460
	at Array.map (<anonymous>)
	at g.activateWorkspace (/home/j/.vscode-oss/extensions/ms-python.python-2024.4.1-universal/out/client/extension.js:2:2450)
2024-05-14 21:38:12.831 [info] Extension host terminating: renderer closed the MessagePort
2024-05-14 21:38:12.843 [error] Error: ENOENT: no such file or directory, open '/home/j/.config/Code - OSS/User/globalStorage/vscodevim.vim/.registers'
2024-05-14 21:38:12.853 [info] Extension host with pid 1014295 exiting with code 0
