2024-05-14 21:33:33.690 [info] Extension host with pid 1013514 started
2024-05-14 21:33:33.703 [info] ExtensionService#_doActivateExtension vscode.emmet, startup: false, activationEvent: 'onLanguage'
2024-05-14 21:33:33.718 [info] ExtensionService#_doActivateExtension vscode.git-base, startup: true, activationEvent: '*', root cause: vscode.git
2024-05-14 21:33:33.720 [info] ExtensionService#_doActivateExtension mlplatform.ml-kernel, startup: true, activationEvent: '*'
2024-05-14 21:33:33.760 [error] TypeError: Cannot read properties of undefined (reading 'webview')
	at a.value (/home/j/.vscode-oss/extensions/mlplatform.ml-kernel-0.0.7-universal/dist/extension.js:2:144040)
	at o.y (/usr/lib/code/out/vs/workbench/api/node/extensionHostProcess.js:82:660)
	at o.fire (/usr/lib/code/out/vs/workbench/api/node/extensionHostProcess.js:82:877)
	at t.<anonymous> (/home/j/.vscode-oss/extensions/mlplatform.ml-kernel-0.0.7-universal/dist/extension.js:2:123272)
	at /home/j/.vscode-oss/extensions/mlplatform.ml-kernel-0.0.7-universal/dist/extension.js:2:120148
	at Object.next (/home/j/.vscode-oss/extensions/mlplatform.ml-kernel-0.0.7-universal/dist/extension.js:2:120253)
	at a (/home/j/.vscode-oss/extensions/mlplatform.ml-kernel-0.0.7-universal/dist/extension.js:2:118990)
2024-05-14 21:33:33.760 [error] TypeError: Cannot read properties of undefined (reading 'webview')
	at a.value (/home/j/.vscode-oss/extensions/mlplatform.ml-kernel-0.0.7-universal/dist/extension.js:2:144040)
	at o.y (/usr/lib/code/out/vs/workbench/api/node/extensionHostProcess.js:82:660)
	at o.fire (/usr/lib/code/out/vs/workbench/api/node/extensionHostProcess.js:82:877)
	at t.<anonymous> (/home/j/.vscode-oss/extensions/mlplatform.ml-kernel-0.0.7-universal/dist/extension.js:2:123272)
	at /home/j/.vscode-oss/extensions/mlplatform.ml-kernel-0.0.7-universal/dist/extension.js:2:120148
	at Object.next (/home/j/.vscode-oss/extensions/mlplatform.ml-kernel-0.0.7-universal/dist/extension.js:2:120253)
	at a (/home/j/.vscode-oss/extensions/mlplatform.ml-kernel-0.0.7-universal/dist/extension.js:2:118990)
2024-05-14 21:33:33.765 [info] ExtensionService#_doActivateExtension vscode.git, startup: true, activationEvent: '*'
2024-05-14 21:33:33.784 [info] ExtensionService#_doActivateExtension vscode.github, startup: true, activationEvent: '*'
2024-05-14 21:33:33.830 [info] Eager extensions activated
2024-05-14 21:33:33.846 [info] ExtensionService#_doActivateExtension vscode.debug-auto-launch, startup: false, activationEvent: 'onStartupFinished'
2024-05-14 21:33:33.848 [info] ExtensionService#_doActivateExtension vscode.merge-conflict, startup: false, activationEvent: 'onStartupFinished'
2024-05-14 21:33:33.852 [info] ExtensionService#_doActivateExtension Codeium.codeium, startup: false, activationEvent: 'onStartupFinished'
2024-05-14 21:33:33.958 [info] ExtensionService#_doActivateExtension formulahendry.code-runner, startup: false, activationEvent: 'onStartupFinished'
2024-05-14 21:34:25.909 [info] Extension host terminating: renderer closed the MessagePort
2024-05-14 21:34:25.920 [info] Extension host with pid 1013514 exiting with code 0
2024-05-14 21:34:26.811 [info] Extension host with pid 1013762 started
2024-05-14 21:34:26.811 [info] Skipping acquiring lock for /home/j/.config/Code - OSS/User/workspaceStorage/589c01df22f501b49dad99dbc0565ab1.
2024-05-14 21:34:26.835 [info] ExtensionService#_doActivateExtension vscode.git-base, startup: true, activationEvent: '*', root cause: vscode.git
2024-05-14 21:34:26.838 [info] ExtensionService#_doActivateExtension mlplatform.ml-kernel, startup: true, activationEvent: '*'
2024-05-14 21:34:26.879 [info] ExtensionService#_doActivateExtension vscode.git, startup: true, activationEvent: '*'
2024-05-14 21:34:26.895 [info] ExtensionService#_doActivateExtension vscode.github, startup: true, activationEvent: '*'
2024-05-14 21:34:26.912 [error] TypeError: Cannot read properties of undefined (reading 'webview')
	at a.value (/home/j/.vscode-oss/extensions/mlplatform.ml-kernel-0.0.7-universal/dist/extension.js:2:144040)
	at o.y (/usr/lib/code/out/vs/workbench/api/node/extensionHostProcess.js:82:660)
	at o.fire (/usr/lib/code/out/vs/workbench/api/node/extensionHostProcess.js:82:877)
	at t.<anonymous> (/home/j/.vscode-oss/extensions/mlplatform.ml-kernel-0.0.7-universal/dist/extension.js:2:123272)
	at /home/j/.vscode-oss/extensions/mlplatform.ml-kernel-0.0.7-universal/dist/extension.js:2:120148
	at Object.next (/home/j/.vscode-oss/extensions/mlplatform.ml-kernel-0.0.7-universal/dist/extension.js:2:120253)
	at a (/home/j/.vscode-oss/extensions/mlplatform.ml-kernel-0.0.7-universal/dist/extension.js:2:118990)
2024-05-14 21:34:26.914 [error] TypeError: Cannot read properties of undefined (reading 'webview')
	at a.value (/home/j/.vscode-oss/extensions/mlplatform.ml-kernel-0.0.7-universal/dist/extension.js:2:144040)
	at o.y (/usr/lib/code/out/vs/workbench/api/node/extensionHostProcess.js:82:660)
	at o.fire (/usr/lib/code/out/vs/workbench/api/node/extensionHostProcess.js:82:877)
	at t.<anonymous> (/home/j/.vscode-oss/extensions/mlplatform.ml-kernel-0.0.7-universal/dist/extension.js:2:123272)
	at /home/j/.vscode-oss/extensions/mlplatform.ml-kernel-0.0.7-universal/dist/extension.js:2:120148
	at Object.next (/home/j/.vscode-oss/extensions/mlplatform.ml-kernel-0.0.7-universal/dist/extension.js:2:120253)
	at a (/home/j/.vscode-oss/extensions/mlplatform.ml-kernel-0.0.7-universal/dist/extension.js:2:118990)
2024-05-14 21:34:26.981 [info] Eager extensions activated
2024-05-14 21:34:27.012 [info] ExtensionService#_doActivateExtension vscode.debug-auto-launch, startup: false, activationEvent: 'onStartupFinished'
2024-05-14 21:34:27.014 [info] ExtensionService#_doActivateExtension vscode.merge-conflict, startup: false, activationEvent: 'onStartupFinished'
2024-05-14 21:34:27.019 [info] ExtensionService#_doActivateExtension Codeium.codeium, startup: false, activationEvent: 'onStartupFinished'
2024-05-14 21:34:27.118 [info] ExtensionService#_doActivateExtension formulahendry.code-runner, startup: false, activationEvent: 'onStartupFinished'
2024-05-14 21:34:57.551 [info] ExtensionService#_doActivateExtension vscode.emmet, startup: false, activationEvent: 'onLanguage'
2024-05-14 21:35:24.284 [info] ExtensionService#_doActivateExtension vscodevim.vim, startup: false, activationEvent: 'onStartupFinished'
2024-05-14 21:35:25.364 [error] Error: ENOENT: no such file or directory, open '/home/j/.config/Code - OSS/User/globalStorage/vscodevim.vim/.registers'
2024-05-14 21:35:46.314 [info] ExtensionService#_doActivateExtension vscode.ipynb, startup: false, activationEvent: 'onNotebookSerializer:jupyter-notebook'
2024-05-14 21:35:46.361 [info] ExtensionService#_doActivateExtension ms-toolsai.jupyter, startup: false, activationEvent: 'onNotebook:jupyter-notebook'
2024-05-14 21:35:46.364 [info] ExtensionService#_doActivateExtension ms-toolsai.vscode-jupyter-cell-tags, startup: false, activationEvent: 'onNotebook:jupyter-notebook'
2024-05-14 21:35:46.368 [info] ExtensionService#_doActivateExtension ms-toolsai.vscode-jupyter-slideshow, startup: false, activationEvent: 'onNotebook:jupyter-notebook'
2024-05-14 21:35:46.370 [info] ExtensionService#_doActivateExtension ms-toolsai.jupyter-renderers, startup: false, activationEvent: 'onNotebook:*'
2024-05-14 21:35:46.658 [info] ExtensionService#_doActivateExtension ms-python.python, startup: false, activationEvent: 'api', root cause: ms-toolsai.jupyter
2024-05-14 21:35:46.800 [info] ExtensionService#_doActivateExtension KevinRose.vsc-python-indent, startup: false, activationEvent: 'onLanguage:python'
2024-05-14 21:35:46.810 [info] ExtensionService#_doActivateExtension tht13.python, startup: false, activationEvent: 'onLanguage:python'
2024-05-14 21:35:46.819 [info] ExtensionService#_doActivateExtension virgilsisoe.python-auto-import, startup: false, activationEvent: 'onLanguage:python'
2024-05-14 21:35:46.908 [info] ExtensionService#_doActivateExtension charliermarsh.ruff, startup: false, activationEvent: 'onLanguage:python'
2024-05-14 21:35:46.934 [info] ExtensionService#_doActivateExtension HoangKimLai.ipython, startup: false, activationEvent: 'onLanguage:python'
2024-05-14 21:35:46.940 [info] ExtensionService#_doActivateExtension mikoz.black-py, startup: false, activationEvent: 'onLanguage:python'
2024-05-14 21:35:46.950 [info] ExtensionService#_doActivateExtension mikoz.isort-formatter, startup: false, activationEvent: 'onLanguage:python'
2024-05-14 21:35:46.961 [info] ExtensionService#_doActivateExtension ms-python.debugpy, startup: false, activationEvent: 'onLanguage:python'
2024-05-14 21:35:46.999 [info] ExtensionService#_doActivateExtension ms-python.isort, startup: false, activationEvent: 'onLanguage:python'
2024-05-14 21:35:47.049 [error] Activating extension ms-python.debugpy failed due to an error:
2024-05-14 21:35:47.050 [error] Error: Extension 'ms-python.debugpy' CANNOT use API proposal: portsAttributes.
Its package.json#enabledApiProposals-property declares:  but NOT portsAttributes.
 The missing proposal MUST be added and you must start in extension development mode or use the following command line switch: --enable-proposed-api ms-python.debugpy
	at v (/usr/lib/code/out/vs/workbench/api/node/extensionHostProcess.js:141:51558)
	at Object.registerPortAttributesProvider (/usr/lib/code/out/vs/workbench/api/node/extensionHostProcess.js:163:42097)
	at t.registerDebugger (/home/j/.vscode-oss/extensions/ms-python.debugpy-2024.6.0-linux-x64/dist/extension.js:2:880557)
	at e.activate (/home/j/.vscode-oss/extensions/ms-python.debugpy-2024.6.0-linux-x64/dist/extension.js:2:1128292)
	at Z.kb (/usr/lib/code/out/vs/workbench/api/node/extensionHostProcess.js:159:13415)
	at Z.jb (/usr/lib/code/out/vs/workbench/api/node/extensionHostProcess.js:159:13128)
	at /usr/lib/code/out/vs/workbench/api/node/extensionHostProcess.js:159:11153
	at async h.n (/usr/lib/code/out/vs/workbench/api/node/extensionHostProcess.js:143:6281)
	at async h.m (/usr/lib/code/out/vs/workbench/api/node/extensionHostProcess.js:143:6244)
	at async h.l (/usr/lib/code/out/vs/workbench/api/node/extensionHostProcess.js:143:5701)
2024-05-14 21:35:47.643 [error] Error: Extension 'ms-toolsai.jupyter' CANNOT use API proposal: notebookCellExecutionState.
Its package.json#enabledApiProposals-property declares:  but NOT notebookCellExecutionState.
 The missing proposal MUST be added and you must start in extension development mode or use the following command line switch: --enable-proposed-api ms-toolsai.jupyter
	at v (/usr/lib/code/out/vs/workbench/api/node/extensionHostProcess.js:141:51558)
	at Object.onDidChangeNotebookCellExecutionState (/usr/lib/code/out/vs/workbench/api/node/extensionHostProcess.js:163:46251)
	at new Gf (/home/j/.vscode-oss/extensions/ms-toolsai.jupyter-2024.3.1-universal/dist/extension.node.js:412:14723)
	at cW (/home/j/.vscode-oss/extensions/ms-toolsai.jupyter-2024.3.1-universal/dist/extension.node.js:7:19484)
	at GZ (/home/j/.vscode-oss/extensions/ms-toolsai.jupyter-2024.3.1-universal/dist/extension.node.js:7:19433)
	at ZZ (/home/j/.vscode-oss/extensions/ms-toolsai.jupyter-2024.3.1-universal/dist/extension.node.js:7:20945)
	at uee (/home/j/.vscode-oss/extensions/ms-toolsai.jupyter-2024.3.1-universal/dist/extension.node.js:7:24128)
	at /home/j/.vscode-oss/extensions/ms-toolsai.jupyter-2024.3.1-universal/dist/extension.node.js:7:24370
	at pee (/home/j/.vscode-oss/extensions/ms-toolsai.jupyter-2024.3.1-universal/dist/extension.node.js:7:24284)
	at dee (/home/j/.vscode-oss/extensions/ms-toolsai.jupyter-2024.3.1-universal/dist/extension.node.js:7:24345)
	at /home/j/.vscode-oss/extensions/ms-toolsai.jupyter-2024.3.1-universal/dist/extension.node.js:7:23553
	at /home/j/.vscode-oss/extensions/ms-toolsai.jupyter-2024.3.1-universal/dist/extension.node.js:7:23482
	at Array.map (<anonymous>)
	at /home/j/.vscode-oss/extensions/ms-toolsai.jupyter-2024.3.1-universal/dist/extension.node.js:7:23447
	at HZ.r.reduce.constructorInjections (/home/j/.vscode-oss/extensions/ms-toolsai.jupyter-2024.3.1-universal/dist/extension.node.js:7:19029)
	at Array.reduce (<anonymous>)
	at HZ (/home/j/.vscode-oss/extensions/ms-toolsai.jupyter-2024.3.1-universal/dist/extension.node.js:7:19002)
	at GZ (/home/j/.vscode-oss/extensions/ms-toolsai.jupyter-2024.3.1-universal/dist/extension.node.js:7:19379)
	at ZZ (/home/j/.vscode-oss/extensions/ms-toolsai.jupyter-2024.3.1-universal/dist/extension.node.js:7:20945)
	at uee (/home/j/.vscode-oss/extensions/ms-toolsai.jupyter-2024.3.1-universal/dist/extension.node.js:7:24128)
	at /home/j/.vscode-oss/extensions/ms-toolsai.jupyter-2024.3.1-universal/dist/extension.node.js:7:24370
	at pee (/home/j/.vscode-oss/extensions/ms-toolsai.jupyter-2024.3.1-universal/dist/extension.node.js:7:24284)
	at dee (/home/j/.vscode-oss/extensions/ms-toolsai.jupyter-2024.3.1-universal/dist/extension.node.js:7:24345)
	at /home/j/.vscode-oss/extensions/ms-toolsai.jupyter-2024.3.1-universal/dist/extension.node.js:7:23553
	at vee (/home/j/.vscode-oss/extensions/ms-toolsai.jupyter-2024.3.1-universal/dist/extension.node.js:7:25620)
	at /home/j/.vscode-oss/extensions/ms-toolsai.jupyter-2024.3.1-universal/dist/extension.node.js:7:55705
	at r._get (/home/j/.vscode-oss/extensions/ms-toolsai.jupyter-2024.3.1-universal/dist/extension.node.js:7:55052)
	at r._getButThrowIfAsync (/home/j/.vscode-oss/extensions/ms-toolsai.jupyter-2024.3.1-universal/dist/extension.node.js:7:55112)
	at r.get (/home/j/.vscode-oss/extensions/ms-toolsai.jupyter-2024.3.1-universal/dist/extension.node.js:7:50706)
	at Pe.get (/home/j/.vscode-oss/extensions/ms-toolsai.jupyter-2024.3.1-universal/dist/extension.node.js:80:3503)
	at FIe (/home/j/.vscode-oss/extensions/ms-toolsai.jupyter-2024.3.1-universal/dist/extension.node.js:474:1873)
2024-05-14 21:35:49.360 [error] Error: Extension 'ms-python.python' CANNOT use API proposal: testObserver.
Its package.json#enabledApiProposals-property declares:  but NOT testObserver.
 The missing proposal MUST be added and you must start in extension development mode or use the following command line switch: --enable-proposed-api ms-python.python
	at v (/usr/lib/code/out/vs/workbench/api/node/extensionHostProcess.js:141:51558)
	at get testResults [as testResults] (/usr/lib/code/out/vs/workbench/api/node/extensionHostProcess.js:163:24960)
	at T.activate (/home/j/.vscode-oss/extensions/ms-python.python-2024.4.1-universal/out/client/extension.js:2:775617)
	at /home/j/.vscode-oss/extensions/ms-python.python-2024.4.1-universal/out/client/extension.js:2:2460
	at Array.map (<anonymous>)
	at g.activateWorkspace (/home/j/.vscode-oss/extensions/ms-python.python-2024.4.1-universal/out/client/extension.js:2:2450)
2024-05-14 21:35:59.471 [info] Extension host terminating: renderer closed the MessagePort
2024-05-14 21:35:59.488 [error] Error: ENOENT: no such file or directory, open '/home/j/.config/Code - OSS/User/globalStorage/vscodevim.vim/.registers'
2024-05-14 21:35:59.497 [info] Extension host with pid 1013762 exiting with code 0
