2024-05-14 21:36:33.303 [info] Name: Ruff
2024-05-14 21:36:33.303 [info] Module: ruff
2024-05-14 21:36:33.303 [info] Python extension loading
2024-05-14 21:36:33.303 [info] Waiting for interpreter from python extension.
2024-05-14 21:36:33.303 [info] Python extension loaded
2024-05-14 21:36:33.303 [info] Server run command: /bin/python /home/j/.vscode-oss/extensions/charliermarsh.ruff-2024.20.0-linux-x64/bundled/tool/server.py
2024-05-14 21:36:33.303 [info] Server: Start requested.
2024-05-14 21:36:33.636 [info] 2024-05-14 21:36:33,635 INFO Starting IO server

2024-05-14 21:36:33.666 [info] Workspace settings: [
    {
        "cwd": "/home/j/dsc/learnml",
        "workspace": "file:///home/j/dsc/learnml",
        "path": [],
        "ignoreStandardLibrary": true,
        "interpreter": [
            "/bin/python"
        ],
        "importStrategy": "fromEnvironment",
        "codeAction": {
            "fixViolation": {
                "enable": true
            },
            "disableRuleComment": {
                "enable": true
            }
        },
        "lint": {
            "enable": true,
            "run": "onType",
            "args": []
        },
        "format": {
            "args": []
        },
        "enable": true,
        "organizeImports": true,
        "fixAll": true,
        "showNotifications": "off"
    }
]
2024-05-14 21:36:33.666 [info] Global settings: {
    "cwd": "/home/j",
    "workspace": "/home/j",
    "path": [],
    "ignoreStandardLibrary": true,
    "interpreter": [],
    "importStrategy": "fromEnvironment",
    "codeAction": {
        "fixViolation": {
            "enable": true
        },
        "disableRuleComment": {
            "enable": true
        }
    },
    "lint": {
        "enable": true,
        "run": "onType",
        "args": []
    },
    "format": {
        "args": []
    },
    "enable": true,
    "organizeImports": true,
    "fixAll": true,
    "showNotifications": "off"
}
2024-05-14 21:36:33.685 [info] [Trace - 9:36:33 PM] Sending request 'textDocument/codeAction - (1)'.
2024-05-14 21:36:33.686 [info] [Trace - 9:36:33 PM] Received notification 'window/logMessage'.
2024-05-14 21:36:33.686 [info] Interpreter executable (/usr/bin/ruff) not found
2024-05-14 21:36:33.686 [info] [Trace - 9:36:33 PM] Received notification 'window/logMessage'.
2024-05-14 21:36:33.686 [info] Falling back to bundled executable: /home/j/.vscode-oss/extensions/charliermarsh.ruff-2024.20.0-linux-x64/bundled/libs/bin/ruff
2024-05-14 21:36:33.686 [info] [Trace - 9:36:33 PM] Received notification 'window/logMessage'.
2024-05-14 21:36:33.686 [info] Inferred version 0.4.1 for: /home/j/.vscode-oss/extensions/charliermarsh.ruff-2024.20.0-linux-x64/bundled/libs/bin/ruff
2024-05-14 21:36:33.686 [info] [Trace - 9:36:33 PM] Received notification 'window/logMessage'.
2024-05-14 21:36:33.686 [info] Found ruff 0.4.1 at /home/j/.vscode-oss/extensions/charliermarsh.ruff-2024.20.0-linux-x64/bundled/libs/bin/ruff
2024-05-14 21:36:33.687 [info] [Trace - 9:36:33 PM] Received notification 'window/logMessage'.
2024-05-14 21:36:33.687 [info] Running Ruff with: /home/j/.vscode-oss/extensions/charliermarsh.ruff-2024.20.0-linux-x64/bundled/libs/bin/ruff ['check', '--force-exclude', '--no-cache', '--no-fix', '--quiet', '--output-format', 'json', '-', '--stdin-filename', '/home/j/dsc/learnml/numpy/numpy_intro.ipynb']
2024-05-14 21:36:33.691 [info] [Trace - 9:36:33 PM] Received response 'textDocument/codeAction - (1)' in 6ms.
2024-05-14 21:36:33.719 [info] [Trace - 9:36:33 PM] Sending request 'textDocument/codeAction - (2)'.
2024-05-14 21:36:33.720 [info] [Trace - 9:36:33 PM] Received response 'textDocument/codeAction - (2)' in 1ms.
2024-05-14 21:36:33.757 [info] [Trace - 9:36:33 PM] Sending request 'textDocument/codeAction - (3)'.
2024-05-14 21:36:33.758 [info] [Trace - 9:36:33 PM] Received response 'textDocument/codeAction - (3)' in 1ms.
2024-05-14 21:36:54.274 [info] [Trace - 9:36:54 PM] Sending notification 'notebookDocument/didChange'.
2024-05-14 21:36:54.278 [info] [Trace - 9:36:54 PM] Received notification 'window/logMessage'.
2024-05-14 21:36:54.278 [info] Interpreter executable (/usr/bin/ruff) not found
2024-05-14 21:36:54.278 [info] [Trace - 9:36:54 PM] Received notification 'window/logMessage'.
2024-05-14 21:36:54.278 [info] Falling back to bundled executable: /home/j/.vscode-oss/extensions/charliermarsh.ruff-2024.20.0-linux-x64/bundled/libs/bin/ruff
2024-05-14 21:36:54.278 [info] [Trace - 9:36:54 PM] Received notification 'window/logMessage'.
2024-05-14 21:36:54.278 [info] Found ruff 0.4.1 at /home/j/.vscode-oss/extensions/charliermarsh.ruff-2024.20.0-linux-x64/bundled/libs/bin/ruff
2024-05-14 21:36:54.278 [info] [Trace - 9:36:54 PM] Received notification 'window/logMessage'.
2024-05-14 21:36:54.278 [info] Running Ruff with: /home/j/.vscode-oss/extensions/charliermarsh.ruff-2024.20.0-linux-x64/bundled/libs/bin/ruff ['check', '--force-exclude', '--no-cache', '--no-fix', '--quiet', '--output-format', 'json', '-', '--stdin-filename', '/home/j/dsc/learnml/numpy/numpy_intro.ipynb']
2024-05-14 21:36:54.293 [info] [Trace - 9:36:54 PM] Received notification 'textDocument/publishDiagnostics'.
2024-05-14 21:36:54.533 [info] [Trace - 9:36:54 PM] Sending request 'textDocument/codeAction - (4)'.
2024-05-14 21:36:54.536 [info] [Trace - 9:36:54 PM] Received response 'textDocument/codeAction - (4)' in 3ms.
2024-05-14 21:36:54.673 [info] [Trace - 9:36:54 PM] Sending notification 'notebookDocument/didChange'.
2024-05-14 21:36:54.675 [info] [Trace - 9:36:54 PM] Received notification 'window/logMessage'.
2024-05-14 21:36:54.675 [info] Interpreter executable (/usr/bin/ruff) not found
2024-05-14 21:36:54.675 [info] [Trace - 9:36:54 PM] Received notification 'window/logMessage'.
2024-05-14 21:36:54.675 [info] Falling back to bundled executable: /home/j/.vscode-oss/extensions/charliermarsh.ruff-2024.20.0-linux-x64/bundled/libs/bin/ruff
2024-05-14 21:36:54.676 [info] [Trace - 9:36:54 PM] Received notification 'window/logMessage'.
2024-05-14 21:36:54.676 [info] Found ruff 0.4.1 at /home/j/.vscode-oss/extensions/charliermarsh.ruff-2024.20.0-linux-x64/bundled/libs/bin/ruff
2024-05-14 21:36:54.676 [info] [Trace - 9:36:54 PM] Received notification 'window/logMessage'.
2024-05-14 21:36:54.676 [info] Running Ruff with: /home/j/.vscode-oss/extensions/charliermarsh.ruff-2024.20.0-linux-x64/bundled/libs/bin/ruff ['check', '--force-exclude', '--no-cache', '--no-fix', '--quiet', '--output-format', 'json', '-', '--stdin-filename', '/home/j/dsc/learnml/numpy/numpy_intro.ipynb']
2024-05-14 21:36:54.683 [info] [Trace - 9:36:54 PM] Received notification 'textDocument/publishDiagnostics'.
2024-05-14 21:36:54.920 [info] [Trace - 9:36:54 PM] Sending notification 'notebookDocument/didChange'.
2024-05-14 21:36:54.923 [info] [Trace - 9:36:54 PM] Received notification 'window/logMessage'.
2024-05-14 21:36:54.924 [info] Interpreter executable (/usr/bin/ruff) not found
2024-05-14 21:36:54.924 [info] [Trace - 9:36:54 PM] Received notification 'window/logMessage'.
2024-05-14 21:36:54.924 [info] Falling back to bundled executable: /home/j/.vscode-oss/extensions/charliermarsh.ruff-2024.20.0-linux-x64/bundled/libs/bin/ruff
2024-05-14 21:36:54.924 [info] [Trace - 9:36:54 PM] Received notification 'window/logMessage'.
2024-05-14 21:36:54.924 [info] Found ruff 0.4.1 at /home/j/.vscode-oss/extensions/charliermarsh.ruff-2024.20.0-linux-x64/bundled/libs/bin/ruff
2024-05-14 21:36:54.924 [info] [Trace - 9:36:54 PM] Received notification 'window/logMessage'.
2024-05-14 21:36:54.924 [info] Running Ruff with: /home/j/.vscode-oss/extensions/charliermarsh.ruff-2024.20.0-linux-x64/bundled/libs/bin/ruff ['check', '--force-exclude', '--no-cache', '--no-fix', '--quiet', '--output-format', 'json', '-', '--stdin-filename', '/home/j/dsc/learnml/numpy/numpy_intro.ipynb']
2024-05-14 21:36:54.930 [info] [Trace - 9:36:54 PM] Received notification 'textDocument/publishDiagnostics'.
2024-05-14 21:36:55.105 [info] [Trace - 9:36:55 PM] Sending notification 'notebookDocument/didChange'.
2024-05-14 21:36:55.107 [info] [Trace - 9:36:55 PM] Received notification 'window/logMessage'.
2024-05-14 21:36:55.107 [info] Interpreter executable (/usr/bin/ruff) not found
2024-05-14 21:36:55.107 [info] [Trace - 9:36:55 PM] Received notification 'window/logMessage'.
2024-05-14 21:36:55.107 [info] Falling back to bundled executable: /home/j/.vscode-oss/extensions/charliermarsh.ruff-2024.20.0-linux-x64/bundled/libs/bin/ruff
2024-05-14 21:36:55.107 [info] [Trace - 9:36:55 PM] Received notification 'window/logMessage'.
2024-05-14 21:36:55.107 [info] Found ruff 0.4.1 at /home/j/.vscode-oss/extensions/charliermarsh.ruff-2024.20.0-linux-x64/bundled/libs/bin/ruff
2024-05-14 21:36:55.107 [info] [Trace - 9:36:55 PM] Received notification 'window/logMessage'.
2024-05-14 21:36:55.107 [info] Running Ruff with: /home/j/.vscode-oss/extensions/charliermarsh.ruff-2024.20.0-linux-x64/bundled/libs/bin/ruff ['check', '--force-exclude', '--no-cache', '--no-fix', '--quiet', '--output-format', 'json', '-', '--stdin-filename', '/home/j/dsc/learnml/numpy/numpy_intro.ipynb']
2024-05-14 21:36:55.111 [info] [Trace - 9:36:55 PM] Received notification 'textDocument/publishDiagnostics'.
2024-05-14 21:36:55.361 [info] [Trace - 9:36:55 PM] Sending request 'textDocument/codeAction - (5)'.
2024-05-14 21:36:55.365 [info] [Trace - 9:36:55 PM] Received response 'textDocument/codeAction - (5)' in 4ms.
2024-05-14 21:36:56.223 [info] [Trace - 9:36:56 PM] Sending notification 'notebookDocument/didChange'.
2024-05-14 21:36:56.225 [info] [Trace - 9:36:56 PM] Received notification 'window/logMessage'.
2024-05-14 21:36:56.225 [info] Interpreter executable (/usr/bin/ruff) not found
2024-05-14 21:36:56.226 [info] [Trace - 9:36:56 PM] Received notification 'window/logMessage'.
2024-05-14 21:36:56.226 [info] Falling back to bundled executable: /home/j/.vscode-oss/extensions/charliermarsh.ruff-2024.20.0-linux-x64/bundled/libs/bin/ruff
2024-05-14 21:36:56.226 [info] [Trace - 9:36:56 PM] Received notification 'window/logMessage'.
2024-05-14 21:36:56.226 [info] Found ruff 0.4.1 at /home/j/.vscode-oss/extensions/charliermarsh.ruff-2024.20.0-linux-x64/bundled/libs/bin/ruff
2024-05-14 21:36:56.226 [info] [Trace - 9:36:56 PM] Received notification 'window/logMessage'.
2024-05-14 21:36:56.226 [info] Running Ruff with: /home/j/.vscode-oss/extensions/charliermarsh.ruff-2024.20.0-linux-x64/bundled/libs/bin/ruff ['check', '--force-exclude', '--no-cache', '--no-fix', '--quiet', '--output-format', 'json', '-', '--stdin-filename', '/home/j/dsc/learnml/numpy/numpy_intro.ipynb']
2024-05-14 21:36:56.230 [info] [Trace - 9:36:56 PM] Received notification 'textDocument/publishDiagnostics'.
2024-05-14 21:36:56.356 [info] [Trace - 9:36:56 PM] Sending notification 'notebookDocument/didChange'.
2024-05-14 21:36:56.358 [info] [Trace - 9:36:56 PM] Received notification 'window/logMessage'.
2024-05-14 21:36:56.358 [info] Interpreter executable (/usr/bin/ruff) not found
2024-05-14 21:36:56.359 [info] [Trace - 9:36:56 PM] Received notification 'window/logMessage'.
2024-05-14 21:36:56.359 [info] Falling back to bundled executable: /home/j/.vscode-oss/extensions/charliermarsh.ruff-2024.20.0-linux-x64/bundled/libs/bin/ruff
2024-05-14 21:36:56.363 [info] [Trace - 9:36:56 PM] Received notification 'window/logMessage'.
2024-05-14 21:36:56.363 [info] Found ruff 0.4.1 at /home/j/.vscode-oss/extensions/charliermarsh.ruff-2024.20.0-linux-x64/bundled/libs/bin/ruff
2024-05-14 21:36:56.363 [info] [Trace - 9:36:56 PM] Received notification 'window/logMessage'.
2024-05-14 21:36:56.363 [info] Running Ruff with: /home/j/.vscode-oss/extensions/charliermarsh.ruff-2024.20.0-linux-x64/bundled/libs/bin/ruff ['check', '--force-exclude', '--no-cache', '--no-fix', '--quiet', '--output-format', 'json', '-', '--stdin-filename', '/home/j/dsc/learnml/numpy/numpy_intro.ipynb']
2024-05-14 21:36:56.366 [info] [Trace - 9:36:56 PM] Received notification 'textDocument/publishDiagnostics'.
2024-05-14 21:36:56.470 [info] [Trace - 9:36:56 PM] Sending notification 'notebookDocument/didChange'.
2024-05-14 21:36:56.473 [info] [Trace - 9:36:56 PM] Received notification 'window/logMessage'.
2024-05-14 21:36:56.473 [info] Interpreter executable (/usr/bin/ruff) not found
2024-05-14 21:36:56.474 [info] [Trace - 9:36:56 PM] Received notification 'window/logMessage'.
2024-05-14 21:36:56.474 [info] Falling back to bundled executable: /home/j/.vscode-oss/extensions/charliermarsh.ruff-2024.20.0-linux-x64/bundled/libs/bin/ruff
2024-05-14 21:36:56.474 [info] [Trace - 9:36:56 PM] Received notification 'window/logMessage'.
2024-05-14 21:36:56.474 [info] Found ruff 0.4.1 at /home/j/.vscode-oss/extensions/charliermarsh.ruff-2024.20.0-linux-x64/bundled/libs/bin/ruff
2024-05-14 21:36:56.475 [info] [Trace - 9:36:56 PM] Received notification 'window/logMessage'.
2024-05-14 21:36:56.475 [info] Running Ruff with: /home/j/.vscode-oss/extensions/charliermarsh.ruff-2024.20.0-linux-x64/bundled/libs/bin/ruff ['check', '--force-exclude', '--no-cache', '--no-fix', '--quiet', '--output-format', 'json', '-', '--stdin-filename', '/home/j/dsc/learnml/numpy/numpy_intro.ipynb']
2024-05-14 21:36:56.483 [info] [Trace - 9:36:56 PM] Received notification 'textDocument/publishDiagnostics'.
2024-05-14 21:36:56.634 [info] [Trace - 9:36:56 PM] Sending notification 'notebookDocument/didChange'.
2024-05-14 21:36:56.638 [info] [Trace - 9:36:56 PM] Received notification 'window/logMessage'.
2024-05-14 21:36:56.638 [info] Interpreter executable (/usr/bin/ruff) not found
2024-05-14 21:36:56.638 [info] [Trace - 9:36:56 PM] Received notification 'window/logMessage'.
2024-05-14 21:36:56.638 [info] Falling back to bundled executable: /home/j/.vscode-oss/extensions/charliermarsh.ruff-2024.20.0-linux-x64/bundled/libs/bin/ruff
2024-05-14 21:36:56.639 [info] [Trace - 9:36:56 PM] Received notification 'window/logMessage'.
2024-05-14 21:36:56.639 [info] Found ruff 0.4.1 at /home/j/.vscode-oss/extensions/charliermarsh.ruff-2024.20.0-linux-x64/bundled/libs/bin/ruff
2024-05-14 21:36:56.639 [info] [Trace - 9:36:56 PM] Received notification 'window/logMessage'.
2024-05-14 21:36:56.639 [info] Running Ruff with: /home/j/.vscode-oss/extensions/charliermarsh.ruff-2024.20.0-linux-x64/bundled/libs/bin/ruff ['check', '--force-exclude', '--no-cache', '--no-fix', '--quiet', '--output-format', 'json', '-', '--stdin-filename', '/home/j/dsc/learnml/numpy/numpy_intro.ipynb']
2024-05-14 21:36:56.648 [info] [Trace - 9:36:56 PM] Received notification 'textDocument/publishDiagnostics'.
2024-05-14 21:36:56.889 [info] [Trace - 9:36:56 PM] Sending request 'textDocument/codeAction - (6)'.
2024-05-14 21:36:56.892 [info] [Trace - 9:36:56 PM] Received response 'textDocument/codeAction - (6)' in 3ms.
2024-05-14 21:36:57.173 [info] [Trace - 9:36:57 PM] Sending notification 'notebookDocument/didChange'.
2024-05-14 21:36:57.176 [info] [Trace - 9:36:57 PM] Received notification 'window/logMessage'.
2024-05-14 21:36:57.176 [info] Interpreter executable (/usr/bin/ruff) not found
2024-05-14 21:36:57.176 [info] [Trace - 9:36:57 PM] Received notification 'window/logMessage'.
2024-05-14 21:36:57.176 [info] Falling back to bundled executable: /home/j/.vscode-oss/extensions/charliermarsh.ruff-2024.20.0-linux-x64/bundled/libs/bin/ruff
2024-05-14 21:36:57.177 [info] [Trace - 9:36:57 PM] Received notification 'window/logMessage'.
2024-05-14 21:36:57.177 [info] Found ruff 0.4.1 at /home/j/.vscode-oss/extensions/charliermarsh.ruff-2024.20.0-linux-x64/bundled/libs/bin/ruff
2024-05-14 21:36:57.177 [info] [Trace - 9:36:57 PM] Received notification 'window/logMessage'.
2024-05-14 21:36:57.177 [info] Running Ruff with: /home/j/.vscode-oss/extensions/charliermarsh.ruff-2024.20.0-linux-x64/bundled/libs/bin/ruff ['check', '--force-exclude', '--no-cache', '--no-fix', '--quiet', '--output-format', 'json', '-', '--stdin-filename', '/home/j/dsc/learnml/numpy/numpy_intro.ipynb']
2024-05-14 21:36:57.181 [info] [Trace - 9:36:57 PM] Received notification 'textDocument/publishDiagnostics'.
2024-05-14 21:36:57.333 [info] [Trace - 9:36:57 PM] Sending notification 'notebookDocument/didChange'.
2024-05-14 21:36:57.335 [info] [Trace - 9:36:57 PM] Received notification 'window/logMessage'.
2024-05-14 21:36:57.335 [info] Interpreter executable (/usr/bin/ruff) not found
2024-05-14 21:36:57.335 [info] [Trace - 9:36:57 PM] Received notification 'window/logMessage'.
2024-05-14 21:36:57.335 [info] Falling back to bundled executable: /home/j/.vscode-oss/extensions/charliermarsh.ruff-2024.20.0-linux-x64/bundled/libs/bin/ruff
2024-05-14 21:36:57.336 [info] [Trace - 9:36:57 PM] Received notification 'window/logMessage'.
2024-05-14 21:36:57.336 [info] Found ruff 0.4.1 at /home/j/.vscode-oss/extensions/charliermarsh.ruff-2024.20.0-linux-x64/bundled/libs/bin/ruff
2024-05-14 21:36:57.336 [info] [Trace - 9:36:57 PM] Received notification 'window/logMessage'.
2024-05-14 21:36:57.336 [info] Running Ruff with: /home/j/.vscode-oss/extensions/charliermarsh.ruff-2024.20.0-linux-x64/bundled/libs/bin/ruff ['check', '--force-exclude', '--no-cache', '--no-fix', '--quiet', '--output-format', 'json', '-', '--stdin-filename', '/home/j/dsc/learnml/numpy/numpy_intro.ipynb']
2024-05-14 21:36:57.342 [info] [Trace - 9:36:57 PM] Received notification 'textDocument/publishDiagnostics'.
2024-05-14 21:36:57.586 [info] [Trace - 9:36:57 PM] Sending request 'textDocument/codeAction - (7)'.
2024-05-14 21:36:57.589 [info] [Trace - 9:36:57 PM] Received response 'textDocument/codeAction - (7)' in 3ms.
2024-05-14 21:36:58.478 [info] [Trace - 9:36:58 PM] Sending notification 'notebookDocument/didChange'.
2024-05-14 21:36:58.481 [info] [Trace - 9:36:58 PM] Received notification 'window/logMessage'.
2024-05-14 21:36:58.481 [info] Interpreter executable (/usr/bin/ruff) not found
2024-05-14 21:36:58.481 [info] [Trace - 9:36:58 PM] Received notification 'window/logMessage'.
2024-05-14 21:36:58.481 [info] Falling back to bundled executable: /home/j/.vscode-oss/extensions/charliermarsh.ruff-2024.20.0-linux-x64/bundled/libs/bin/ruff
2024-05-14 21:36:58.481 [info] [Trace - 9:36:58 PM] Received notification 'window/logMessage'.
2024-05-14 21:36:58.481 [info] Found ruff 0.4.1 at /home/j/.vscode-oss/extensions/charliermarsh.ruff-2024.20.0-linux-x64/bundled/libs/bin/ruff
2024-05-14 21:36:58.481 [info] [Trace - 9:36:58 PM] Received notification 'window/logMessage'.
2024-05-14 21:36:58.481 [info] Running Ruff with: /home/j/.vscode-oss/extensions/charliermarsh.ruff-2024.20.0-linux-x64/bundled/libs/bin/ruff ['check', '--force-exclude', '--no-cache', '--no-fix', '--quiet', '--output-format', 'json', '-', '--stdin-filename', '/home/j/dsc/learnml/numpy/numpy_intro.ipynb']
2024-05-14 21:36:58.485 [info] [Trace - 9:36:58 PM] Received notification 'textDocument/publishDiagnostics'.
2024-05-14 21:36:58.711 [info] [Trace - 9:36:58 PM] Sending notification 'notebookDocument/didChange'.
2024-05-14 21:36:58.713 [info] [Trace - 9:36:58 PM] Received notification 'window/logMessage'.
2024-05-14 21:36:58.713 [info] Interpreter executable (/usr/bin/ruff) not found
2024-05-14 21:36:58.713 [info] [Trace - 9:36:58 PM] Received notification 'window/logMessage'.
2024-05-14 21:36:58.713 [info] Falling back to bundled executable: /home/j/.vscode-oss/extensions/charliermarsh.ruff-2024.20.0-linux-x64/bundled/libs/bin/ruff
2024-05-14 21:36:58.713 [info] [Trace - 9:36:58 PM] Received notification 'window/logMessage'.
2024-05-14 21:36:58.713 [info] Found ruff 0.4.1 at /home/j/.vscode-oss/extensions/charliermarsh.ruff-2024.20.0-linux-x64/bundled/libs/bin/ruff
2024-05-14 21:36:58.713 [info] [Trace - 9:36:58 PM] Received notification 'window/logMessage'.
2024-05-14 21:36:58.713 [info] Running Ruff with: /home/j/.vscode-oss/extensions/charliermarsh.ruff-2024.20.0-linux-x64/bundled/libs/bin/ruff ['check', '--force-exclude', '--no-cache', '--no-fix', '--quiet', '--output-format', 'json', '-', '--stdin-filename', '/home/j/dsc/learnml/numpy/numpy_intro.ipynb']
2024-05-14 21:36:58.718 [info] [Trace - 9:36:58 PM] Received notification 'textDocument/publishDiagnostics'.
2024-05-14 21:36:58.821 [info] [Trace - 9:36:58 PM] Sending notification 'notebookDocument/didChange'.
2024-05-14 21:36:58.824 [info] [Trace - 9:36:58 PM] Received notification 'window/logMessage'.
2024-05-14 21:36:58.824 [info] Interpreter executable (/usr/bin/ruff) not found
2024-05-14 21:36:58.824 [info] [Trace - 9:36:58 PM] Received notification 'window/logMessage'.
2024-05-14 21:36:58.824 [info] Falling back to bundled executable: /home/j/.vscode-oss/extensions/charliermarsh.ruff-2024.20.0-linux-x64/bundled/libs/bin/ruff
2024-05-14 21:36:58.825 [info] [Trace - 9:36:58 PM] Received notification 'window/logMessage'.
2024-05-14 21:36:58.825 [info] Found ruff 0.4.1 at /home/j/.vscode-oss/extensions/charliermarsh.ruff-2024.20.0-linux-x64/bundled/libs/bin/ruff
2024-05-14 21:36:58.825 [info] [Trace - 9:36:58 PM] Received notification 'window/logMessage'.
2024-05-14 21:36:58.825 [info] Running Ruff with: /home/j/.vscode-oss/extensions/charliermarsh.ruff-2024.20.0-linux-x64/bundled/libs/bin/ruff ['check', '--force-exclude', '--no-cache', '--no-fix', '--quiet', '--output-format', 'json', '-', '--stdin-filename', '/home/j/dsc/learnml/numpy/numpy_intro.ipynb']
2024-05-14 21:36:58.830 [info] [Trace - 9:36:58 PM] Received notification 'textDocument/publishDiagnostics'.
2024-05-14 21:36:58.921 [info] [Trace - 9:36:58 PM] Sending notification 'notebookDocument/didChange'.
2024-05-14 21:36:58.925 [info] [Trace - 9:36:58 PM] Received notification 'window/logMessage'.
2024-05-14 21:36:58.925 [info] Interpreter executable (/usr/bin/ruff) not found
2024-05-14 21:36:58.925 [info] [Trace - 9:36:58 PM] Received notification 'window/logMessage'.
2024-05-14 21:36:58.925 [info] Falling back to bundled executable: /home/j/.vscode-oss/extensions/charliermarsh.ruff-2024.20.0-linux-x64/bundled/libs/bin/ruff
2024-05-14 21:36:58.925 [info] [Trace - 9:36:58 PM] Received notification 'window/logMessage'.
2024-05-14 21:36:58.926 [info] Found ruff 0.4.1 at /home/j/.vscode-oss/extensions/charliermarsh.ruff-2024.20.0-linux-x64/bundled/libs/bin/ruff
2024-05-14 21:36:58.926 [info] [Trace - 9:36:58 PM] Received notification 'window/logMessage'.
2024-05-14 21:36:58.926 [info] Running Ruff with: /home/j/.vscode-oss/extensions/charliermarsh.ruff-2024.20.0-linux-x64/bundled/libs/bin/ruff ['check', '--force-exclude', '--no-cache', '--no-fix', '--quiet', '--output-format', 'json', '-', '--stdin-filename', '/home/j/dsc/learnml/numpy/numpy_intro.ipynb']
2024-05-14 21:36:58.933 [info] [Trace - 9:36:58 PM] Received notification 'textDocument/publishDiagnostics'.
2024-05-14 21:36:59.179 [info] [Trace - 9:36:59 PM] Sending request 'textDocument/codeAction - (8)'.
2024-05-14 21:36:59.183 [info] [Trace - 9:36:59 PM] Received response 'textDocument/codeAction - (8)' in 4ms.
2024-05-14 21:36:59.195 [info] [Trace - 9:36:59 PM] Sending notification 'notebookDocument/didChange'.
2024-05-14 21:36:59.200 [info] [Trace - 9:36:59 PM] Received notification 'window/logMessage'.
2024-05-14 21:36:59.200 [info] Interpreter executable (/usr/bin/ruff) not found
2024-05-14 21:36:59.201 [info] [Trace - 9:36:59 PM] Received notification 'window/logMessage'.
2024-05-14 21:36:59.201 [info] Falling back to bundled executable: /home/j/.vscode-oss/extensions/charliermarsh.ruff-2024.20.0-linux-x64/bundled/libs/bin/ruff
2024-05-14 21:36:59.201 [info] [Trace - 9:36:59 PM] Received notification 'window/logMessage'.
2024-05-14 21:36:59.201 [info] Found ruff 0.4.1 at /home/j/.vscode-oss/extensions/charliermarsh.ruff-2024.20.0-linux-x64/bundled/libs/bin/ruff
2024-05-14 21:36:59.201 [info] [Trace - 9:36:59 PM] Received notification 'window/logMessage'.
2024-05-14 21:36:59.201 [info] Running Ruff with: /home/j/.vscode-oss/extensions/charliermarsh.ruff-2024.20.0-linux-x64/bundled/libs/bin/ruff ['check', '--force-exclude', '--no-cache', '--no-fix', '--quiet', '--output-format', 'json', '-', '--stdin-filename', '/home/j/dsc/learnml/numpy/numpy_intro.ipynb']
2024-05-14 21:36:59.205 [info] [Trace - 9:36:59 PM] Received notification 'textDocument/publishDiagnostics'.
2024-05-14 21:36:59.449 [info] [Trace - 9:36:59 PM] Sending request 'textDocument/codeAction - (9)'.
2024-05-14 21:36:59.453 [info] [Trace - 9:36:59 PM] Received response 'textDocument/codeAction - (9)' in 4ms.
2024-05-14 21:37:00.008 [info] [Trace - 9:37:00 PM] Sending notification 'notebookDocument/didChange'.
2024-05-14 21:37:00.014 [info] [Trace - 9:37:00 PM] Received notification 'window/logMessage'.
2024-05-14 21:37:00.014 [info] Interpreter executable (/usr/bin/ruff) not found
2024-05-14 21:37:00.014 [info] [Trace - 9:37:00 PM] Received notification 'window/logMessage'.
2024-05-14 21:37:00.014 [info] Falling back to bundled executable: /home/j/.vscode-oss/extensions/charliermarsh.ruff-2024.20.0-linux-x64/bundled/libs/bin/ruff
2024-05-14 21:37:00.014 [info] [Trace - 9:37:00 PM] Received notification 'window/logMessage'.
2024-05-14 21:37:00.014 [info] Found ruff 0.4.1 at /home/j/.vscode-oss/extensions/charliermarsh.ruff-2024.20.0-linux-x64/bundled/libs/bin/ruff
2024-05-14 21:37:00.014 [info] [Trace - 9:37:00 PM] Received notification 'window/logMessage'.
2024-05-14 21:37:00.014 [info] Running Ruff with: /home/j/.vscode-oss/extensions/charliermarsh.ruff-2024.20.0-linux-x64/bundled/libs/bin/ruff ['check', '--force-exclude', '--no-cache', '--no-fix', '--quiet', '--output-format', 'json', '-', '--stdin-filename', '/home/j/dsc/learnml/numpy/numpy_intro.ipynb']
2024-05-14 21:37:00.019 [info] [Trace - 9:37:00 PM] Received notification 'textDocument/publishDiagnostics'.
2024-05-14 21:37:00.114 [info] [Trace - 9:37:00 PM] Sending notification 'notebookDocument/didChange'.
2024-05-14 21:37:00.117 [info] [Trace - 9:37:00 PM] Received notification 'window/logMessage'.
2024-05-14 21:37:00.117 [info] Interpreter executable (/usr/bin/ruff) not found
2024-05-14 21:37:00.117 [info] [Trace - 9:37:00 PM] Received notification 'window/logMessage'.
2024-05-14 21:37:00.117 [info] Falling back to bundled executable: /home/j/.vscode-oss/extensions/charliermarsh.ruff-2024.20.0-linux-x64/bundled/libs/bin/ruff
2024-05-14 21:37:00.117 [info] [Trace - 9:37:00 PM] Received notification 'window/logMessage'.
2024-05-14 21:37:00.117 [info] Found ruff 0.4.1 at /home/j/.vscode-oss/extensions/charliermarsh.ruff-2024.20.0-linux-x64/bundled/libs/bin/ruff
2024-05-14 21:37:00.118 [info] [Trace - 9:37:00 PM] Received notification 'window/logMessage'.
2024-05-14 21:37:00.118 [info] Running Ruff with: /home/j/.vscode-oss/extensions/charliermarsh.ruff-2024.20.0-linux-x64/bundled/libs/bin/ruff ['check', '--force-exclude', '--no-cache', '--no-fix', '--quiet', '--output-format', 'json', '-', '--stdin-filename', '/home/j/dsc/learnml/numpy/numpy_intro.ipynb']
2024-05-14 21:37:00.122 [info] [Trace - 9:37:00 PM] Received notification 'textDocument/publishDiagnostics'.
2024-05-14 21:37:00.265 [info] [Trace - 9:37:00 PM] Sending notification 'notebookDocument/didChange'.
2024-05-14 21:37:00.269 [info] [Trace - 9:37:00 PM] Received notification 'window/logMessage'.
2024-05-14 21:37:00.269 [info] Interpreter executable (/usr/bin/ruff) not found
2024-05-14 21:37:00.269 [info] [Trace - 9:37:00 PM] Received notification 'window/logMessage'.
2024-05-14 21:37:00.269 [info] Falling back to bundled executable: /home/j/.vscode-oss/extensions/charliermarsh.ruff-2024.20.0-linux-x64/bundled/libs/bin/ruff
2024-05-14 21:37:00.269 [info] [Trace - 9:37:00 PM] Received notification 'window/logMessage'.
2024-05-14 21:37:00.269 [info] Found ruff 0.4.1 at /home/j/.vscode-oss/extensions/charliermarsh.ruff-2024.20.0-linux-x64/bundled/libs/bin/ruff
2024-05-14 21:37:00.269 [info] [Trace - 9:37:00 PM] Received notification 'window/logMessage'.
2024-05-14 21:37:00.269 [info] Running Ruff with: /home/j/.vscode-oss/extensions/charliermarsh.ruff-2024.20.0-linux-x64/bundled/libs/bin/ruff ['check', '--force-exclude', '--no-cache', '--no-fix', '--quiet', '--output-format', 'json', '-', '--stdin-filename', '/home/j/dsc/learnml/numpy/numpy_intro.ipynb']
2024-05-14 21:37:00.273 [info] [Trace - 9:37:00 PM] Received notification 'textDocument/publishDiagnostics'.
2024-05-14 21:37:00.520 [info] [Trace - 9:37:00 PM] Sending request 'textDocument/codeAction - (10)'.
2024-05-14 21:37:00.523 [info] [Trace - 9:37:00 PM] Received response 'textDocument/codeAction - (10)' in 3ms.
2024-05-14 21:37:00.746 [info] [Trace - 9:37:00 PM] Sending notification 'notebookDocument/didChange'.
2024-05-14 21:37:00.750 [info] [Trace - 9:37:00 PM] Received notification 'window/logMessage'.
2024-05-14 21:37:00.750 [info] Interpreter executable (/usr/bin/ruff) not found
2024-05-14 21:37:00.751 [info] [Trace - 9:37:00 PM] Received notification 'window/logMessage'.
2024-05-14 21:37:00.751 [info] Falling back to bundled executable: /home/j/.vscode-oss/extensions/charliermarsh.ruff-2024.20.0-linux-x64/bundled/libs/bin/ruff
2024-05-14 21:37:00.751 [info] [Trace - 9:37:00 PM] Received notification 'window/logMessage'.
2024-05-14 21:37:00.751 [info] Found ruff 0.4.1 at /home/j/.vscode-oss/extensions/charliermarsh.ruff-2024.20.0-linux-x64/bundled/libs/bin/ruff
2024-05-14 21:37:00.751 [info] [Trace - 9:37:00 PM] Received notification 'window/logMessage'.
2024-05-14 21:37:00.751 [info] Running Ruff with: /home/j/.vscode-oss/extensions/charliermarsh.ruff-2024.20.0-linux-x64/bundled/libs/bin/ruff ['check', '--force-exclude', '--no-cache', '--no-fix', '--quiet', '--output-format', 'json', '-', '--stdin-filename', '/home/j/dsc/learnml/numpy/numpy_intro.ipynb']
2024-05-14 21:37:00.755 [info] [Trace - 9:37:00 PM] Received notification 'textDocument/publishDiagnostics'.
2024-05-14 21:37:01.001 [info] [Trace - 9:37:01 PM] Sending request 'textDocument/codeAction - (11)'.
2024-05-14 21:37:01.005 [info] [Trace - 9:37:01 PM] Received response 'textDocument/codeAction - (11)' in 4ms.
2024-05-14 21:37:01.114 [info] [Trace - 9:37:01 PM] Sending notification 'notebookDocument/didChange'.
2024-05-14 21:37:01.121 [info] [Trace - 9:37:01 PM] Received notification 'window/logMessage'.
2024-05-14 21:37:01.121 [info] Interpreter executable (/usr/bin/ruff) not found
2024-05-14 21:37:01.122 [info] [Trace - 9:37:01 PM] Received notification 'window/logMessage'.
2024-05-14 21:37:01.122 [info] Falling back to bundled executable: /home/j/.vscode-oss/extensions/charliermarsh.ruff-2024.20.0-linux-x64/bundled/libs/bin/ruff
2024-05-14 21:37:01.122 [info] [Trace - 9:37:01 PM] Received notification 'window/logMessage'.
2024-05-14 21:37:01.122 [info] Found ruff 0.4.1 at /home/j/.vscode-oss/extensions/charliermarsh.ruff-2024.20.0-linux-x64/bundled/libs/bin/ruff
2024-05-14 21:37:01.122 [info] [Trace - 9:37:01 PM] Received notification 'window/logMessage'.
2024-05-14 21:37:01.122 [info] Running Ruff with: /home/j/.vscode-oss/extensions/charliermarsh.ruff-2024.20.0-linux-x64/bundled/libs/bin/ruff ['check', '--force-exclude', '--no-cache', '--no-fix', '--quiet', '--output-format', 'json', '-', '--stdin-filename', '/home/j/dsc/learnml/numpy/numpy_intro.ipynb']
2024-05-14 21:37:01.125 [info] [Trace - 9:37:01 PM] Received notification 'textDocument/publishDiagnostics'.
2024-05-14 21:37:01.371 [info] [Trace - 9:37:01 PM] Sending request 'textDocument/codeAction - (12)'.
2024-05-14 21:37:01.374 [info] [Trace - 9:37:01 PM] Received response 'textDocument/codeAction - (12)' in 3ms.
2024-05-14 21:37:01.947 [info] [Trace - 9:37:01 PM] Sending notification 'notebookDocument/didChange'.
2024-05-14 21:37:01.950 [info] [Trace - 9:37:01 PM] Received notification 'window/logMessage'.
2024-05-14 21:37:01.950 [info] Interpreter executable (/usr/bin/ruff) not found
2024-05-14 21:37:01.950 [info] [Trace - 9:37:01 PM] Received notification 'window/logMessage'.
2024-05-14 21:37:01.950 [info] Falling back to bundled executable: /home/j/.vscode-oss/extensions/charliermarsh.ruff-2024.20.0-linux-x64/bundled/libs/bin/ruff
2024-05-14 21:37:01.950 [info] [Trace - 9:37:01 PM] Received notification 'window/logMessage'.
2024-05-14 21:37:01.950 [info] Found ruff 0.4.1 at /home/j/.vscode-oss/extensions/charliermarsh.ruff-2024.20.0-linux-x64/bundled/libs/bin/ruff
2024-05-14 21:37:01.950 [info] [Trace - 9:37:01 PM] Received notification 'window/logMessage'.
2024-05-14 21:37:01.950 [info] Running Ruff with: /home/j/.vscode-oss/extensions/charliermarsh.ruff-2024.20.0-linux-x64/bundled/libs/bin/ruff ['check', '--force-exclude', '--no-cache', '--no-fix', '--quiet', '--output-format', 'json', '-', '--stdin-filename', '/home/j/dsc/learnml/numpy/numpy_intro.ipynb']
2024-05-14 21:37:01.955 [info] [Trace - 9:37:01 PM] Received notification 'textDocument/publishDiagnostics'.
2024-05-14 21:37:01.955 [info] [Trace - 9:37:01 PM] Received notification 'textDocument/publishDiagnostics'.
2024-05-14 21:37:01.981 [info] [Trace - 9:37:01 PM] Sending notification 'notebookDocument/didChange'.
2024-05-14 21:37:01.983 [info] [Trace - 9:37:01 PM] Received notification 'window/logMessage'.
2024-05-14 21:37:01.983 [info] Interpreter executable (/usr/bin/ruff) not found
2024-05-14 21:37:01.983 [info] [Trace - 9:37:01 PM] Received notification 'window/logMessage'.
2024-05-14 21:37:01.983 [info] Falling back to bundled executable: /home/j/.vscode-oss/extensions/charliermarsh.ruff-2024.20.0-linux-x64/bundled/libs/bin/ruff
2024-05-14 21:37:01.983 [info] [Trace - 9:37:01 PM] Received notification 'window/logMessage'.
2024-05-14 21:37:01.983 [info] Found ruff 0.4.1 at /home/j/.vscode-oss/extensions/charliermarsh.ruff-2024.20.0-linux-x64/bundled/libs/bin/ruff
2024-05-14 21:37:01.983 [info] [Trace - 9:37:01 PM] Received notification 'window/logMessage'.
2024-05-14 21:37:01.983 [info] Running Ruff with: /home/j/.vscode-oss/extensions/charliermarsh.ruff-2024.20.0-linux-x64/bundled/libs/bin/ruff ['check', '--force-exclude', '--no-cache', '--no-fix', '--quiet', '--output-format', 'json', '-', '--stdin-filename', '/home/j/dsc/learnml/numpy/numpy_intro.ipynb']
2024-05-14 21:37:01.987 [info] [Trace - 9:37:01 PM] Received notification 'textDocument/publishDiagnostics'.
2024-05-14 21:37:01.988 [info] [Trace - 9:37:01 PM] Received notification 'textDocument/publishDiagnostics'.
2024-05-14 21:37:02.011 [info] [Trace - 9:37:02 PM] Sending request 'textDocument/codeAction - (13)'.
2024-05-14 21:37:02.013 [info] [Trace - 9:37:02 PM] Received response 'textDocument/codeAction - (13)' in 2ms.
2024-05-14 21:37:02.019 [info] [Trace - 9:37:02 PM] Sending notification 'notebookDocument/didChange'.
2024-05-14 21:37:02.021 [info] [Trace - 9:37:02 PM] Received notification 'window/logMessage'.
2024-05-14 21:37:02.021 [info] Interpreter executable (/usr/bin/ruff) not found
2024-05-14 21:37:02.022 [info] [Trace - 9:37:02 PM] Received notification 'window/logMessage'.
2024-05-14 21:37:02.022 [info] Falling back to bundled executable: /home/j/.vscode-oss/extensions/charliermarsh.ruff-2024.20.0-linux-x64/bundled/libs/bin/ruff
2024-05-14 21:37:02.022 [info] [Trace - 9:37:02 PM] Received notification 'window/logMessage'.
2024-05-14 21:37:02.022 [info] Found ruff 0.4.1 at /home/j/.vscode-oss/extensions/charliermarsh.ruff-2024.20.0-linux-x64/bundled/libs/bin/ruff
2024-05-14 21:37:02.022 [info] [Trace - 9:37:02 PM] Received notification 'window/logMessage'.
2024-05-14 21:37:02.022 [info] Running Ruff with: /home/j/.vscode-oss/extensions/charliermarsh.ruff-2024.20.0-linux-x64/bundled/libs/bin/ruff ['check', '--force-exclude', '--no-cache', '--no-fix', '--quiet', '--output-format', 'json', '-', '--stdin-filename', '/home/j/dsc/learnml/numpy/numpy_intro.ipynb']
2024-05-14 21:37:02.027 [info] [Trace - 9:37:02 PM] Received notification 'textDocument/publishDiagnostics'.
2024-05-14 21:37:02.028 [info] [Trace - 9:37:02 PM] Received notification 'textDocument/publishDiagnostics'.
2024-05-14 21:37:05.185 [info] [Trace - 9:37:05 PM] Sending notification 'notebookDocument/didChange'.
2024-05-14 21:37:05.191 [info] [Trace - 9:37:05 PM] Received notification 'window/logMessage'.
2024-05-14 21:37:05.191 [info] Interpreter executable (/usr/bin/ruff) not found
2024-05-14 21:37:05.192 [info] [Trace - 9:37:05 PM] Received notification 'window/logMessage'.
2024-05-14 21:37:05.192 [info] Falling back to bundled executable: /home/j/.vscode-oss/extensions/charliermarsh.ruff-2024.20.0-linux-x64/bundled/libs/bin/ruff
2024-05-14 21:37:05.192 [info] [Trace - 9:37:05 PM] Received notification 'window/logMessage'.
2024-05-14 21:37:05.192 [info] Found ruff 0.4.1 at /home/j/.vscode-oss/extensions/charliermarsh.ruff-2024.20.0-linux-x64/bundled/libs/bin/ruff
2024-05-14 21:37:05.192 [info] [Trace - 9:37:05 PM] Received notification 'window/logMessage'.
2024-05-14 21:37:05.192 [info] Running Ruff with: /home/j/.vscode-oss/extensions/charliermarsh.ruff-2024.20.0-linux-x64/bundled/libs/bin/ruff ['check', '--force-exclude', '--no-cache', '--no-fix', '--quiet', '--output-format', 'json', '-', '--stdin-filename', '/home/j/dsc/learnml/numpy/numpy_intro.ipynb']
2024-05-14 21:37:05.193 [info] [Trace - 9:37:05 PM] Received notification 'textDocument/publishDiagnostics'.
2024-05-14 21:37:05.193 [info] [Trace - 9:37:05 PM] Received notification 'textDocument/publishDiagnostics'.
2024-05-14 21:37:07.621 [info] [Trace - 9:37:07 PM] Sending request 'textDocument/codeAction - (14)'.
2024-05-14 21:37:07.624 [info] [Trace - 9:37:07 PM] Received response 'textDocument/codeAction - (14)' in 3ms.
2024-05-14 21:37:08.467 [info] [Trace - 9:37:08 PM] Sending notification 'notebookDocument/didChange'.
2024-05-14 21:37:08.470 [info] [Trace - 9:37:08 PM] Received notification 'window/logMessage'.
2024-05-14 21:37:08.470 [info] Interpreter executable (/usr/bin/ruff) not found
2024-05-14 21:37:08.470 [info] [Trace - 9:37:08 PM] Received notification 'window/logMessage'.
2024-05-14 21:37:08.470 [info] Falling back to bundled executable: /home/j/.vscode-oss/extensions/charliermarsh.ruff-2024.20.0-linux-x64/bundled/libs/bin/ruff
2024-05-14 21:37:08.470 [info] [Trace - 9:37:08 PM] Received notification 'window/logMessage'.
2024-05-14 21:37:08.470 [info] Found ruff 0.4.1 at /home/j/.vscode-oss/extensions/charliermarsh.ruff-2024.20.0-linux-x64/bundled/libs/bin/ruff
2024-05-14 21:37:08.470 [info] [Trace - 9:37:08 PM] Received notification 'window/logMessage'.
2024-05-14 21:37:08.470 [info] Running Ruff with: /home/j/.vscode-oss/extensions/charliermarsh.ruff-2024.20.0-linux-x64/bundled/libs/bin/ruff ['check', '--force-exclude', '--no-cache', '--no-fix', '--quiet', '--output-format', 'json', '-', '--stdin-filename', '/home/j/dsc/learnml/numpy/numpy_intro.ipynb']
2024-05-14 21:37:08.475 [info] [Trace - 9:37:08 PM] Received notification 'textDocument/publishDiagnostics'.
2024-05-14 21:37:08.475 [info] [Trace - 9:37:08 PM] Received notification 'textDocument/publishDiagnostics'.
2024-05-14 21:37:11.209 [info] [Trace - 9:37:11 PM] Sending notification 'notebookDocument/didChange'.
2024-05-14 21:37:11.212 [info] [Trace - 9:37:11 PM] Received notification 'window/logMessage'.
2024-05-14 21:37:11.212 [info] Interpreter executable (/usr/bin/ruff) not found
2024-05-14 21:37:11.212 [info] [Trace - 9:37:11 PM] Received notification 'window/logMessage'.
2024-05-14 21:37:11.212 [info] Falling back to bundled executable: /home/j/.vscode-oss/extensions/charliermarsh.ruff-2024.20.0-linux-x64/bundled/libs/bin/ruff
2024-05-14 21:37:11.212 [info] [Trace - 9:37:11 PM] Received notification 'window/logMessage'.
2024-05-14 21:37:11.212 [info] Found ruff 0.4.1 at /home/j/.vscode-oss/extensions/charliermarsh.ruff-2024.20.0-linux-x64/bundled/libs/bin/ruff
2024-05-14 21:37:11.212 [info] [Trace - 9:37:11 PM] Received notification 'window/logMessage'.
2024-05-14 21:37:11.212 [info] Running Ruff with: /home/j/.vscode-oss/extensions/charliermarsh.ruff-2024.20.0-linux-x64/bundled/libs/bin/ruff ['check', '--force-exclude', '--no-cache', '--no-fix', '--quiet', '--output-format', 'json', '-', '--stdin-filename', '/home/j/dsc/learnml/numpy/numpy_intro.ipynb']
2024-05-14 21:37:11.217 [info] [Trace - 9:37:11 PM] Received notification 'textDocument/publishDiagnostics'.
2024-05-14 21:37:11.217 [info] [Trace - 9:37:11 PM] Received notification 'textDocument/publishDiagnostics'.
2024-05-14 21:37:36.913 [info] [Trace - 9:37:36 PM] Sending notification 'notebookDocument/didChange'.
2024-05-14 21:37:36.915 [info] [Trace - 9:37:36 PM] Received notification 'window/logMessage'.
2024-05-14 21:37:36.915 [info] Interpreter executable (/usr/bin/ruff) not found
2024-05-14 21:37:36.915 [info] [Trace - 9:37:36 PM] Received notification 'window/logMessage'.
2024-05-14 21:37:36.915 [info] Falling back to bundled executable: /home/j/.vscode-oss/extensions/charliermarsh.ruff-2024.20.0-linux-x64/bundled/libs/bin/ruff
2024-05-14 21:37:36.915 [info] [Trace - 9:37:36 PM] Received notification 'window/logMessage'.
2024-05-14 21:37:36.915 [info] Found ruff 0.4.1 at /home/j/.vscode-oss/extensions/charliermarsh.ruff-2024.20.0-linux-x64/bundled/libs/bin/ruff
2024-05-14 21:37:36.916 [info] [Trace - 9:37:36 PM] Received notification 'window/logMessage'.
2024-05-14 21:37:36.916 [info] Running Ruff with: /home/j/.vscode-oss/extensions/charliermarsh.ruff-2024.20.0-linux-x64/bundled/libs/bin/ruff ['check', '--force-exclude', '--no-cache', '--no-fix', '--quiet', '--output-format', 'json', '-', '--stdin-filename', '/home/j/dsc/learnml/numpy/numpy_intro.ipynb']
2024-05-14 21:37:36.920 [info] [Trace - 9:37:36 PM] Received notification 'textDocument/publishDiagnostics'.
2024-05-14 21:37:36.920 [info] [Trace - 9:37:36 PM] Received notification 'textDocument/publishDiagnostics'.
2024-05-14 21:37:39.100 [info] [Trace - 9:37:39 PM] Sending notification 'notebookDocument/didChange'.
2024-05-14 21:37:39.101 [info] [Trace - 9:37:39 PM] Received notification 'window/logMessage'.
2024-05-14 21:37:39.101 [info] Interpreter executable (/usr/bin/ruff) not found
2024-05-14 21:37:39.102 [info] [Trace - 9:37:39 PM] Received notification 'window/logMessage'.
2024-05-14 21:37:39.102 [info] Falling back to bundled executable: /home/j/.vscode-oss/extensions/charliermarsh.ruff-2024.20.0-linux-x64/bundled/libs/bin/ruff
2024-05-14 21:37:39.102 [info] [Trace - 9:37:39 PM] Received notification 'window/logMessage'.
2024-05-14 21:37:39.102 [info] Found ruff 0.4.1 at /home/j/.vscode-oss/extensions/charliermarsh.ruff-2024.20.0-linux-x64/bundled/libs/bin/ruff
2024-05-14 21:37:39.102 [info] [Trace - 9:37:39 PM] Received notification 'window/logMessage'.
2024-05-14 21:37:39.102 [info] Running Ruff with: /home/j/.vscode-oss/extensions/charliermarsh.ruff-2024.20.0-linux-x64/bundled/libs/bin/ruff ['check', '--force-exclude', '--no-cache', '--no-fix', '--quiet', '--output-format', 'json', '-', '--stdin-filename', '/home/j/dsc/learnml/numpy/numpy_intro.ipynb']
2024-05-14 21:37:39.107 [info] [Trace - 9:37:39 PM] Received notification 'textDocument/publishDiagnostics'.
2024-05-14 21:37:39.110 [info] [Trace - 9:37:39 PM] Received notification 'textDocument/publishDiagnostics'.
2024-05-14 21:37:41.892 [info] [Trace - 9:37:41 PM] Sending notification 'notebookDocument/didChange'.
2024-05-14 21:37:41.894 [info] [Trace - 9:37:41 PM] Received notification 'window/logMessage'.
2024-05-14 21:37:41.894 [info] Interpreter executable (/usr/bin/ruff) not found
2024-05-14 21:37:41.894 [info] [Trace - 9:37:41 PM] Received notification 'window/logMessage'.
2024-05-14 21:37:41.894 [info] Falling back to bundled executable: /home/j/.vscode-oss/extensions/charliermarsh.ruff-2024.20.0-linux-x64/bundled/libs/bin/ruff
2024-05-14 21:37:41.894 [info] [Trace - 9:37:41 PM] Received notification 'window/logMessage'.
2024-05-14 21:37:41.894 [info] Found ruff 0.4.1 at /home/j/.vscode-oss/extensions/charliermarsh.ruff-2024.20.0-linux-x64/bundled/libs/bin/ruff
2024-05-14 21:37:41.894 [info] [Trace - 9:37:41 PM] Received notification 'window/logMessage'.
2024-05-14 21:37:41.894 [info] Running Ruff with: /home/j/.vscode-oss/extensions/charliermarsh.ruff-2024.20.0-linux-x64/bundled/libs/bin/ruff ['check', '--force-exclude', '--no-cache', '--no-fix', '--quiet', '--output-format', 'json', '-', '--stdin-filename', '/home/j/dsc/learnml/numpy/numpy_intro.ipynb']
2024-05-14 21:37:41.899 [info] [Trace - 9:37:41 PM] Received notification 'textDocument/publishDiagnostics'.
2024-05-14 21:37:41.900 [info] [Trace - 9:37:41 PM] Received notification 'textDocument/publishDiagnostics'.
2024-05-14 21:37:43.934 [info] [Trace - 9:37:43 PM] Sending notification 'notebookDocument/didChange'.
2024-05-14 21:37:43.937 [info] [Trace - 9:37:43 PM] Received notification 'window/logMessage'.
2024-05-14 21:37:43.937 [info] Interpreter executable (/usr/bin/ruff) not found
2024-05-14 21:37:43.937 [info] [Trace - 9:37:43 PM] Received notification 'window/logMessage'.
2024-05-14 21:37:43.937 [info] Falling back to bundled executable: /home/j/.vscode-oss/extensions/charliermarsh.ruff-2024.20.0-linux-x64/bundled/libs/bin/ruff
2024-05-14 21:37:43.938 [info] [Trace - 9:37:43 PM] Received notification 'window/logMessage'.
2024-05-14 21:37:43.938 [info] Found ruff 0.4.1 at /home/j/.vscode-oss/extensions/charliermarsh.ruff-2024.20.0-linux-x64/bundled/libs/bin/ruff
2024-05-14 21:37:43.938 [info] [Trace - 9:37:43 PM] Received notification 'window/logMessage'.
2024-05-14 21:37:43.938 [info] Running Ruff with: /home/j/.vscode-oss/extensions/charliermarsh.ruff-2024.20.0-linux-x64/bundled/libs/bin/ruff ['check', '--force-exclude', '--no-cache', '--no-fix', '--quiet', '--output-format', 'json', '-', '--stdin-filename', '/home/j/dsc/learnml/numpy/numpy_intro.ipynb']
2024-05-14 21:37:43.943 [info] [Trace - 9:37:43 PM] Received notification 'textDocument/publishDiagnostics'.
2024-05-14 21:37:43.944 [info] [Trace - 9:37:43 PM] Received notification 'textDocument/publishDiagnostics'.
2024-05-14 21:37:45.256 [info] [Trace - 9:37:45 PM] Sending request 'textDocument/codeAction - (15)'.
2024-05-14 21:37:45.262 [info] [Trace - 9:37:45 PM] Received response 'textDocument/codeAction - (15)' in 6ms.
2024-05-14 21:37:45.405 [info] [Trace - 9:37:45 PM] Sending notification 'notebookDocument/didChange'.
2024-05-14 21:37:45.407 [info] [Trace - 9:37:45 PM] Received notification 'window/logMessage'.
2024-05-14 21:37:45.407 [info] Interpreter executable (/usr/bin/ruff) not found
2024-05-14 21:37:45.407 [info] [Trace - 9:37:45 PM] Received notification 'window/logMessage'.
2024-05-14 21:37:45.407 [info] Falling back to bundled executable: /home/j/.vscode-oss/extensions/charliermarsh.ruff-2024.20.0-linux-x64/bundled/libs/bin/ruff
2024-05-14 21:37:45.407 [info] [Trace - 9:37:45 PM] Received notification 'window/logMessage'.
2024-05-14 21:37:45.407 [info] Found ruff 0.4.1 at /home/j/.vscode-oss/extensions/charliermarsh.ruff-2024.20.0-linux-x64/bundled/libs/bin/ruff
2024-05-14 21:37:45.407 [info] [Trace - 9:37:45 PM] Received notification 'window/logMessage'.
2024-05-14 21:37:45.407 [info] Running Ruff with: /home/j/.vscode-oss/extensions/charliermarsh.ruff-2024.20.0-linux-x64/bundled/libs/bin/ruff ['check', '--force-exclude', '--no-cache', '--no-fix', '--quiet', '--output-format', 'json', '-', '--stdin-filename', '/home/j/dsc/learnml/numpy/numpy_intro.ipynb']
2024-05-14 21:37:45.412 [info] [Trace - 9:37:45 PM] Received notification 'textDocument/publishDiagnostics'.
2024-05-14 21:37:45.412 [info] [Trace - 9:37:45 PM] Received notification 'textDocument/publishDiagnostics'.
2024-05-14 21:37:49.357 [info] [Trace - 9:37:49 PM] Sending notification 'notebookDocument/didChange'.
2024-05-14 21:37:49.359 [info] [Trace - 9:37:49 PM] Received notification 'window/logMessage'.
2024-05-14 21:37:49.359 [info] Interpreter executable (/usr/bin/ruff) not found
2024-05-14 21:37:49.359 [info] [Trace - 9:37:49 PM] Received notification 'window/logMessage'.
2024-05-14 21:37:49.359 [info] Falling back to bundled executable: /home/j/.vscode-oss/extensions/charliermarsh.ruff-2024.20.0-linux-x64/bundled/libs/bin/ruff
2024-05-14 21:37:49.359 [info] [Trace - 9:37:49 PM] Received notification 'window/logMessage'.
2024-05-14 21:37:49.359 [info] Found ruff 0.4.1 at /home/j/.vscode-oss/extensions/charliermarsh.ruff-2024.20.0-linux-x64/bundled/libs/bin/ruff
2024-05-14 21:37:49.359 [info] [Trace - 9:37:49 PM] Received notification 'window/logMessage'.
2024-05-14 21:37:49.359 [info] Running Ruff with: /home/j/.vscode-oss/extensions/charliermarsh.ruff-2024.20.0-linux-x64/bundled/libs/bin/ruff ['check', '--force-exclude', '--no-cache', '--no-fix', '--quiet', '--output-format', 'json', '-', '--stdin-filename', '/home/j/dsc/learnml/numpy/numpy_intro.ipynb']
2024-05-14 21:37:49.364 [info] [Trace - 9:37:49 PM] Received notification 'textDocument/publishDiagnostics'.
2024-05-14 21:37:49.364 [info] [Trace - 9:37:49 PM] Received notification 'textDocument/publishDiagnostics'.
2024-05-14 21:37:56.210 [info] [Trace - 9:37:56 PM] Sending request 'textDocument/codeAction - (16)'.
2024-05-14 21:37:56.212 [info] [Trace - 9:37:56 PM] Received response 'textDocument/codeAction - (16)' in 2ms.
2024-05-14 21:37:56.462 [info] [Trace - 9:37:56 PM] Sending request 'textDocument/codeAction - (17)'.
2024-05-14 21:37:56.465 [info] [Trace - 9:37:56 PM] Received response 'textDocument/codeAction - (17)' in 3ms.
2024-05-14 21:37:56.689 [info] [Trace - 9:37:56 PM] Sending request 'textDocument/codeAction - (18)'.
2024-05-14 21:37:56.691 [info] [Trace - 9:37:56 PM] Received response 'textDocument/codeAction - (18)' in 2ms.
2024-05-14 21:37:57.119 [info] [Trace - 9:37:57 PM] Sending request 'textDocument/codeAction - (19)'.
2024-05-14 21:37:57.120 [info] [Trace - 9:37:57 PM] Received response 'textDocument/codeAction - (19)' in 1ms.
2024-05-14 21:37:57.372 [info] [Trace - 9:37:57 PM] Sending request 'textDocument/codeAction - (20)'.
2024-05-14 21:37:57.375 [info] [Trace - 9:37:57 PM] Received response 'textDocument/codeAction - (20)' in 3ms.
2024-05-14 21:38:12.842 [info] [Trace - 9:38:12 PM] Sending request 'shutdown - (21)'.
2024-05-14 21:38:12.849 [info] [Trace - 9:38:12 PM] Received response 'shutdown - (21)' in 14ms.
2024-05-14 21:38:12.849 [info] [Trace - 9:38:12 PM] Sending notification 'exit'.
