2024-05-14 21:34:27.129 [INFO]: No proxy settings found
2024-05-14 21:34:28.518 [INFO]: Creating manager directory: /tmp/019ae79c-5a04-4017-9866-2a1f872ffbd5/codeium/manager
2024-05-14 21:34:28.669 [INFO]: Using cached LS with valid crc32: /home/j/.vscode-oss/extensions/codeium.codeium-1.8.36-universal/dist/6b19fd56d85774d39e487f63cbc17e220b37637d/language_server_linux_x64
2024-05-14 21:34:28.673 [INFO]: Language server started
2024-05-14 21:34:28.750 [INFO]: [Language Server (stderr)]:
I0514 21:34:28.749890 1013837 main.go:554] Starting language server manager with pid 1013837
I0514 21:34:28.749975 1013837 main.go:110] Manager acquired its lock file /tmp/019ae79c-5a04-4017-9866-2a1f872ffbd5/codeium/manager/locks/manager.lock
2024-05-14 21:34:28.751 [INFO]: [Language Server (stderr)]:
I0514 21:34:28.750339 1013837 main.go:248] Waiting for random port file in /tmp/019ae79c-5a04-4017-9866-2a1f872ffbd5/codeium/manager/child_random_port_1715701768750041632_855665833173571040 to be created
2024-05-14 21:34:28.828 [INFO]: [Language Server (stderr)]:
I0514 21:34:28.827529 1013850 main.go:548] Starting language server process with pid 1013850
I0514 21:34:28.827576 1013850 server.go:154] Language server will attempt to listen on host 127.0.0.1
I0514 21:34:28.827669 1013850 server.go:161] Language server listening on random port at 38523
I0514 21:34:28.827708 1013850 proxy.go:113] proxyplease.proxy> No proxy provided. Attempting to infer from system.
I0514 21:34:28.827725 1013850 proxy.go:113] proxyplease.proxy> No proxy could be determined. Assuming a direct connection.
I0514 21:34:28.827747 1013850 client.go:589] [DEBUG] GET https://server.codeium.com/exa.api_server_pb.ApiServerService/GetCompletions
2024-05-14 21:34:29.881 [INFO]: [Language Server (stderr)]:
I0514 21:34:29.880744 1013850 unleash.go:90] Initializing Unleash
2024-05-14 21:34:30.896 [INFO]: [Language Server (stderr)]:
I0514 21:34:30.895572 1013850 unleash.go:110] Successfully initialized Unleash
2024-05-14 21:34:30.904 [INFO]: [Language Server (stderr)]:
E0514 21:34:30.903649 1013850 client_manager.go:265] Metadata is nil when trying to refresh user JWT
I0514 21:34:30.903814 1013850 server.go:353] Successfully created API server client
2024-05-14 21:34:30.924 [INFO]: [Language Server (stderr)]:
I0514 21:34:30.924159 1013850 server.go:362] Successfully initialized tokenizer
I0514 21:34:30.924415 1013850 server.go:456] Local search is enabled, will index local files.
I0514 21:34:30.924426 1013850 server.go:460] Using 3 indexer workers
I0514 21:34:30.924444 1013850 search_provider.go:164] Using database at /home/j/.codeium/database/9c0694567290725d9dcba14ade58e297/2/MODEL_EMBED_6591
2024-05-14 21:34:30.925 [INFO]: [Language Server (stderr)]:
I0514 21:34:30.925021 1013850 search_provider.go:176] Successfully created embedding search database
2024-05-14 21:34:30.925 [INFO]: [Language Server (stderr)]:
I0514 21:34:30.925270 1013850 search_provider.go:198] Successfully created and started indexer
I0514 21:34:30.925286 1013850 search_provider.go:224] Successfully created embedding search provider
I0514 21:34:30.925292 1013850 server.go:494] Successfully created exact search provider
2024-05-14 21:34:30.928 [INFO]: [Language Server (stderr)]:
I0514 21:34:30.928186 1013850 server.go:522] Successfully created completion provider
I0514 21:34:30.928222 1013850 server.go:570] Child process attempting to acquire lock file /tmp/019ae79c-5a04-4017-9866-2a1f872ffbd5/codeium/manager/locks/child_lock_1715701768750081565_40417475172186275
I0514 21:34:30.928252 1013850 server.go:578] Child process acquired lock file /tmp/019ae79c-5a04-4017-9866-2a1f872ffbd5/codeium/manager/locks/child_lock_1715701768750081565_40417475172186275
2024-05-14 21:34:30.931 [INFO]: [Language Server (stderr)]:
I0514 21:34:30.930779 1013850 server.go:181] LSP listening on random port at 45321
2024-05-14 21:34:30.932 [INFO]: [Language Server (stderr)]:
I0514 21:34:30.931080 1013850 web_server.go:239] Chat Web Server listening at ws://127.0.0.1:39403
2024-05-14 21:34:30.961 [INFO]: [Language Server (stdout)]:
45321
2024-05-14 21:34:30.962 [INFO]: [Language Server (stderr)]:
I0514 21:34:30.961441 1013837 main.go:284] Language server manager found random server port 38523
I0514 21:34:30.961473 1013837 main.go:285] Language server manager found random lsp port 45321
I0514 21:34:30.961489 1013837 main.go:292] Language server manager attempting to connect to language server at 127.0.0.1:38523
2024-05-14 21:34:30.983 [INFO]: [Language Server (stderr)]:
I0514 21:34:30.982589 1013837 main.go:163] Fixing language server port at 38523
I0514 21:34:30.982607 1013837 main.go:343] Language server manager successfully connected to new language server at 127.0.0.1:38523
2024-05-14 21:34:30.988 [INFO]: Found language server running on port 38523
2024-05-14 21:34:30.996 [INFO]: Downloaded binary: /home/j/.codeium/bin/af6b6c543b224d348a8876f0c06245d9ea7929c5/ripgrep_linux_x64
2024-05-14 21:34:31.002 [INFO]: [Language Server (stderr)]:
I0514 21:34:31.002354 1013850 utils.go:159] Analyzing workspace files for /home/j/dsc/
I0514 21:34:31.002483 1013850 utils.go:214] Done analyzing workspace files for /home/j/dsc/
I0514 21:34:31.002491 1013850 lsp.go:186] Found 2 files in workspace /home/j/dsc/
I0514 21:34:31.002517 1013850 indexing_listener.go:151] Add workspace event with uid: 1
2024-05-14 21:34:31.003 [INFO]: [Language Server (stderr)]:
I0514 21:34:31.002543 1013850 indexing_listener.go:179] Done enqueue workspace with uid: 1
2024-05-14 21:34:31.004 [INFO]: [Language Server (stderr)]:
I0514 21:34:31.003143 1013850 rpcs_miscellaneous.go:118] Ripgrep available at /home/j/.codeium/bin/af6b6c543b224d348a8876f0c06245d9ea7929c5/ripgrep_linux_x64
2024-05-14 21:34:31.305 [INFO]: [Language Server (stderr)]:
I0514 21:34:31.304861 1013850 rpcs_miscellaneous.go:312] University version is up to date.
2024-05-14 21:34:31.663 [INFO]: [Language Server (stderr)]:
E0514 21:34:31.662259 1013850 embedding.go:34] GetEmbeddings error: unavailable: dial tcp: lookup inference.codeium.com: no such host
2024-05-14 21:35:59.476 [INFO]: Disposing language server process
2024-05-14 21:35:59.476 [INFO]: Deleting manager directory: /tmp/019ae79c-5a04-4017-9866-2a1f872ffbd5/codeium/manager
2024-05-14 21:35:59.477 [INFO]: Successfully disposed language server
2024-05-14 21:35:59.488 [INFO]: [Language Server (stderr)]:
W0514 21:35:59.476682 1013837 main.go:114] Language server manager got signal terminated, shutting down
2024-05-14 21:35:59.494 [INFO]: [Language Server (stderr)]:
I0514 21:35:59.493913 1013850 server.go:679] Exit requested on language server process 1013850
I0514 21:35:59.494063 1013850 server.go:656] Language server shutting down
