2024-06-12 15:24:30.085 [info] Initial editor state {"filesToOpenOrCreate":[{"fileUri":{"$mid":1,"path":"/home/j/--ozone-platform-hint=wayland","scheme":"file"},"type":1,"exists":false},{"fileUri":{"$mid":1,"path":"/home/j/--disable-gpu","scheme":"file"},"type":1,"exists":false}],"filesToDiff":[],"filesToMerge":[]}
2024-06-12 15:24:30.540 [info] Started local extension host with pid 72810.
2024-06-12 15:24:30.579 [error] Extension 'ms-python.debugpy CANNOT USE these API proposals 'portsAttributes, contribIssueReporter, debugVisualization'. You MUST start in extension development mode or use the --enable-proposed-api command line flag
2024-06-12 15:24:30.580 [error] Extension 'ms-python.python CANNOT USE these API proposals 'contribEditorContentMenu, quickPickSortByLabel, testObserver, quickPickItemTooltip, terminalDataWriteEvent, terminalExecuteCommandEvent, contribIssueReporter'. You MUST start in extension development mode or use the --enable-proposed-api command line flag
2024-06-12 15:24:30.580 [error] Extension 'ms-toolsai.jupyter CANNOT USE these API proposals 'notebookDeprecated, notebookMessaging, notebookMime, contribNotebookStaticPreloads, portsAttributes, quickPickSortByLabel, notebookKernelSource, interactiveWindow, quickPickItemTooltip, notebookExecution, notebookCellExecution, notebookVariableProvider'. You MUST start in extension development mode or use the --enable-proposed-api command line flag
2024-06-12 15:24:30.581 [error] Extension 'ms-toolsai.jupyter-renderers CANNOT USE these API proposals 'contribNotebookStaticPreloads'. You MUST start in extension development mode or use the --enable-proposed-api command line flag
2024-06-12 15:24:30.625 [error] [tht13.python]: 'configuration.jsonValidation.url' must be an absolute URL or start with './'  to reference schemas located in the extension.
2024-06-12 15:24:30.676 [error] [ms-python.debugpy]: issue/reporter is a proposed menu identifier. It requires 'package.json#enabledApiProposals: ["contribIssueReporter"]' and is only available when running out of dev or with the following command line switch: --enable-proposed-api ms-python.debugpy
2024-06-12 15:24:30.677 [error] [ms-python.python]: issue/reporter is a proposed menu identifier. It requires 'package.json#enabledApiProposals: ["contribIssueReporter"]' and is only available when running out of dev or with the following command line switch: --enable-proposed-api ms-python.python
2024-06-12 15:24:30.677 [error] [ms-python.python]: editor/content is a proposed menu identifier. It requires 'package.json#enabledApiProposals: ["contribEditorContentMenu"]' and is only available when running out of dev or with the following command line switch: --enable-proposed-api ms-python.python
2024-06-12 15:24:30.997 [error] [EricSia.pythonsnippets3pro]: Unknown language in `contributes.pythonsnippets3pro.language`. Provided value: django-html
2024-06-12 15:24:30.998 [error] [EricSia.pythonsnippets3pro]: Unknown language in `contributes.pythonsnippets3pro.language`. Provided value: django-txt
2024-06-12 15:24:32.441 [error] ENOENT: no such file or directory, open '/home/j/.config/Code - OSS/User/globalStorage/vscodevim.vim/.registers': Error: ENOENT: no such file or directory, open '/home/j/.config/Code - OSS/User/globalStorage/vscodevim.vim/.registers'
2024-06-12 15:24:33.098 [info] [perf] Render performance baseline is 20ms
2024-06-12 15:25:07.735 [warning] [backup tracker] suspended, ignoring dirty change event untitled:/home/j/--ozone-platform-hint%3Dwayland 
2024-06-12 15:25:07.739 [warning] [backup tracker] suspended, ignoring dirty change event untitled:/home/j/--disable-gpu 
2024-06-12 15:25:07.747 [warning] [backup tracker] suspended, ignoring unregister event untitled:/home/j/--ozone-platform-hint%3Dwayland 
2024-06-12 15:25:08.628 [info] Started local extension host with pid 73014.
2024-06-12 15:25:08.655 [error] Extension 'ms-python.debugpy CANNOT USE these API proposals 'portsAttributes, contribIssueReporter, debugVisualization'. You MUST start in extension development mode or use the --enable-proposed-api command line flag
2024-06-12 15:25:08.655 [error] Extension 'ms-python.python CANNOT USE these API proposals 'contribEditorContentMenu, quickPickSortByLabel, testObserver, quickPickItemTooltip, terminalDataWriteEvent, terminalExecuteCommandEvent, contribIssueReporter'. You MUST start in extension development mode or use the --enable-proposed-api command line flag
2024-06-12 15:25:08.656 [error] Extension 'ms-toolsai.jupyter CANNOT USE these API proposals 'notebookDeprecated, notebookMessaging, notebookMime, contribNotebookStaticPreloads, portsAttributes, quickPickSortByLabel, notebookKernelSource, interactiveWindow, quickPickItemTooltip, notebookExecution, notebookCellExecution, notebookVariableProvider'. You MUST start in extension development mode or use the --enable-proposed-api command line flag
2024-06-12 15:25:08.656 [error] Extension 'ms-toolsai.jupyter-renderers CANNOT USE these API proposals 'contribNotebookStaticPreloads'. You MUST start in extension development mode or use the --enable-proposed-api command line flag
2024-06-12 15:25:08.677 [error] [tht13.python]: 'configuration.jsonValidation.url' must be an absolute URL or start with './'  to reference schemas located in the extension.
2024-06-12 15:25:08.689 [error] [ms-python.debugpy]: issue/reporter is a proposed menu identifier. It requires 'package.json#enabledApiProposals: ["contribIssueReporter"]' and is only available when running out of dev or with the following command line switch: --enable-proposed-api ms-python.debugpy
2024-06-12 15:25:08.690 [error] [ms-python.python]: issue/reporter is a proposed menu identifier. It requires 'package.json#enabledApiProposals: ["contribIssueReporter"]' and is only available when running out of dev or with the following command line switch: --enable-proposed-api ms-python.python
2024-06-12 15:25:08.690 [error] [ms-python.python]: editor/content is a proposed menu identifier. It requires 'package.json#enabledApiProposals: ["contribEditorContentMenu"]' and is only available when running out of dev or with the following command line switch: --enable-proposed-api ms-python.python
2024-06-12 15:25:09.098 [error] [EricSia.pythonsnippets3pro]: Unknown language in `contributes.pythonsnippets3pro.language`. Provided value: django-html
2024-06-12 15:25:09.098 [error] [EricSia.pythonsnippets3pro]: Unknown language in `contributes.pythonsnippets3pro.language`. Provided value: django-txt
2024-06-12 15:25:10.891 [error] ENOENT: no such file or directory, open '/home/j/.config/Code - OSS/User/globalStorage/vscodevim.vim/.registers': Error: ENOENT: no such file or directory, open '/home/j/.config/Code - OSS/User/globalStorage/vscodevim.vim/.registers'
2024-06-12 15:25:11.611 [info] [perf] Render performance baseline is 21ms
2024-06-12 15:25:12.730 [error] [Extension Host] error 15:25:12.573: Jupyter Extension: Error in activating extension, failed in By [Error: Extension 'ms-toolsai.jupyter' CANNOT use API proposal: notebookKernelSource.
Its package.json#enabledApiProposals-property declares:  but NOT notebookKernelSource.
 The missing proposal MUST be added and you must start in extension development mode or use the following command line switch: --enable-proposed-api ms-toolsai.jupyter
	at P (/usr/lib/code/out/vs/workbench/api/node/extensionHostProcess.js:141:57957)
	at Object.createNotebookControllerDetectionTask (/usr/lib/code/out/vs/workbench/api/node/extensionHostProcess.js:163:46075)
	at i (/home/j/.vscode-oss/extensions/ms-toolsai.jupyter-2024.5.0-universal/dist/extension.node.js:309:6231)
	at By.startRefreshWithPython (/home/j/.vscode-oss/extensions/ms-toolsai.jupyter-2024.5.0-universal/dist/extension.node.js:309:6454)
	at By.activate (/home/j/.vscode-oss/extensions/ms-toolsai.jupyter-2024.5.0-universal/dist/extension.node.js:309:4678)
	at /home/j/.vscode-oss/extensions/ms-toolsai.jupyter-2024.5.0-universal/dist/extension.node.js:383:28858
	at Array.map (<anonymous>)
	at kI.activate (/home/j/.vscode-oss/extensions/ms-toolsai.jupyter-2024.5.0-universal/dist/extension.node.js:383:28844)
	at $Y (/home/j/.vscode-oss/extensions/ms-toolsai.jupyter-2024.5.0-universal/dist/extension.node.js:446:2062)
	at async ISe (/home/j/.vscode-oss/extensions/ms-toolsai.jupyter-2024.5.0-universal/dist/extension.node.js:448:454)]
2024-06-12 15:25:12.731 [error] [Extension Host] error 15:25:12.575: Jupyter Extension: Error in activating extension, failed in bb [Error: Extension 'ms-toolsai.jupyter' CANNOT use API proposal: notebookKernelSource.
Its package.json#enabledApiProposals-property declares:  but NOT notebookKernelSource.
 The missing proposal MUST be added and you must start in extension development mode or use the following command line switch: --enable-proposed-api ms-toolsai.jupyter
	at P (/usr/lib/code/out/vs/workbench/api/node/extensionHostProcess.js:141:57957)
	at Object.registerKernelSourceActionProvider (/usr/lib/code/out/vs/workbench/api/node/extensionHostProcess.js:163:46210)
	at bb.activate (/home/j/.vscode-oss/extensions/ms-toolsai.jupyter-2024.5.0-universal/dist/extension.node.js:314:115154)
	at /home/j/.vscode-oss/extensions/ms-toolsai.jupyter-2024.5.0-universal/dist/extension.node.js:383:28858
	at Array.map (<anonymous>)
	at kI.activate (/home/j/.vscode-oss/extensions/ms-toolsai.jupyter-2024.5.0-universal/dist/extension.node.js:383:28844)
	at $Y (/home/j/.vscode-oss/extensions/ms-toolsai.jupyter-2024.5.0-universal/dist/extension.node.js:446:2062)
	at async ISe (/home/j/.vscode-oss/extensions/ms-toolsai.jupyter-2024.5.0-universal/dist/extension.node.js:448:454)]
2024-06-12 15:25:13.203 [error] [Extension Host] Lintings failed on open
2024-06-12 15:25:13.203 [error] [Extension Host] File: vscode-notebook-cell:/home/j/dsc/prj/logistic%20regression%20sonar/rockormine.ipynb#W0sZmlsZQ%3D%3D
2024-06-12 15:25:13.204 [error] [Extension Host] Message: TypeError: Cannot read properties of undefined (reading 'uri')
