2024-06-12 15:24:30.262 [info] Added views:workbench.panel.markers.view in workbench.panel.markers
2024-06-12 15:24:30.262 [info] Added views:workbench.panel.output in workbench.panel.output
2024-06-12 15:24:30.262 [info] Added views:terminal in terminal
2024-06-12 15:24:30.262 [info] Added views:outline in workbench.view.explorer
2024-06-12 15:24:30.262 [info] Added views:workbench.scm in workbench.view.scm
2024-06-12 15:24:30.262 [info] Added views:workbench.view.search in workbench.view.search
2024-06-12 15:24:30.262 [info] Added views:timeline in workbench.view.explorer
2024-06-12 15:24:30.262 [info] Added views:workbench.explorer.emptyView in workbench.view.explorer
2024-06-12 15:24:30.392 [info] Added views:workbench.debug.variablesView,workbench.debug.watchExpressionsView,workbench.debug.callStackView,workbench.debug.breakPointsView in workbench.view.debug
2024-06-12 15:24:30.713 [info] Added views:codeium.chatPanelView,codeium.searchPanelView in workbench.view.extension.codeium
2024-06-12 15:24:30.714 [info] Added views:ipyNavigator in workbench.view.extension.ipy-navigator
2024-06-12 15:24:30.714 [info] Added views:volc.kernel.view,volc.spark.view,volc.help.view in workbench.view.extension.volc-kernel
2024-06-12 15:24:30.957 [info] Added views:workbench.panel.repl.view in workbench.panel.repl
2024-06-12 15:24:30.958 [info] Removed views:workbench.debug.breakPointsView,workbench.debug.callStackView,workbench.debug.watchExpressionsView,workbench.debug.variablesView from workbench.view.debug
2024-06-12 15:24:30.959 [info] Added views:workbench.debug.welcome in workbench.view.debug
2024-06-12 15:24:31.340 [info] Added views:~remote.forwardedPorts in ~remote.forwardedPortsContainer
2024-06-12 15:24:36.032 [info] Added views:workbench.panel.comments in workbench.panel.comments
2024-06-12 15:25:08.536 [info] Added views:workbench.panel.markers.view in workbench.panel.markers
2024-06-12 15:25:08.536 [info] Added views:workbench.panel.output in workbench.panel.output
2024-06-12 15:25:08.536 [info] Added views:terminal in terminal
2024-06-12 15:25:08.536 [info] Added views:outline in workbench.view.explorer
2024-06-12 15:25:08.536 [info] Added views:workbench.scm in workbench.view.scm
2024-06-12 15:25:08.536 [info] Added views:workbench.view.search in workbench.view.search
2024-06-12 15:25:08.536 [info] Added views:timeline in workbench.view.explorer
2024-06-12 15:25:08.536 [info] Added views:workbench.explorer.fileView in workbench.view.explorer
2024-06-12 15:25:08.728 [info] Added views:codeium.chatPanelView,codeium.searchPanelView in workbench.view.extension.codeium
2024-06-12 15:25:08.728 [info] Added views:ipyNavigator in workbench.view.extension.ipy-navigator
2024-06-12 15:25:08.728 [info] Added views:volc.kernel.view,volc.spark.view,volc.help.view in workbench.view.extension.volc-kernel
2024-06-12 15:25:08.874 [info] Added views:workbench.debug.variablesView,workbench.debug.watchExpressionsView,workbench.debug.callStackView,workbench.debug.breakPointsView in workbench.view.debug
2024-06-12 15:25:08.997 [info] Added views:workbench.panel.repl.view in workbench.panel.repl
2024-06-12 15:25:08.998 [info] Removed views:workbench.debug.breakPointsView,workbench.debug.callStackView,workbench.debug.watchExpressionsView,workbench.debug.variablesView from workbench.view.debug
2024-06-12 15:25:08.998 [info] Added views:workbench.debug.welcome in workbench.view.debug
2024-06-12 15:25:09.114 [info] Added views:~remote.forwardedPorts in ~remote.forwardedPortsContainer
2024-06-12 15:25:09.518 [info] Added views:workbench.view.testing in workbench.view.extension.test
2024-06-12 15:25:12.745 [info] Added views:jupyterViewVariables in workbench.view.extension.jupyter-variables
2024-06-12 15:25:12.763 [info] Added views:cell-tag in workbench.view.extension.jupyter-variables
2024-06-12 15:25:13.562 [info] Added views:workbench.panel.comments in workbench.panel.comments
2024-06-12 15:26:58.673 [info] Removed views:workbench.view.testing from workbench.view.extension.test
