2024-06-09 20:14:20.839 [INFO]: No proxy settings found
2024-06-09 20:14:22.177 [INFO]: Creating manager directory: /tmp/cd867a6a-0efd-4f45-98b2-21947852f5dd/codeium/manager
2024-06-09 20:14:22.411 [INFO]: Using cached LS with valid crc32: /home/j/.vscode-oss/extensions/codeium.codeium-1.8.36-universal/dist/6b19fd56d85774d39e487f63cbc17e220b37637d/language_server_linux_x64
2024-06-09 20:14:22.417 [INFO]: Language server started
2024-06-09 20:14:22.589 [INFO]: [Language Server (stderr)]:
I0609 20:14:22.588588 433517 main.go:554] Starting language server manager with pid 433517
I0609 20:14:22.588685 433517 main.go:110] Manager acquired its lock file /tmp/cd867a6a-0efd-4f45-98b2-21947852f5dd/codeium/manager/locks/manager.lock
2024-06-09 20:14:22.590 [INFO]: [Language Server (stderr)]:
I0609 20:14:22.589466 433517 main.go:248] Waiting for random port file in /tmp/cd867a6a-0efd-4f45-98b2-21947852f5dd/codeium/manager/child_random_port_1717943362588760736_7313533949993855283 to be created
2024-06-09 20:14:22.850 [INFO]: [Language Server (stderr)]:
I0609 20:14:22.849828 433531 main.go:548] Starting language server process with pid 433531
I0609 20:14:22.849896 433531 server.go:154] Language server will attempt to listen on host 127.0.0.1
I0609 20:14:22.850015 433531 server.go:161] Language server listening on random port at 42977
I0609 20:14:22.850058 433531 proxy.go:113] proxyplease.proxy> No proxy provided. Attempting to infer from system.
I0609 20:14:22.850078 433531 proxy.go:113] proxyplease.proxy> No proxy could be determined. Assuming a direct connection.
2024-06-09 20:14:22.851 [INFO]: [Language Server (stderr)]:
I0609 20:14:22.850097 433531 client.go:589] [DEBUG] GET https://server.codeium.com/exa.api_server_pb.ApiServerService/GetCompletions
2024-06-09 20:14:23.920 [INFO]: [Language Server (stderr)]:
I0609 20:14:23.919781 433531 unleash.go:90] Initializing Unleash
2024-06-09 20:14:24.795 [INFO]: [Language Server (stderr)]:
I0609 20:14:24.795217 433531 unleash.go:110] Successfully initialized Unleash
2024-06-09 20:14:24.801 [INFO]: [Language Server (stderr)]:
E0609 20:14:24.801273 433531 client_manager.go:265] Metadata is nil when trying to refresh user JWT
2024-06-09 20:14:24.802 [INFO]: [Language Server (stderr)]:
I0609 20:14:24.801571 433531 server.go:353] Successfully created API server client
2024-06-09 20:14:24.828 [INFO]: [Language Server (stderr)]:
I0609 20:14:24.827469 433531 server.go:362] Successfully initialized tokenizer
2024-06-09 20:14:24.836 [INFO]: [Language Server (stderr)]:
I0609 20:14:24.835832 433531 server.go:456] Local search is enabled, will index local files.
I0609 20:14:24.835866 433531 server.go:460] Using 3 indexer workers
2024-06-09 20:14:24.836 [INFO]: [Language Server (stderr)]:
I0609 20:14:24.836177 433531 search_provider.go:164] Using database at /home/j/.codeium/database/9c0694567290725d9dcba14ade58e297/2/MODEL_EMBED_6591
2024-06-09 20:14:24.838 [INFO]: [Language Server (stderr)]:
I0609 20:14:24.838039 433531 search_provider.go:176] Successfully created embedding search database
2024-06-09 20:14:24.838 [INFO]: [Language Server (stderr)]:
I0609 20:14:24.838243 433531 search_provider.go:198] Successfully created and started indexer
I0609 20:14:24.838258 433531 search_provider.go:224] Successfully created embedding search provider
I0609 20:14:24.838263 433531 server.go:494] Successfully created exact search provider
2024-06-09 20:14:24.842 [INFO]: [Language Server (stderr)]:
I0609 20:14:24.841838 433531 server.go:522] Successfully created completion provider
I0609 20:14:24.841902 433531 server.go:570] Child process attempting to acquire lock file /tmp/cd867a6a-0efd-4f45-98b2-21947852f5dd/codeium/manager/locks/child_lock_1717943362588807859_1211961615370529879
2024-06-09 20:14:24.842 [INFO]: [Language Server (stderr)]:
I0609 20:14:24.841950 433531 server.go:578] Child process acquired lock file /tmp/cd867a6a-0efd-4f45-98b2-21947852f5dd/codeium/manager/locks/child_lock_1717943362588807859_1211961615370529879
2024-06-09 20:14:24.847 [INFO]: [Language Server (stderr)]:
I0609 20:14:24.846674 433531 server.go:181] LSP listening on random port at 41451
2024-06-09 20:14:24.848 [INFO]: [Language Server (stderr)]:
I0609 20:14:24.847124 433531 web_server.go:239] Chat Web Server listening at ws://127.0.0.1:46201
2024-06-09 20:14:24.902 [INFO]: [Language Server (stdout)]:
41451
2024-06-09 20:14:24.902 [INFO]: [Language Server (stderr)]:
I0609 20:14:24.901514 433517 main.go:284] Language server manager found random server port 42977
I0609 20:14:24.901552 433517 main.go:285] Language server manager found random lsp port 41451
I0609 20:14:24.901566 433517 main.go:292] Language server manager attempting to connect to language server at 127.0.0.1:42977
2024-06-09 20:14:24.919 [INFO]: [Language Server (stderr)]:
I0609 20:14:24.919113 433517 main.go:163] Fixing language server port at 42977
I0609 20:14:24.919132 433517 main.go:343] Language server manager successfully connected to new language server at 127.0.0.1:42977
2024-06-09 20:14:24.931 [INFO]: Found language server running on port 42977
2024-06-09 20:14:24.940 [INFO]: Downloaded binary: /home/j/.codeium/bin/af6b6c543b224d348a8876f0c06245d9ea7929c5/ripgrep_linux_x64
2024-06-09 20:14:24.951 [INFO]: [Language Server (stderr)]:
I0609 20:14:24.949002 433531 rpcs_miscellaneous.go:118] Ripgrep available at /home/j/.codeium/bin/af6b6c543b224d348a8876f0c06245d9ea7929c5/ripgrep_linux_x64
2024-06-09 20:14:25.301 [INFO]: [Language Server (stderr)]:
I0609 20:14:25.300694 433531 rpcs_miscellaneous.go:312] University version is up to date.
2024-06-09 20:46:25.928 [INFO]: [Language Server (stderr)]:
E0609 20:46:25.925248 433531 unleash.go:60] Unleash error: Get "https://unleash.codeium.com/api/client/features": context deadline exceeded (Client.Timeout exceeded while awaiting headers)
2024-06-09 22:00:08.775 [INFO]: Disposing language server process
2024-06-09 22:00:08.776 [INFO]: Deleting manager directory: /tmp/cd867a6a-0efd-4f45-98b2-21947852f5dd/codeium/manager
2024-06-09 22:00:08.780 [INFO]: Successfully disposed language server
