2024-05-14 21:36:33.315 [info] Name: isort
2024-05-14 21:36:33.315 [info] Module: isort
2024-05-14 21:36:33.315 [info] Python extension loading
2024-05-14 21:36:33.315 [info] Waiting for interpreter from python extension.
2024-05-14 21:36:33.315 [info] No interpreter found from setting isort.interpreter
2024-05-14 21:36:33.315 [info] Getting interpreter from ms-python.python extension for workspace /home/j/dsc/learnml
2024-05-14 21:36:33.315 [info] Python extension loaded
2024-05-14 21:36:33.315 [info] Interpreter from ms-python.python extension for /home/j/dsc/learnml: /bin/python
2024-05-14 21:36:33.315 [info] No interpreter found from setting isort.interpreter
2024-05-14 21:36:33.315 [info] Getting interpreter from ms-python.python extension for workspace /home/j/dsc/learnml
2024-05-14 21:36:33.315 [info] Interpreter from ms-python.python extension for /home/j/dsc/learnml: /bin/python
2024-05-14 21:36:33.315 [info] Server run command: /bin/python /home/j/.vscode-oss/extensions/ms-python.isort-2023.10.1-universal/bundled/tool/lsp_server.py
2024-05-14 21:36:33.315 [info] Server: Start requested.
2024-05-14 21:36:33.712 [info] CWD Server: /home/j/dsc/learnml
2024-05-14 21:36:33.712 [info] sys.path used to run Server:
   /home/j/.vscode-oss/extensions/ms-python.isort-2023.10.1-universal/bundled/libs
   /home/j/.vscode-oss/extensions/ms-python.isort-2023.10.1-universal/bundled/tool
   /usr/lib/python312.zip
   /usr/lib/python3.12
   /usr/lib/python3.12/lib-dynload
   /home/j/.local/lib/python3.12/site-packages
   /usr/lib/python3.12/site-packages
2024-05-14 21:36:33.712 [info] Settings used to run Server:
[
    {
        "check": false,
        "cwd": "/home/j/dsc/learnml",
        "workspace": "file:///home/j/dsc/learnml",
        "args": [],
        "path": [],
        "severity": {
            "W": "Warning",
            "E": "Hint"
        },
        "interpreter": [
            "/bin/python"
        ],
        "importStrategy": "useBundled",
        "showNotifications": "off"
    }
]

2024-05-14 21:36:33.712 [info] Global settings:
{
    "check": false,
    "cwd": "/home/j",
    "workspace": "/home/j",
    "args": [],
    "path": [],
    "severity": {
        "W": "Warning",
        "E": "Hint"
    },
    "interpreter": [],
    "importStrategy": "useBundled",
    "showNotifications": "off"
}

2024-05-14 21:36:33.713 [info] /bin/python -m isort --version-number
2024-05-14 21:36:33.714 [info] CWD Linter: /home/j/dsc/learnml
2024-05-14 21:36:33.715 [info] Version info for isort running for /home/j/dsc/learnml:
5.11.5

2024-05-14 21:36:33.715 [info] SUPPORTED isort>=5.10.1
FOUND isort==5.11.5

2024-05-14 21:36:33.719 [info] [Trace - 9:36:33 PM] Sending request 'textDocument/codeAction - (1)'.
2024-05-14 21:36:33.722 [info] [Trace - 9:36:33 PM] Received notification 'textDocument/publishDiagnostics'.
2024-05-14 21:36:33.727 [info] [Trace - 9:36:33 PM] Received response 'textDocument/codeAction - (1)' in 8ms.
2024-05-14 21:36:33.757 [info] [Trace - 9:36:33 PM] Sending request 'textDocument/codeAction - (2)'.
2024-05-14 21:36:33.758 [info] [Trace - 9:36:33 PM] Received response 'textDocument/codeAction - (2)' in 1ms.
2024-05-14 21:36:54.274 [info] [Trace - 9:36:54 PM] Sending notification 'textDocument/didChange'.
2024-05-14 21:36:54.532 [info] [Trace - 9:36:54 PM] Sending request 'textDocument/codeAction - (3)'.
2024-05-14 21:36:54.535 [info] [Trace - 9:36:54 PM] Received response 'textDocument/codeAction - (3)' in 3ms.
2024-05-14 21:36:54.673 [info] [Trace - 9:36:54 PM] Sending notification 'textDocument/didChange'.
2024-05-14 21:36:54.920 [info] [Trace - 9:36:54 PM] Sending notification 'textDocument/didChange'.
2024-05-14 21:36:55.105 [info] [Trace - 9:36:55 PM] Sending notification 'textDocument/didChange'.
2024-05-14 21:36:55.360 [info] [Trace - 9:36:55 PM] Sending request 'textDocument/codeAction - (4)'.
2024-05-14 21:36:55.364 [info] [Trace - 9:36:55 PM] Received response 'textDocument/codeAction - (4)' in 4ms.
2024-05-14 21:36:56.223 [info] [Trace - 9:36:56 PM] Sending notification 'textDocument/didChange'.
2024-05-14 21:36:56.356 [info] [Trace - 9:36:56 PM] Sending notification 'textDocument/didChange'.
2024-05-14 21:36:56.470 [info] [Trace - 9:36:56 PM] Sending notification 'textDocument/didChange'.
2024-05-14 21:36:56.634 [info] [Trace - 9:36:56 PM] Sending notification 'textDocument/didChange'.
2024-05-14 21:36:56.888 [info] [Trace - 9:36:56 PM] Sending request 'textDocument/codeAction - (5)'.
2024-05-14 21:36:56.891 [info] [Trace - 9:36:56 PM] Received response 'textDocument/codeAction - (5)' in 3ms.
2024-05-14 21:36:57.173 [info] [Trace - 9:36:57 PM] Sending notification 'textDocument/didChange'.
2024-05-14 21:36:57.333 [info] [Trace - 9:36:57 PM] Sending notification 'textDocument/didChange'.
2024-05-14 21:36:57.586 [info] [Trace - 9:36:57 PM] Sending request 'textDocument/codeAction - (6)'.
2024-05-14 21:36:57.589 [info] [Trace - 9:36:57 PM] Received response 'textDocument/codeAction - (6)' in 3ms.
2024-05-14 21:36:58.478 [info] [Trace - 9:36:58 PM] Sending notification 'textDocument/didChange'.
2024-05-14 21:36:58.711 [info] [Trace - 9:36:58 PM] Sending notification 'textDocument/didChange'.
2024-05-14 21:36:58.821 [info] [Trace - 9:36:58 PM] Sending notification 'textDocument/didChange'.
2024-05-14 21:36:58.922 [info] [Trace - 9:36:58 PM] Sending notification 'textDocument/didChange'.
2024-05-14 21:36:59.178 [info] [Trace - 9:36:59 PM] Sending request 'textDocument/codeAction - (7)'.
2024-05-14 21:36:59.182 [info] [Trace - 9:36:59 PM] Received response 'textDocument/codeAction - (7)' in 4ms.
2024-05-14 21:36:59.195 [info] [Trace - 9:36:59 PM] Sending notification 'textDocument/didChange'.
2024-05-14 21:36:59.449 [info] [Trace - 9:36:59 PM] Sending request 'textDocument/codeAction - (8)'.
2024-05-14 21:36:59.452 [info] [Trace - 9:36:59 PM] Received response 'textDocument/codeAction - (8)' in 4ms.
2024-05-14 21:37:00.008 [info] [Trace - 9:37:00 PM] Sending notification 'textDocument/didChange'.
2024-05-14 21:37:00.114 [info] [Trace - 9:37:00 PM] Sending notification 'textDocument/didChange'.
2024-05-14 21:37:00.265 [info] [Trace - 9:37:00 PM] Sending notification 'textDocument/didChange'.
2024-05-14 21:37:00.520 [info] [Trace - 9:37:00 PM] Sending request 'textDocument/codeAction - (9)'.
2024-05-14 21:37:00.523 [info] [Trace - 9:37:00 PM] Received response 'textDocument/codeAction - (9)' in 3ms.
2024-05-14 21:37:00.746 [info] [Trace - 9:37:00 PM] Sending notification 'textDocument/didChange'.
2024-05-14 21:37:01.001 [info] [Trace - 9:37:01 PM] Sending request 'textDocument/codeAction - (10)'.
2024-05-14 21:37:01.004 [info] [Trace - 9:37:01 PM] Received response 'textDocument/codeAction - (10)' in 3ms.
2024-05-14 21:37:01.114 [info] [Trace - 9:37:01 PM] Sending notification 'textDocument/didChange'.
2024-05-14 21:37:01.370 [info] [Trace - 9:37:01 PM] Sending request 'textDocument/codeAction - (11)'.
2024-05-14 21:37:01.373 [info] [Trace - 9:37:01 PM] Received response 'textDocument/codeAction - (11)' in 3ms.
2024-05-14 21:37:01.947 [info] [Trace - 9:37:01 PM] Sending notification 'textDocument/didOpen'.
2024-05-14 21:37:01.949 [info] [Trace - 9:37:01 PM] Received notification 'textDocument/publishDiagnostics'.
2024-05-14 21:37:02.011 [info] [Trace - 9:37:02 PM] Sending request 'textDocument/codeAction - (12)'.
2024-05-14 21:37:02.013 [info] [Trace - 9:37:02 PM] Received response 'textDocument/codeAction - (12)' in 2ms.
2024-05-14 21:37:07.620 [info] [Trace - 9:37:07 PM] Sending request 'textDocument/codeAction - (13)'.
2024-05-14 21:37:07.624 [info] [Trace - 9:37:07 PM] Received response 'textDocument/codeAction - (13)' in 3ms.
2024-05-14 21:37:45.255 [info] [Trace - 9:37:45 PM] Sending request 'textDocument/codeAction - (14)'.
2024-05-14 21:37:45.261 [info] [Trace - 9:37:45 PM] Received response 'textDocument/codeAction - (14)' in 5ms.
2024-05-14 21:37:56.210 [info] [Trace - 9:37:56 PM] Sending request 'textDocument/codeAction - (15)'.
2024-05-14 21:37:56.211 [info] [Trace - 9:37:56 PM] Received response 'textDocument/codeAction - (15)' in 1ms.
2024-05-14 21:37:56.462 [info] [Trace - 9:37:56 PM] Sending request 'textDocument/codeAction - (16)'.
2024-05-14 21:37:56.465 [info] [Trace - 9:37:56 PM] Received response 'textDocument/codeAction - (16)' in 3ms.
2024-05-14 21:37:56.689 [info] [Trace - 9:37:56 PM] Sending request 'textDocument/codeAction - (17)'.
2024-05-14 21:37:56.690 [info] [Trace - 9:37:56 PM] Received response 'textDocument/codeAction - (17)' in 1ms.
2024-05-14 21:37:57.119 [info] [Trace - 9:37:57 PM] Sending request 'textDocument/codeAction - (18)'.
2024-05-14 21:37:57.120 [info] [Trace - 9:37:57 PM] Received response 'textDocument/codeAction - (18)' in 1ms.
2024-05-14 21:37:57.371 [info] [Trace - 9:37:57 PM] Sending request 'textDocument/codeAction - (19)'.
2024-05-14 21:37:57.374 [info] [Trace - 9:37:57 PM] Received response 'textDocument/codeAction - (19)' in 3ms.
2024-05-14 21:38:12.842 [info] [Trace - 9:38:12 PM] Sending request 'shutdown - (20)'.
2024-05-14 21:38:12.849 [info] [Trace - 9:38:12 PM] Received response 'shutdown - (20)' in 11ms.
2024-05-14 21:38:12.849 [info] [Trace - 9:38:12 PM] Sending notification 'exit'.
