2024-05-14 21:35:47.071 [info] Name: Ruff
2024-05-14 21:35:47.071 [info] Module: ruff
2024-05-14 21:35:47.071 [info] Python extension loading
2024-05-14 21:35:47.071 [info] Waiting for interpreter from python extension.
2024-05-14 21:35:48.359 [info] Python extension loaded
2024-05-14 21:35:48.380 [info] Server run command: /bin/python /home/j/.vscode-oss/extensions/charliermarsh.ruff-2024.20.0-linux-x64/bundled/tool/server.py
2024-05-14 21:35:48.380 [info] Server: Start requested.
2024-05-14 21:35:48.841 [info] 2024-05-14 21:35:48,841 INFO Starting IO server

2024-05-14 21:35:48.868 [info] Workspace settings: [
    {
        "cwd": "/home/j/dsc",
        "workspace": "file:///home/j/dsc",
        "path": [],
        "ignoreStandardLibrary": true,
        "interpreter": [
            "/bin/python"
        ],
        "importStrategy": "fromEnvironment",
        "codeAction": {
            "fixViolation": {
                "enable": true
            },
            "disableRuleComment": {
                "enable": true
            }
        },
        "lint": {
            "enable": true,
            "run": "onType",
            "args": []
        },
        "format": {
            "args": []
        },
        "enable": true,
        "organizeImports": true,
        "fixAll": true,
        "showNotifications": "off"
    }
]
2024-05-14 21:35:48.868 [info] Global settings: {
    "cwd": "/home/j",
    "workspace": "/home/j",
    "path": [],
    "ignoreStandardLibrary": true,
    "interpreter": [],
    "importStrategy": "fromEnvironment",
    "codeAction": {
        "fixViolation": {
            "enable": true
        },
        "disableRuleComment": {
            "enable": true
        }
    },
    "lint": {
        "enable": true,
        "run": "onType",
        "args": []
    },
    "format": {
        "args": []
    },
    "enable": true,
    "organizeImports": true,
    "fixAll": true,
    "showNotifications": "off"
}
2024-05-14 21:35:48.884 [info] [Trace - 9:35:48 PM] Sending request 'textDocument/codeAction - (1)'.
2024-05-14 21:35:48.885 [info] [Trace - 9:35:48 PM] Received notification 'window/logMessage'.
2024-05-14 21:35:48.885 [info] Interpreter executable (/usr/bin/ruff) not found
2024-05-14 21:35:48.885 [info] [Trace - 9:35:48 PM] Received notification 'window/logMessage'.
2024-05-14 21:35:48.885 [info] Falling back to bundled executable: /home/j/.vscode-oss/extensions/charliermarsh.ruff-2024.20.0-linux-x64/bundled/libs/bin/ruff
2024-05-14 21:35:48.886 [info] [Trace - 9:35:48 PM] Received notification 'window/logMessage'.
2024-05-14 21:35:48.886 [info] Inferred version 0.4.1 for: /home/j/.vscode-oss/extensions/charliermarsh.ruff-2024.20.0-linux-x64/bundled/libs/bin/ruff
2024-05-14 21:35:48.886 [info] [Trace - 9:35:48 PM] Received notification 'window/logMessage'.
2024-05-14 21:35:48.886 [info] Found ruff 0.4.1 at /home/j/.vscode-oss/extensions/charliermarsh.ruff-2024.20.0-linux-x64/bundled/libs/bin/ruff
2024-05-14 21:35:48.886 [info] [Trace - 9:35:48 PM] Received notification 'window/logMessage'.
2024-05-14 21:35:48.886 [info] Running Ruff with: /home/j/.vscode-oss/extensions/charliermarsh.ruff-2024.20.0-linux-x64/bundled/libs/bin/ruff ['check', '--force-exclude', '--no-cache', '--no-fix', '--quiet', '--output-format', 'json', '-', '--stdin-filename', '/home/j/dsc/learnml/numpy/numpy_intro.ipynb']
2024-05-14 21:35:48.892 [info] [Trace - 9:35:48 PM] Received response 'textDocument/codeAction - (1)' in 7ms.
2024-05-14 21:35:48.914 [info] [Trace - 9:35:48 PM] Sending request 'textDocument/codeAction - (2)'.
2024-05-14 21:35:48.916 [info] [Trace - 9:35:48 PM] Received response 'textDocument/codeAction - (2)' in 2ms.
2024-05-14 21:35:49.040 [info] [Trace - 9:35:49 PM] Sending request 'textDocument/codeAction - (3)'.
2024-05-14 21:35:49.041 [info] [Trace - 9:35:49 PM] Received response 'textDocument/codeAction - (3)' in 1ms.
2024-05-14 21:35:59.485 [info] [Trace - 9:35:59 PM] Sending request 'shutdown - (4)'.
2024-05-14 21:35:59.493 [info] [Trace - 9:35:59 PM] Received response 'shutdown - (4)' in 18ms.
2024-05-14 21:35:59.493 [info] [Trace - 9:35:59 PM] Sending notification 'exit'.
