2024-05-12 09:36:02.064 [info] Initial editor state {"filesToOpenOrCreate":[{"fileUri":{"$mid":1,"path":"/home/j/dsc/learnml/linear-regression/--ozone-platform-hint=wayland","scheme":"file"},"type":1,"exists":false},{"fileUri":{"$mid":1,"path":"/home/j/dsc/learnml/linear-regression/--disable-gpu","scheme":"file"},"type":1,"exists":false}],"filesToDiff":[],"filesToMerge":[]}
2024-05-12 09:36:02.356 [info] Started local extension host with pid 686201.
2024-05-12 09:36:05.243 [info] [perf] Render performance baseline is 20ms
2024-05-12 09:36:35.469 [error] Cancelled: Canceled
    at ee.B (vscode-file://vscode-app/usr/lib/code/out/vs/workbench/workbench.desktop.main.js:793:24033)
    at async ee.z (vscode-file://vscode-app/usr/lib/code/out/vs/workbench/workbench.desktop.main.js:793:20829)
    at async ee.z (vscode-file://vscode-app/usr/lib/code/out/vs/workbench/workbench.desktop.main.js:793:21774)
    at async Z (vscode-file://vscode-app/usr/lib/code/out/vs/workbench/workbench.desktop.main.js:793:19756)
    at async ee.query (vscode-file://vscode-app/usr/lib/code/out/vs/workbench/workbench.desktop.main.js:793:20054)
    at async Q.queryGallery (vscode-file://vscode-app/usr/lib/code/out/vs/workbench/workbench.desktop.main.js:2460:13663)
    at async ne.Kc (vscode-file://vscode-app/usr/lib/code/out/vs/workbench/workbench.desktop.main.js:2396:23125)
    at async ne.uc (vscode-file://vscode-app/usr/lib/code/out/vs/workbench/workbench.desktop.main.js:2396:14733)
    at async vscode-file://vscode-app/usr/lib/code/out/vs/workbench/workbench.desktop.main.js:2396:13032
2024-05-12 09:36:50.821 [error] Cancelled: Canceled
    at ee.B (vscode-file://vscode-app/usr/lib/code/out/vs/workbench/workbench.desktop.main.js:793:24033)
    at async ee.z (vscode-file://vscode-app/usr/lib/code/out/vs/workbench/workbench.desktop.main.js:793:20829)
    at async Z (vscode-file://vscode-app/usr/lib/code/out/vs/workbench/workbench.desktop.main.js:793:19756)
    at async ee.query (vscode-file://vscode-app/usr/lib/code/out/vs/workbench/workbench.desktop.main.js:793:20054)
    at async Q.queryGallery (vscode-file://vscode-app/usr/lib/code/out/vs/workbench/workbench.desktop.main.js:2460:13663)
    at async ne.Kc (vscode-file://vscode-app/usr/lib/code/out/vs/workbench/workbench.desktop.main.js:2396:23125)
    at async ne.uc (vscode-file://vscode-app/usr/lib/code/out/vs/workbench/workbench.desktop.main.js:2396:14733)
    at async vscode-file://vscode-app/usr/lib/code/out/vs/workbench/workbench.desktop.main.js:2396:13032
2024-05-12 09:36:51.741 [error] Cancelled: Canceled
    at ee.B (vscode-file://vscode-app/usr/lib/code/out/vs/workbench/workbench.desktop.main.js:793:24033)
    at async ee.z (vscode-file://vscode-app/usr/lib/code/out/vs/workbench/workbench.desktop.main.js:793:20829)
    at async ee.z (vscode-file://vscode-app/usr/lib/code/out/vs/workbench/workbench.desktop.main.js:793:21774)
    at async Z (vscode-file://vscode-app/usr/lib/code/out/vs/workbench/workbench.desktop.main.js:793:19756)
    at async ee.query (vscode-file://vscode-app/usr/lib/code/out/vs/workbench/workbench.desktop.main.js:793:20054)
    at async Q.queryGallery (vscode-file://vscode-app/usr/lib/code/out/vs/workbench/workbench.desktop.main.js:2460:13663)
    at async Me.Kc (vscode-file://vscode-app/usr/lib/code/out/vs/workbench/workbench.desktop.main.js:2396:23125)
    at async Me.uc (vscode-file://vscode-app/usr/lib/code/out/vs/workbench/workbench.desktop.main.js:2396:14733)
    at async vscode-file://vscode-app/usr/lib/code/out/vs/workbench/workbench.desktop.main.js:2396:13032
2024-05-12 09:37:09.236 [error] Cancelled: Canceled
    at ee.B (vscode-file://vscode-app/usr/lib/code/out/vs/workbench/workbench.desktop.main.js:793:24033)
    at async ee.z (vscode-file://vscode-app/usr/lib/code/out/vs/workbench/workbench.desktop.main.js:793:20829)
    at async ee.z (vscode-file://vscode-app/usr/lib/code/out/vs/workbench/workbench.desktop.main.js:793:21774)
    at async Z (vscode-file://vscode-app/usr/lib/code/out/vs/workbench/workbench.desktop.main.js:793:19756)
    at async ee.query (vscode-file://vscode-app/usr/lib/code/out/vs/workbench/workbench.desktop.main.js:793:20054)
    at async Q.queryGallery (vscode-file://vscode-app/usr/lib/code/out/vs/workbench/workbench.desktop.main.js:2460:13663)
    at async ne.Kc (vscode-file://vscode-app/usr/lib/code/out/vs/workbench/workbench.desktop.main.js:2396:23125)
    at async ne.uc (vscode-file://vscode-app/usr/lib/code/out/vs/workbench/workbench.desktop.main.js:2396:14733)
    at async vscode-file://vscode-app/usr/lib/code/out/vs/workbench/workbench.desktop.main.js:2396:13032
2024-05-12 09:37:19.759 [error] [EricSia.pythonsnippets3pro]: Unknown language in `contributes.pythonsnippets3pro.language`. Provided value: django-html
2024-05-12 09:37:19.759 [error] [EricSia.pythonsnippets3pro]: Unknown language in `contributes.pythonsnippets3pro.language`. Provided value: django-txt
2024-05-12 09:37:30.439 [error] Extension 'ms-python.debugpy CANNOT USE these API proposals 'portsAttributes, contribIssueReporter, debugVisualization'. You MUST start in extension development mode or use the --enable-proposed-api command line flag
2024-05-12 09:37:30.439 [error] Extension 'ms-python.python CANNOT USE these API proposals 'contribEditorContentMenu, quickPickSortByLabel, testObserver, quickPickItemTooltip, terminalDataWriteEvent, terminalExecuteCommandEvent, contribIssueReporter'. You MUST start in extension development mode or use the --enable-proposed-api command line flag
2024-05-12 09:37:30.457 [error] [ms-python.debugpy]: issue/reporter is a proposed menu identifier. It requires 'package.json#enabledApiProposals: ["contribIssueReporter"]' and is only available when running out of dev or with the following command line switch: --enable-proposed-api ms-python.debugpy
2024-05-12 09:37:30.457 [error] [ms-python.python]: issue/reporter is a proposed menu identifier. It requires 'package.json#enabledApiProposals: ["contribIssueReporter"]' and is only available when running out of dev or with the following command line switch: --enable-proposed-api ms-python.python
2024-05-12 09:37:30.457 [error] [ms-python.python]: editor/content is a proposed menu identifier. It requires 'package.json#enabledApiProposals: ["contribEditorContentMenu"]' and is only available when running out of dev or with the following command line switch: --enable-proposed-api ms-python.python
2024-05-12 09:37:41.993 [error] [tht13.python]: 'configuration.jsonValidation.url' must be an absolute URL or start with './'  to reference schemas located in the extension.
2024-05-12 09:37:42.041 [error] [EricSia.pythonsnippets3pro]: Unknown language in `contributes.pythonsnippets3pro.language`. Provided value: django-html
2024-05-12 09:37:42.042 [error] [EricSia.pythonsnippets3pro]: Unknown language in `contributes.pythonsnippets3pro.language`. Provided value: django-txt
2024-05-12 09:38:48.812 [error] [ms-python.debugpy]: issue/reporter is a proposed menu identifier. It requires 'package.json#enabledApiProposals: ["contribIssueReporter"]' and is only available when running out of dev or with the following command line switch: --enable-proposed-api ms-python.debugpy
2024-05-12 09:38:48.813 [error] [ms-python.python]: issue/reporter is a proposed menu identifier. It requires 'package.json#enabledApiProposals: ["contribIssueReporter"]' and is only available when running out of dev or with the following command line switch: --enable-proposed-api ms-python.python
2024-05-12 09:38:48.814 [error] [ms-python.python]: editor/content is a proposed menu identifier. It requires 'package.json#enabledApiProposals: ["contribEditorContentMenu"]' and is only available when running out of dev or with the following command line switch: --enable-proposed-api ms-python.python
2024-05-12 09:38:59.059 [error] [ms-python.debugpy]: issue/reporter is a proposed menu identifier. It requires 'package.json#enabledApiProposals: ["contribIssueReporter"]' and is only available when running out of dev or with the following command line switch: --enable-proposed-api ms-python.debugpy
2024-05-12 09:38:59.060 [error] [ms-python.python]: issue/reporter is a proposed menu identifier. It requires 'package.json#enabledApiProposals: ["contribIssueReporter"]' and is only available when running out of dev or with the following command line switch: --enable-proposed-api ms-python.python
2024-05-12 09:38:59.060 [error] [ms-python.python]: editor/content is a proposed menu identifier. It requires 'package.json#enabledApiProposals: ["contribEditorContentMenu"]' and is only available when running out of dev or with the following command line switch: --enable-proposed-api ms-python.python
2024-05-12 09:39:14.907 [error] [ms-python.debugpy]: issue/reporter is a proposed menu identifier. It requires 'package.json#enabledApiProposals: ["contribIssueReporter"]' and is only available when running out of dev or with the following command line switch: --enable-proposed-api ms-python.debugpy
2024-05-12 09:39:14.907 [error] [ms-python.python]: issue/reporter is a proposed menu identifier. It requires 'package.json#enabledApiProposals: ["contribIssueReporter"]' and is only available when running out of dev or with the following command line switch: --enable-proposed-api ms-python.python
2024-05-12 09:39:14.907 [error] [ms-python.python]: editor/content is a proposed menu identifier. It requires 'package.json#enabledApiProposals: ["contribEditorContentMenu"]' and is only available when running out of dev or with the following command line switch: --enable-proposed-api ms-python.python
2024-05-12 09:39:49.549 [error] [ms-python.debugpy]: issue/reporter is a proposed menu identifier. It requires 'package.json#enabledApiProposals: ["contribIssueReporter"]' and is only available when running out of dev or with the following command line switch: --enable-proposed-api ms-python.debugpy
2024-05-12 09:39:49.549 [error] [ms-python.python]: issue/reporter is a proposed menu identifier. It requires 'package.json#enabledApiProposals: ["contribIssueReporter"]' and is only available when running out of dev or with the following command line switch: --enable-proposed-api ms-python.python
2024-05-12 09:39:49.551 [error] [ms-python.python]: editor/content is a proposed menu identifier. It requires 'package.json#enabledApiProposals: ["contribEditorContentMenu"]' and is only available when running out of dev or with the following command line switch: --enable-proposed-api ms-python.python
2024-05-12 09:40:54.767 [error] Extension 'ms-toolsai.jupyter-renderers CANNOT USE these API proposals 'contribNotebookStaticPreloads'. You MUST start in extension development mode or use the --enable-proposed-api command line flag
2024-05-12 09:40:54.767 [error] Extension 'ms-toolsai.jupyter CANNOT USE these API proposals 'notebookDeprecated, notebookMessaging, notebookMime, notebookCellExecutionState, contribNotebookStaticPreloads, portsAttributes, quickPickSortByLabel, notebookKernelSource, interactiveWindow, quickPickItemTooltip, notebookExecution, notebookCellExecution, notebookVariableProvider'. You MUST start in extension development mode or use the --enable-proposed-api command line flag
2024-05-12 09:40:54.787 [error] [ms-python.debugpy]: issue/reporter is a proposed menu identifier. It requires 'package.json#enabledApiProposals: ["contribIssueReporter"]' and is only available when running out of dev or with the following command line switch: --enable-proposed-api ms-python.debugpy
2024-05-12 09:40:54.787 [error] [ms-python.python]: issue/reporter is a proposed menu identifier. It requires 'package.json#enabledApiProposals: ["contribIssueReporter"]' and is only available when running out of dev or with the following command line switch: --enable-proposed-api ms-python.python
2024-05-12 09:40:54.787 [error] [ms-python.python]: editor/content is a proposed menu identifier. It requires 'package.json#enabledApiProposals: ["contribEditorContentMenu"]' and is only available when running out of dev or with the following command line switch: --enable-proposed-api ms-python.python
2024-05-12 09:41:08.035 [error] Failed: Server returned 503
    at B (/usr/lib/code/out/vs/code/node/sharedProcess/sharedProcessMain.js:104:146780)
    at async B.z (/usr/lib/code/out/vs/code/node/sharedProcess/sharedProcessMain.js:104:143619)
    at async B.getExtensions (/usr/lib/code/out/vs/code/node/sharedProcess/sharedProcessMain.js:104:140341)
    at async R (/usr/lib/code/out/vs/code/node/sharedProcess/sharedProcessMain.js:104:68591)
    at async K.M (/usr/lib/code/out/vs/code/node/sharedProcess/sharedProcessMain.js:104:69062)
    at async /usr/lib/code/out/vs/code/node/sharedProcess/sharedProcessMain.js:104:62909
    at async Promise.all (index 0)
    at async K.I (/usr/lib/code/out/vs/code/node/sharedProcess/sharedProcessMain.js:104:62696)
    at async K.installGalleryExtensions (/usr/lib/code/out/vs/code/node/sharedProcess/sharedProcessMain.js:104:60369)
    at async K.installFromGallery (/usr/lib/code/out/vs/code/node/sharedProcess/sharedProcessMain.js:104:59585)
2024-05-12 09:41:08.066 [error] Server returned 503: Failed: Server returned 503
    at B (/usr/lib/code/out/vs/code/node/sharedProcess/sharedProcessMain.js:104:146780)
    at async B.z (/usr/lib/code/out/vs/code/node/sharedProcess/sharedProcessMain.js:104:143619)
    at async B.getExtensions (/usr/lib/code/out/vs/code/node/sharedProcess/sharedProcessMain.js:104:140341)
    at async R (/usr/lib/code/out/vs/code/node/sharedProcess/sharedProcessMain.js:104:68591)
    at async K.M (/usr/lib/code/out/vs/code/node/sharedProcess/sharedProcessMain.js:104:69062)
    at async /usr/lib/code/out/vs/code/node/sharedProcess/sharedProcessMain.js:104:62909
    at async Promise.all (index 0)
    at async K.I (/usr/lib/code/out/vs/code/node/sharedProcess/sharedProcessMain.js:104:62696)
    at async K.installGalleryExtensions (/usr/lib/code/out/vs/code/node/sharedProcess/sharedProcessMain.js:104:60369)
    at async K.installFromGallery (/usr/lib/code/out/vs/code/node/sharedProcess/sharedProcessMain.js:104:59585)
2024-05-12 09:41:46.423 [error] [ms-python.debugpy]: issue/reporter is a proposed menu identifier. It requires 'package.json#enabledApiProposals: ["contribIssueReporter"]' and is only available when running out of dev or with the following command line switch: --enable-proposed-api ms-python.debugpy
2024-05-12 09:41:46.423 [error] [ms-python.python]: issue/reporter is a proposed menu identifier. It requires 'package.json#enabledApiProposals: ["contribIssueReporter"]' and is only available when running out of dev or with the following command line switch: --enable-proposed-api ms-python.python
2024-05-12 09:41:46.423 [error] [ms-python.python]: editor/content is a proposed menu identifier. It requires 'package.json#enabledApiProposals: ["contribEditorContentMenu"]' and is only available when running out of dev or with the following command line switch: --enable-proposed-api ms-python.python
2024-05-12 09:42:34.565 [error] Cancelled: Canceled
    at ee.B (vscode-file://vscode-app/usr/lib/code/out/vs/workbench/workbench.desktop.main.js:793:24033)
    at async ee.z (vscode-file://vscode-app/usr/lib/code/out/vs/workbench/workbench.desktop.main.js:793:20829)
    at async ee.z (vscode-file://vscode-app/usr/lib/code/out/vs/workbench/workbench.desktop.main.js:793:21774)
    at async Z (vscode-file://vscode-app/usr/lib/code/out/vs/workbench/workbench.desktop.main.js:793:19756)
    at async ee.query (vscode-file://vscode-app/usr/lib/code/out/vs/workbench/workbench.desktop.main.js:793:20054)
    at async Q.queryGallery (vscode-file://vscode-app/usr/lib/code/out/vs/workbench/workbench.desktop.main.js:2460:13663)
    at async Me.Kc (vscode-file://vscode-app/usr/lib/code/out/vs/workbench/workbench.desktop.main.js:2396:23125)
    at async Me.uc (vscode-file://vscode-app/usr/lib/code/out/vs/workbench/workbench.desktop.main.js:2396:14733)
    at async vscode-file://vscode-app/usr/lib/code/out/vs/workbench/workbench.desktop.main.js:2396:13032
2024-05-12 09:42:41.922 [error] [ms-python.debugpy]: issue/reporter is a proposed menu identifier. It requires 'package.json#enabledApiProposals: ["contribIssueReporter"]' and is only available when running out of dev or with the following command line switch: --enable-proposed-api ms-python.debugpy
2024-05-12 09:42:41.922 [error] [ms-python.python]: issue/reporter is a proposed menu identifier. It requires 'package.json#enabledApiProposals: ["contribIssueReporter"]' and is only available when running out of dev or with the following command line switch: --enable-proposed-api ms-python.python
2024-05-12 09:42:41.922 [error] [ms-python.python]: editor/content is a proposed menu identifier. It requires 'package.json#enabledApiProposals: ["contribEditorContentMenu"]' and is only available when running out of dev or with the following command line switch: --enable-proposed-api ms-python.python
