2024-05-12 09:36:02.299 [info] Added views:workbench.panel.markers.view in workbench.panel.markers
2024-05-12 09:36:02.299 [info] Added views:workbench.panel.output in workbench.panel.output
2024-05-12 09:36:02.299 [info] Added views:terminal in terminal
2024-05-12 09:36:02.299 [info] Added views:outline in workbench.view.explorer
2024-05-12 09:36:02.299 [info] Added views:workbench.scm in workbench.view.scm
2024-05-12 09:36:02.299 [info] Added views:workbench.view.search in workbench.view.search
2024-05-12 09:36:02.299 [info] Added views:timeline in workbench.view.explorer
2024-05-12 09:36:02.299 [info] Added views:workbench.explorer.emptyView in workbench.view.explorer
2024-05-12 09:36:02.603 [info] Added views:workbench.debug.welcome in workbench.view.debug
2024-05-12 09:36:02.904 [info] Added views:workbench.panel.repl.view in workbench.panel.repl
2024-05-12 09:36:03.102 [info] Added views:~remote.forwardedPorts in ~remote.forwardedPortsContainer
2024-05-12 09:36:29.157 [info] Added views:workbench.views.extensions.installed,workbench.views.extensions.popular,extensions.recommendedList in workbench.view.extensions
2024-05-12 09:36:29.160 [info] Removed views:workbench.views.extensions.popular from workbench.view.extensions
2024-05-12 09:36:29.496 [info] Added views:workbench.views.extensions.popular in workbench.view.extensions
2024-05-12 09:36:35.458 [info] Removed views:extensions.recommendedList,workbench.views.extensions.popular,workbench.views.extensions.installed from workbench.view.extensions
2024-05-12 09:36:35.467 [info] Added views:workbench.views.extensions.marketplace in workbench.view.extensions
2024-05-12 09:36:50.055 [info] Removed views:workbench.views.extensions.marketplace from workbench.view.extensions
2024-05-12 09:36:50.069 [info] Added views:workbench.views.extensions.installed,workbench.views.extensions.popular,extensions.recommendedList in workbench.view.extensions
2024-05-12 09:36:50.810 [info] Removed views:extensions.recommendedList,workbench.views.extensions.popular,workbench.views.extensions.installed from workbench.view.extensions
2024-05-12 09:36:50.819 [info] Added views:workbench.views.extensions.marketplace in workbench.view.extensions
2024-05-12 09:37:05.009 [info] Removed views:workbench.views.extensions.marketplace from workbench.view.extensions
2024-05-12 09:37:05.021 [info] Added views:workbench.views.extensions.installed,workbench.views.extensions.popular,extensions.recommendedList in workbench.view.extensions
2024-05-12 09:37:09.186 [info] Removed views:extensions.recommendedList,workbench.views.extensions.popular,workbench.views.extensions.installed from workbench.view.extensions
2024-05-12 09:37:09.235 [info] Added views:workbench.views.extensions.marketplace in workbench.view.extensions
2024-05-12 09:39:14.921 [info] Added views:volc.kernel.view,volc.spark.view,volc.help.view in workbench.view.extension.volc-kernel
2024-05-12 09:39:49.562 [info] Added views:ipyNavigator in workbench.view.extension.ipy-navigator
2024-05-12 09:41:46.437 [info] Added views:codeium.chatPanelView,codeium.searchPanelView in workbench.view.extension.codeium
2024-05-12 09:41:46.934 [info] Added views:workbench.panel.comments in workbench.panel.comments
