2024-06-09 20:14:18.763 [info] Initial editor state {"filesToOpenOrCreate":[{"fileUri":{"$mid":1,"path":"/home/j/--ozone-platform-hint=wayland","scheme":"file"},"type":1,"exists":false},{"fileUri":{"$mid":1,"path":"/home/j/--disable-gpu","scheme":"file"},"type":1,"exists":false}],"filesToDiff":[],"filesToMerge":[]}
2024-06-09 20:14:19.164 [info] Started local extension host with pid 433477.
2024-06-09 20:14:19.689 [error] Extension 'ms-python.debugpy CANNOT USE these API proposals 'portsAttributes, contribIssueReporter, debugVisualization'. You MUST start in extension development mode or use the --enable-proposed-api command line flag
2024-06-09 20:14:19.689 [error] Extension 'ms-python.python CANNOT USE these API proposals 'contribEditorContentMenu, quickPickSortByLabel, testObserver, quickPickItemTooltip, terminalDataWriteEvent, terminalExecuteCommandEvent, contribIssueReporter'. You MUST start in extension development mode or use the --enable-proposed-api command line flag
2024-06-09 20:14:19.690 [error] Extension 'ms-toolsai.jupyter CANNOT USE these API proposals 'notebookDeprecated, notebookMessaging, notebookMime, notebookCellExecutionState, contribNotebookStaticPreloads, portsAttributes, quickPickSortByLabel, notebookKernelSource, interactiveWindow, quickPickItemTooltip, notebookExecution, notebookCellExecution, notebookVariableProvider'. You MUST start in extension development mode or use the --enable-proposed-api command line flag
2024-06-09 20:14:19.690 [error] Extension 'ms-toolsai.jupyter-renderers CANNOT USE these API proposals 'contribNotebookStaticPreloads'. You MUST start in extension development mode or use the --enable-proposed-api command line flag
2024-06-09 20:14:19.745 [error] [tht13.python]: 'configuration.jsonValidation.url' must be an absolute URL or start with './'  to reference schemas located in the extension.
2024-06-09 20:14:19.770 [error] [ms-python.debugpy]: issue/reporter is a proposed menu identifier. It requires 'package.json#enabledApiProposals: ["contribIssueReporter"]' and is only available when running out of dev or with the following command line switch: --enable-proposed-api ms-python.debugpy
2024-06-09 20:14:19.771 [error] [ms-python.python]: issue/reporter is a proposed menu identifier. It requires 'package.json#enabledApiProposals: ["contribIssueReporter"]' and is only available when running out of dev or with the following command line switch: --enable-proposed-api ms-python.python
2024-06-09 20:14:19.771 [error] [ms-python.python]: editor/content is a proposed menu identifier. It requires 'package.json#enabledApiProposals: ["contribEditorContentMenu"]' and is only available when running out of dev or with the following command line switch: --enable-proposed-api ms-python.python
2024-06-09 20:14:20.103 [error] [EricSia.pythonsnippets3pro]: Unknown language in `contributes.pythonsnippets3pro.language`. Provided value: django-html
2024-06-09 20:14:20.103 [error] [EricSia.pythonsnippets3pro]: Unknown language in `contributes.pythonsnippets3pro.language`. Provided value: django-txt
2024-06-09 20:14:21.877 [error] ENOENT: no such file or directory, open '/home/j/.config/Code - OSS/User/globalStorage/vscodevim.vim/.registers': Error: ENOENT: no such file or directory, open '/home/j/.config/Code - OSS/User/globalStorage/vscodevim.vim/.registers'
2024-06-09 20:14:22.336 [info] [perf] Render performance baseline is 18ms
2024-06-09 20:26:44.513 [error] [Extension Host] FetchError: Unleash Repository error: request to https://unleash.codeium.com/api/client/features failed, reason: getaddrinfo ENOTFOUND unleash.codeium.com
	at ClientRequest.<anonymous> (/home/j/.vscode-oss/extensions/codeium.codeium-1.8.36-universal/dist/extension.js:2:2688720)
	at ClientRequest.emit (node:events:526:35)
	at ClientRequest.emit (node:domain:488:12)
	at TLSSocket.socketErrorListener (node:_http_client:495:9)
	at TLSSocket.emit (node:events:514:28)
	at TLSSocket.emit (node:domain:488:12)
	at emitErrorNT (node:internal/streams/destroy:151:8)
	at emitErrorCloseNT (node:internal/streams/destroy:116:3)
	at process.processTicksAndRejections (node:internal/process/task_queues:82:21)
2024-06-09 20:29:55.587 [error] [Extension Host] FetchError: Unleash Repository error: network timeout at: https://unleash.codeium.com/api/client/features
	at Timeout.<anonymous> (/home/j/.vscode-oss/extensions/codeium.codeium-1.8.36-universal/dist/extension.js:2:2688594)
	at listOnTimeout (node:internal/timers:573:17)
	at process.processTimers (node:internal/timers:514:7)
2024-06-09 20:32:00.136 [error] [Extension Host] FetchError: Unleash Repository error: request to https://unleash.codeium.com/api/client/features failed, reason: getaddrinfo ENOTFOUND unleash.codeium.com
	at ClientRequest.<anonymous> (/home/j/.vscode-oss/extensions/codeium.codeium-1.8.36-universal/dist/extension.js:2:2688720)
	at ClientRequest.emit (node:events:526:35)
	at ClientRequest.emit (node:domain:488:12)
	at TLSSocket.socketErrorListener (node:_http_client:495:9)
	at TLSSocket.emit (node:events:514:28)
	at TLSSocket.emit (node:domain:488:12)
	at emitErrorNT (node:internal/streams/destroy:151:8)
	at emitErrorCloseNT (node:internal/streams/destroy:116:3)
	at process.processTicksAndRejections (node:internal/process/task_queues:82:21)
2024-06-09 20:33:05.174 [error] [Extension Host] FetchError: Unleash Repository error: request to https://unleash.codeium.com/api/client/features failed, reason: getaddrinfo ENOTFOUND unleash.codeium.com
	at ClientRequest.<anonymous> (/home/j/.vscode-oss/extensions/codeium.codeium-1.8.36-universal/dist/extension.js:2:2688720)
	at ClientRequest.emit (node:events:526:35)
	at ClientRequest.emit (node:domain:488:12)
	at TLSSocket.socketErrorListener (node:_http_client:495:9)
	at TLSSocket.emit (node:events:514:28)
	at TLSSocket.emit (node:domain:488:12)
	at emitErrorNT (node:internal/streams/destroy:151:8)
	at emitErrorCloseNT (node:internal/streams/destroy:116:3)
	at process.processTicksAndRejections (node:internal/process/task_queues:82:21)
2024-06-09 20:38:20.816 [error] [Extension Host] FetchError: Unleash Repository error: request to https://unleash.codeium.com/api/client/features failed, reason: getaddrinfo ENOTFOUND unleash.codeium.com
	at ClientRequest.<anonymous> (/home/j/.vscode-oss/extensions/codeium.codeium-1.8.36-universal/dist/extension.js:2:2688720)
	at ClientRequest.emit (node:events:526:35)
	at ClientRequest.emit (node:domain:488:12)
	at TLSSocket.socketErrorListener (node:_http_client:495:9)
	at TLSSocket.emit (node:events:514:28)
	at TLSSocket.emit (node:domain:488:12)
	at emitErrorNT (node:internal/streams/destroy:151:8)
	at emitErrorCloseNT (node:internal/streams/destroy:116:3)
	at process.processTicksAndRejections (node:internal/process/task_queues:82:21)
2024-06-09 20:43:45.096 [error] [Extension Host] FetchError: Unleash Repository error: network timeout at: https://unleash.codeium.com/api/client/features
	at Timeout.<anonymous> (/home/j/.vscode-oss/extensions/codeium.codeium-1.8.36-universal/dist/extension.js:2:2688594)
	at listOnTimeout (node:internal/timers:573:17)
	at process.processTimers (node:internal/timers:514:7)
2024-06-09 20:53:06.233 [error] [Extension Host] FetchError: Unleash Repository error: network timeout at: https://unleash.codeium.com/api/client/features
	at Timeout.<anonymous> (/home/j/.vscode-oss/extensions/codeium.codeium-1.8.36-universal/dist/extension.js:2:2688594)
	at listOnTimeout (node:internal/timers:573:17)
	at process.processTimers (node:internal/timers:514:7)
2024-06-09 21:03:23.370 [error] [Extension Host] FetchError: Unleash Repository error: network timeout at: https://unleash.codeium.com/api/client/features
	at Timeout.<anonymous> (/home/j/.vscode-oss/extensions/codeium.codeium-1.8.36-universal/dist/extension.js:2:2688594)
	at listOnTimeout (node:internal/timers:573:17)
	at process.processTimers (node:internal/timers:514:7)
2024-06-09 21:23:07.193 [error] [Extension Host] FetchError: Unleash Repository error: network timeout at: https://unleash.codeium.com/api/client/features
	at Timeout.<anonymous> (/home/j/.vscode-oss/extensions/codeium.codeium-1.8.36-universal/dist/extension.js:2:2688594)
	at listOnTimeout (node:internal/timers:573:17)
	at process.processTimers (node:internal/timers:514:7)
2024-06-09 21:29:17.471 [error] [Extension Host] FetchError: Unleash Repository error: request to https://unleash.codeium.com/api/client/features failed, reason: getaddrinfo ENOTFOUND unleash.codeium.com
	at ClientRequest.<anonymous> (/home/j/.vscode-oss/extensions/codeium.codeium-1.8.36-universal/dist/extension.js:2:2688720)
	at ClientRequest.emit (node:events:526:35)
	at ClientRequest.emit (node:domain:488:12)
	at TLSSocket.socketErrorListener (node:_http_client:495:9)
	at TLSSocket.emit (node:events:514:28)
	at TLSSocket.emit (node:domain:488:12)
	at emitErrorNT (node:internal/streams/destroy:151:8)
	at emitErrorCloseNT (node:internal/streams/destroy:116:3)
	at process.processTicksAndRejections (node:internal/process/task_queues:82:21)
2024-06-09 21:45:46.405 [error] [Extension Host] FetchError: Unleash Repository error: network timeout at: https://unleash.codeium.com/api/client/features
	at Timeout.<anonymous> (/home/j/.vscode-oss/extensions/codeium.codeium-1.8.36-universal/dist/extension.js:2:2688594)
	at listOnTimeout (node:internal/timers:573:17)
	at process.processTimers (node:internal/timers:514:7)
