2024-06-11 18:37:19.652 [info] Extension host with pid 30684 started
2024-06-11 18:37:19.670 [info] ExtensionService#_doActivateExtension vscode.emmet, startup: false, activationEvent: 'onLanguage'
2024-06-11 18:37:19.691 [info] ExtensionService#_doActivateExtension vscode.git-base, startup: true, activationEvent: '*', root cause: vscode.git
2024-06-11 18:37:19.695 [info] ExtensionService#_doActivateExtension mlplatform.ml-kernel, startup: true, activationEvent: '*'
2024-06-11 18:37:19.738 [info] ExtensionService#_doActivateExtension vscode.git, startup: true, activationEvent: '*'
2024-06-11 18:37:19.758 [info] ExtensionService#_doActivateExtension vscode.github, startup: true, activationEvent: '*'
2024-06-11 18:37:19.780 [error] TypeError: Cannot read properties of undefined (reading 'webview')
	at n.value (/home/j/.vscode-oss/extensions/mlplatform.ml-kernel-0.0.7-universal/dist/extension.js:2:144040)
	at l.y (/usr/lib/code/out/vs/workbench/api/node/extensionHostProcess.js:82:664)
	at l.fire (/usr/lib/code/out/vs/workbench/api/node/extensionHostProcess.js:82:881)
	at t.<anonymous> (/home/j/.vscode-oss/extensions/mlplatform.ml-kernel-0.0.7-universal/dist/extension.js:2:123272)
	at /home/j/.vscode-oss/extensions/mlplatform.ml-kernel-0.0.7-universal/dist/extension.js:2:120148
	at Object.next (/home/j/.vscode-oss/extensions/mlplatform.ml-kernel-0.0.7-universal/dist/extension.js:2:120253)
	at a (/home/j/.vscode-oss/extensions/mlplatform.ml-kernel-0.0.7-universal/dist/extension.js:2:118990)
2024-06-11 18:37:19.793 [info] Eager extensions activated
2024-06-11 18:37:19.816 [info] ExtensionService#_doActivateExtension vscode.debug-auto-launch, startup: false, activationEvent: 'onStartupFinished'
2024-06-11 18:37:19.818 [info] ExtensionService#_doActivateExtension vscode.merge-conflict, startup: false, activationEvent: 'onStartupFinished'
2024-06-11 18:37:19.823 [info] ExtensionService#_doActivateExtension Catppuccin.catppuccin-vsc, startup: false, activationEvent: 'onStartupFinished'
2024-06-11 18:37:19.826 [info] ExtensionService#_doActivateExtension Catppuccin.catppuccin-vsc-icons, startup: false, activationEvent: 'onStartupFinished'
2024-06-11 18:37:19.893 [info] ExtensionService#_doActivateExtension Codeium.codeium, startup: false, activationEvent: 'onStartupFinished'
2024-06-11 18:37:19.992 [info] ExtensionService#_doActivateExtension formulahendry.code-runner, startup: false, activationEvent: 'onStartupFinished'
2024-06-11 18:37:20.008 [info] ExtensionService#_doActivateExtension vscodevim.vim, startup: false, activationEvent: 'onStartupFinished'
2024-06-11 18:37:20.122 [info] ExtensionService#_doActivateExtension vscode.json-language-features, startup: false, activationEvent: 'onLanguage:jsonc'
2024-06-11 18:37:20.135 [info] ExtensionService#_doActivateExtension vscode.typescript-language-features, startup: false, activationEvent: 'onLanguage:jsonc'
2024-06-11 18:37:21.068 [error] Error: ENOENT: no such file or directory, open '/home/j/.config/Code - OSS/User/globalStorage/vscodevim.vim/.registers'
2024-06-11 18:37:52.229 [info] Extension host terminating: renderer closed the MessagePort
2024-06-11 18:37:52.238 [error] Error: ENOENT: no such file or directory, open '/home/j/.config/Code - OSS/User/globalStorage/vscodevim.vim/.registers'
2024-06-11 18:37:52.239 [info] Extension host with pid 30684 exiting with code 0
