2024-05-14 21:33:33.120 [info] Initial editor state {"filesToOpenOrCreate":[{"fileUri":{"$mid":1,"path":"/home/j/--ozone-platform-hint=wayland","scheme":"file"},"type":1,"exists":false},{"fileUri":{"$mid":1,"path":"/home/j/--disable-gpu","scheme":"file"},"type":1,"exists":false}],"filesToDiff":[],"filesToMerge":[]}
2024-05-14 21:33:33.404 [info] Started local extension host with pid 1013514.
2024-05-14 21:33:33.480 [error] Extension 'ms-python.debugpy CANNOT USE these API proposals 'portsAttributes, contribIssueReporter, debugVisualization'. You MUST start in extension development mode or use the --enable-proposed-api command line flag
2024-05-14 21:33:33.481 [error] Extension 'ms-python.python CANNOT USE these API proposals 'contribEditorContentMenu, quickPickSortByLabel, testObserver, quickPickItemTooltip, terminalDataWriteEvent, terminalExecuteCommandEvent, contribIssueReporter'. You MUST start in extension development mode or use the --enable-proposed-api command line flag
2024-05-14 21:33:33.481 [error] Extension 'ms-toolsai.jupyter CANNOT USE these API proposals 'notebookDeprecated, notebookMessaging, notebookMime, notebookCellExecutionState, contribNotebookStaticPreloads, portsAttributes, quickPickSortByLabel, notebookKernelSource, interactiveWindow, quickPickItemTooltip, notebookExecution, notebookCellExecution, notebookVariableProvider'. You MUST start in extension development mode or use the --enable-proposed-api command line flag
2024-05-14 21:33:33.481 [error] Extension 'ms-toolsai.jupyter-renderers CANNOT USE these API proposals 'contribNotebookStaticPreloads'. You MUST start in extension development mode or use the --enable-proposed-api command line flag
2024-05-14 21:33:33.498 [error] [tht13.python]: 'configuration.jsonValidation.url' must be an absolute URL or start with './'  to reference schemas located in the extension.
2024-05-14 21:33:33.510 [error] [ms-python.debugpy]: issue/reporter is a proposed menu identifier. It requires 'package.json#enabledApiProposals: ["contribIssueReporter"]' and is only available when running out of dev or with the following command line switch: --enable-proposed-api ms-python.debugpy
2024-05-14 21:33:33.510 [error] [ms-python.python]: issue/reporter is a proposed menu identifier. It requires 'package.json#enabledApiProposals: ["contribIssueReporter"]' and is only available when running out of dev or with the following command line switch: --enable-proposed-api ms-python.python
2024-05-14 21:33:33.511 [error] [ms-python.python]: editor/content is a proposed menu identifier. It requires 'package.json#enabledApiProposals: ["contribEditorContentMenu"]' and is only available when running out of dev or with the following command line switch: --enable-proposed-api ms-python.python
2024-05-14 21:33:33.621 [error] [EricSia.pythonsnippets3pro]: Unknown language in `contributes.pythonsnippets3pro.language`. Provided value: django-html
2024-05-14 21:33:33.621 [error] [EricSia.pythonsnippets3pro]: Unknown language in `contributes.pythonsnippets3pro.language`. Provided value: django-txt
2024-05-14 21:33:36.048 [info] [perf] Render performance baseline is 17ms
2024-05-14 21:34:26.569 [info] Started local extension host with pid 1013762.
2024-05-14 21:34:26.594 [error] Extension 'ms-python.debugpy CANNOT USE these API proposals 'portsAttributes, contribIssueReporter, debugVisualization'. You MUST start in extension development mode or use the --enable-proposed-api command line flag
2024-05-14 21:34:26.595 [error] Extension 'ms-python.python CANNOT USE these API proposals 'contribEditorContentMenu, quickPickSortByLabel, testObserver, quickPickItemTooltip, terminalDataWriteEvent, terminalExecuteCommandEvent, contribIssueReporter'. You MUST start in extension development mode or use the --enable-proposed-api command line flag
2024-05-14 21:34:26.595 [error] Extension 'ms-toolsai.jupyter CANNOT USE these API proposals 'notebookDeprecated, notebookMessaging, notebookMime, notebookCellExecutionState, contribNotebookStaticPreloads, portsAttributes, quickPickSortByLabel, notebookKernelSource, interactiveWindow, quickPickItemTooltip, notebookExecution, notebookCellExecution, notebookVariableProvider'. You MUST start in extension development mode or use the --enable-proposed-api command line flag
2024-05-14 21:34:26.596 [error] Extension 'ms-toolsai.jupyter-renderers CANNOT USE these API proposals 'contribNotebookStaticPreloads'. You MUST start in extension development mode or use the --enable-proposed-api command line flag
2024-05-14 21:34:26.609 [error] [tht13.python]: 'configuration.jsonValidation.url' must be an absolute URL or start with './'  to reference schemas located in the extension.
2024-05-14 21:34:26.616 [error] [ms-python.debugpy]: issue/reporter is a proposed menu identifier. It requires 'package.json#enabledApiProposals: ["contribIssueReporter"]' and is only available when running out of dev or with the following command line switch: --enable-proposed-api ms-python.debugpy
2024-05-14 21:34:26.617 [error] [ms-python.python]: issue/reporter is a proposed menu identifier. It requires 'package.json#enabledApiProposals: ["contribIssueReporter"]' and is only available when running out of dev or with the following command line switch: --enable-proposed-api ms-python.python
2024-05-14 21:34:26.617 [error] [ms-python.python]: editor/content is a proposed menu identifier. It requires 'package.json#enabledApiProposals: ["contribEditorContentMenu"]' and is only available when running out of dev or with the following command line switch: --enable-proposed-api ms-python.python
2024-05-14 21:34:26.789 [error] [EricSia.pythonsnippets3pro]: Unknown language in `contributes.pythonsnippets3pro.language`. Provided value: django-html
2024-05-14 21:34:26.795 [error] [EricSia.pythonsnippets3pro]: Unknown language in `contributes.pythonsnippets3pro.language`. Provided value: django-txt
2024-05-14 21:34:29.487 [info] [perf] Render performance baseline is 20ms
2024-05-14 21:35:25.365 [error] ENOENT: no such file or directory, open '/home/j/.config/Code - OSS/User/globalStorage/vscodevim.vim/.registers': Error: ENOENT: no such file or directory, open '/home/j/.config/Code - OSS/User/globalStorage/vscodevim.vim/.registers'
2024-05-14 21:35:46.675 [error] [Extension Host] extension activation failed Error: Extension 'ms-toolsai.jupyter' CANNOT use API proposal: notebookCellExecutionState.
Its package.json#enabledApiProposals-property declares:  but NOT notebookCellExecutionState.
 The missing proposal MUST be added and you must start in extension development mode or use the following command line switch: --enable-proposed-api ms-toolsai.jupyter
	at v (/usr/lib/code/out/vs/workbench/api/node/extensionHostProcess.js:141:51558)
	at Object.onDidChangeNotebookCellExecutionState (/usr/lib/code/out/vs/workbench/api/node/extensionHostProcess.js:163:46251)
	at new Gf (/home/j/.vscode-oss/extensions/ms-toolsai.jupyter-2024.3.1-universal/dist/extension.node.js:412:14723)
	at cW (/home/j/.vscode-oss/extensions/ms-toolsai.jupyter-2024.3.1-universal/dist/extension.node.js:7:19484)
	at GZ (/home/j/.vscode-oss/extensions/ms-toolsai.jupyter-2024.3.1-universal/dist/extension.node.js:7:19433)
	at ZZ (/home/j/.vscode-oss/extensions/ms-toolsai.jupyter-2024.3.1-universal/dist/extension.node.js:7:20945)
	at uee (/home/j/.vscode-oss/extensions/ms-toolsai.jupyter-2024.3.1-universal/dist/extension.node.js:7:24128)
	at /home/j/.vscode-oss/extensions/ms-toolsai.jupyter-2024.3.1-universal/dist/extension.node.js:7:24370
	at pee (/home/j/.vscode-oss/extensions/ms-toolsai.jupyter-2024.3.1-universal/dist/extension.node.js:7:24284)
	at dee (/home/j/.vscode-oss/extensions/ms-toolsai.jupyter-2024.3.1-universal/dist/extension.node.js:7:24345)
	at /home/j/.vscode-oss/extensions/ms-toolsai.jupyter-2024.3.1-universal/dist/extension.node.js:7:23553
	at /home/j/.vscode-oss/extensions/ms-toolsai.jupyter-2024.3.1-universal/dist/extension.node.js:7:23482
	at Array.map (<anonymous>)
	at /home/j/.vscode-oss/extensions/ms-toolsai.jupyter-2024.3.1-universal/dist/extension.node.js:7:23447
	at HZ.r.reduce.constructorInjections (/home/j/.vscode-oss/extensions/ms-toolsai.jupyter-2024.3.1-universal/dist/extension.node.js:7:19029)
	at Array.reduce (<anonymous>)
	at HZ (/home/j/.vscode-oss/extensions/ms-toolsai.jupyter-2024.3.1-universal/dist/extension.node.js:7:19002)
	at GZ (/home/j/.vscode-oss/extensions/ms-toolsai.jupyter-2024.3.1-universal/dist/extension.node.js:7:19379)
	at ZZ (/home/j/.vscode-oss/extensions/ms-toolsai.jupyter-2024.3.1-universal/dist/extension.node.js:7:20945)
	at uee (/home/j/.vscode-oss/extensions/ms-toolsai.jupyter-2024.3.1-universal/dist/extension.node.js:7:24128)
	at /home/j/.vscode-oss/extensions/ms-toolsai.jupyter-2024.3.1-universal/dist/extension.node.js:7:24370
	at pee (/home/j/.vscode-oss/extensions/ms-toolsai.jupyter-2024.3.1-universal/dist/extension.node.js:7:24284)
	at dee (/home/j/.vscode-oss/extensions/ms-toolsai.jupyter-2024.3.1-universal/dist/extension.node.js:7:24345)
	at /home/j/.vscode-oss/extensions/ms-toolsai.jupyter-2024.3.1-universal/dist/extension.node.js:7:23553
	at vee (/home/j/.vscode-oss/extensions/ms-toolsai.jupyter-2024.3.1-universal/dist/extension.node.js:7:25620)
	at /home/j/.vscode-oss/extensions/ms-toolsai.jupyter-2024.3.1-universal/dist/extension.node.js:7:55705
	at r._get (/home/j/.vscode-oss/extensions/ms-toolsai.jupyter-2024.3.1-universal/dist/extension.node.js:7:55052)
	at r._getButThrowIfAsync (/home/j/.vscode-oss/extensions/ms-toolsai.jupyter-2024.3.1-universal/dist/extension.node.js:7:55112)
	at r.get (/home/j/.vscode-oss/extensions/ms-toolsai.jupyter-2024.3.1-universal/dist/extension.node.js:7:50706)
	at Pe.get (/home/j/.vscode-oss/extensions/ms-toolsai.jupyter-2024.3.1-universal/dist/extension.node.js:80:3503)
	at FIe (/home/j/.vscode-oss/extensions/ms-toolsai.jupyter-2024.3.1-universal/dist/extension.node.js:474:1873)
2024-05-14 21:35:47.071 [error] [Extension Host] Lintings failed on open
2024-05-14 21:35:47.072 [error] [Extension Host] File: vscode-notebook-cell:/home/j/dsc/learnml/numpy/numpy_intro.ipynb#W0sZmlsZQ%3D%3D
2024-05-14 21:35:47.072 [error] [Extension Host] Message: TypeError: Cannot read properties of undefined (reading 'uri')
