2024-05-14 21:33:33.268 [info] Added views:workbench.panel.markers.view in workbench.panel.markers
2024-05-14 21:33:33.268 [info] Added views:workbench.panel.output in workbench.panel.output
2024-05-14 21:33:33.268 [info] Added views:terminal in terminal
2024-05-14 21:33:33.268 [info] Added views:outline in workbench.view.explorer
2024-05-14 21:33:33.268 [info] Added views:workbench.scm in workbench.view.scm
2024-05-14 21:33:33.268 [info] Added views:workbench.view.search in workbench.view.search
2024-05-14 21:33:33.268 [info] Added views:timeline in workbench.view.explorer
2024-05-14 21:33:33.268 [info] Added views:workbench.explorer.emptyView in workbench.view.explorer
2024-05-14 21:33:33.390 [info] Added views:workbench.debug.variablesView,workbench.debug.watchExpressionsView,workbench.debug.callStackView,workbench.debug.breakPointsView in workbench.view.debug
2024-05-14 21:33:33.538 [info] Added views:codeium.chatPanelView,codeium.searchPanelView in workbench.view.extension.codeium
2024-05-14 21:33:33.539 [info] Added views:ipyNavigator in workbench.view.extension.ipy-navigator
2024-05-14 21:33:33.539 [info] Added views:volc.kernel.view,volc.spark.view,volc.help.view in workbench.view.extension.volc-kernel
2024-05-14 21:33:33.703 [info] Added views:workbench.panel.repl.view in workbench.panel.repl
2024-05-14 21:33:33.704 [info] Removed views:workbench.debug.breakPointsView,workbench.debug.callStackView,workbench.debug.watchExpressionsView,workbench.debug.variablesView from workbench.view.debug
2024-05-14 21:33:33.704 [info] Added views:workbench.debug.welcome in workbench.view.debug
2024-05-14 21:33:33.744 [info] Added views:~remote.forwardedPorts in ~remote.forwardedPortsContainer
2024-05-14 21:33:35.470 [info] Added views:workbench.panel.comments in workbench.panel.comments
2024-05-14 21:34:02.911 [info] Added views:workbench.views.extensions.installed,workbench.views.extensions.popular,extensions.recommendedList in workbench.view.extensions
2024-05-14 21:34:02.915 [info] Removed views:workbench.views.extensions.popular from workbench.view.extensions
2024-05-14 21:34:26.509 [info] Added views:workbench.panel.markers.view in workbench.panel.markers
2024-05-14 21:34:26.509 [info] Added views:workbench.panel.output in workbench.panel.output
2024-05-14 21:34:26.509 [info] Added views:terminal in terminal
2024-05-14 21:34:26.509 [info] Added views:outline in workbench.view.explorer
2024-05-14 21:34:26.509 [info] Added views:workbench.scm in workbench.view.scm
2024-05-14 21:34:26.509 [info] Added views:workbench.view.search in workbench.view.search
2024-05-14 21:34:26.509 [info] Added views:timeline in workbench.view.explorer
2024-05-14 21:34:26.509 [info] Added views:workbench.explorer.fileView in workbench.view.explorer
2024-05-14 21:34:26.637 [info] Added views:codeium.chatPanelView,codeium.searchPanelView in workbench.view.extension.codeium
2024-05-14 21:34:26.637 [info] Added views:ipyNavigator in workbench.view.extension.ipy-navigator
2024-05-14 21:34:26.637 [info] Added views:volc.kernel.view,volc.spark.view,volc.help.view in workbench.view.extension.volc-kernel
2024-05-14 21:34:26.731 [info] Added views:workbench.debug.variablesView,workbench.debug.watchExpressionsView,workbench.debug.callStackView,workbench.debug.breakPointsView in workbench.view.debug
2024-05-14 21:34:26.796 [info] Added views:~remote.forwardedPorts in ~remote.forwardedPortsContainer
2024-05-14 21:34:26.831 [info] Added views:workbench.panel.repl.view in workbench.panel.repl
2024-05-14 21:34:26.834 [info] Removed views:workbench.debug.breakPointsView,workbench.debug.callStackView,workbench.debug.watchExpressionsView,workbench.debug.variablesView from workbench.view.debug
2024-05-14 21:34:26.834 [info] Added views:workbench.debug.welcome in workbench.view.debug
2024-05-14 21:34:28.520 [info] Added views:workbench.panel.comments in workbench.panel.comments
2024-05-14 21:34:57.502 [info] Added views:workbench.views.extensions.installed,workbench.views.extensions.popular,extensions.recommendedList in workbench.view.extensions
2024-05-14 21:34:57.503 [info] Removed views:workbench.views.extensions.popular from workbench.view.extensions
2024-05-14 21:34:59.879 [info] Removed views:extensions.recommendedList,workbench.views.extensions.installed from workbench.view.extensions
2024-05-14 21:34:59.884 [info] Added views:workbench.views.extensions.marketplace in workbench.view.extensions
2024-05-14 21:35:46.853 [info] Added views:workbench.view.testing in workbench.view.extension.test
2024-05-14 21:35:59.473 [info] Removed views:workbench.view.testing from workbench.view.extension.test
