2024-05-14 21:33:33.985 [INFO]: No proxy settings found
2024-05-14 21:33:35.468 [INFO]: Creating manager directory: /tmp/016bf5d4-1e9a-431b-8f09-4f73342b4ddd/codeium/manager
2024-05-14 21:33:35.642 [INFO]: Using cached LS with valid crc32: /home/j/.vscode-oss/extensions/codeium.codeium-1.8.36-universal/dist/6b19fd56d85774d39e487f63cbc17e220b37637d/language_server_linux_x64
2024-05-14 21:33:35.647 [INFO]: Language server started
2024-05-14 21:33:35.729 [INFO]: [Language Server (stderr)]:
I0514 21:33:35.728308 1013567 main.go:554] Starting language server manager with pid 1013567
I0514 21:33:35.728432 1013567 main.go:110] Manager acquired its lock file /tmp/016bf5d4-1e9a-431b-8f09-4f73342b4ddd/codeium/manager/locks/manager.lock
2024-05-14 21:33:35.730 [INFO]: [Language Server (stderr)]:
I0514 21:33:35.729024 1013567 main.go:248] Waiting for random port file in /tmp/016bf5d4-1e9a-431b-8f09-4f73342b4ddd/codeium/manager/child_random_port_1715701715728619625_8174513941957269972 to be created
2024-05-14 21:33:35.813 [INFO]: [Language Server (stderr)]:
I0514 21:33:35.813014 1013581 main.go:548] Starting language server process with pid 1013581
I0514 21:33:35.813050 1013581 server.go:154] Language server will attempt to listen on host 127.0.0.1
I0514 21:33:35.813153 1013581 server.go:161] Language server listening on random port at 38743
I0514 21:33:35.813182 1013581 proxy.go:113] proxyplease.proxy> No proxy provided. Attempting to infer from system.
I0514 21:33:35.813191 1013581 proxy.go:113] proxyplease.proxy> No proxy could be determined. Assuming a direct connection.
I0514 21:33:35.813202 1013581 client.go:589] [DEBUG] GET https://server.codeium.com/exa.api_server_pb.ApiServerService/GetCompletions
2024-05-14 21:33:36.817 [INFO]: [Language Server (stderr)]:
I0514 21:33:36.816744 1013581 unleash.go:90] Initializing Unleash
2024-05-14 21:33:37.810 [INFO]: [Language Server (stderr)]:
I0514 21:33:37.809605 1013581 unleash.go:110] Successfully initialized Unleash
2024-05-14 21:33:37.820 [INFO]: [Language Server (stderr)]:
E0514 21:33:37.819959 1013581 client_manager.go:265] Metadata is nil when trying to refresh user JWT
I0514 21:33:37.820137 1013581 server.go:353] Successfully created API server client
2024-05-14 21:33:37.841 [INFO]: [Language Server (stderr)]:
I0514 21:33:37.840634 1013581 server.go:362] Successfully initialized tokenizer
2024-05-14 21:33:37.841 [INFO]: [Language Server (stderr)]:
I0514 21:33:37.840929 1013581 server.go:456] Local search is enabled, will index local files.
I0514 21:33:37.840948 1013581 server.go:460] Using 3 indexer workers
2024-05-14 21:33:37.849 [INFO]: [Language Server (stderr)]:
I0514 21:33:37.848711 1013581 search_provider.go:164] Using database at /home/j/.codeium/database/9c0694567290725d9dcba14ade58e297/2/MODEL_EMBED_6591
2024-05-14 21:33:37.850 [INFO]: [Language Server (stderr)]:
I0514 21:33:37.849716 1013581 search_provider.go:176] Successfully created embedding search database
2024-05-14 21:33:37.850 [INFO]: [Language Server (stderr)]:
I0514 21:33:37.849906 1013581 search_provider.go:198] Successfully created and started indexer
I0514 21:33:37.849921 1013581 search_provider.go:224] Successfully created embedding search provider
I0514 21:33:37.849926 1013581 server.go:494] Successfully created exact search provider
2024-05-14 21:33:37.853 [INFO]: [Language Server (stderr)]:
I0514 21:33:37.852593 1013581 server.go:522] Successfully created completion provider
I0514 21:33:37.852637 1013581 server.go:570] Child process attempting to acquire lock file /tmp/016bf5d4-1e9a-431b-8f09-4f73342b4ddd/codeium/manager/locks/child_lock_1715701715728640197_773335517933280208
I0514 21:33:37.852679 1013581 server.go:578] Child process acquired lock file /tmp/016bf5d4-1e9a-431b-8f09-4f73342b4ddd/codeium/manager/locks/child_lock_1715701715728640197_773335517933280208
2024-05-14 21:33:37.858 [INFO]: [Language Server (stderr)]:
I0514 21:33:37.856194 1013581 server.go:181] LSP listening on random port at 39133
2024-05-14 21:33:37.859 [INFO]: [Language Server (stderr)]:
I0514 21:33:37.858676 1013581 web_server.go:239] Chat Web Server listening at ws://127.0.0.1:39285
2024-05-14 21:33:37.941 [INFO]: [Language Server (stdout)]:
39133
2024-05-14 21:33:37.941 [INFO]: [Language Server (stderr)]:
I0514 21:33:37.940134 1013567 main.go:284] Language server manager found random server port 38743
I0514 21:33:37.940219 1013567 main.go:285] Language server manager found random lsp port 39133
I0514 21:33:37.940248 1013567 main.go:292] Language server manager attempting to connect to language server at 127.0.0.1:38743
2024-05-14 21:33:37.964 [INFO]: [Language Server (stderr)]:
I0514 21:33:37.963619 1013567 main.go:163] Fixing language server port at 38743
I0514 21:33:37.963635 1013567 main.go:343] Language server manager successfully connected to new language server at 127.0.0.1:38743
2024-05-14 21:33:37.967 [INFO]: Found language server running on port 38743
2024-05-14 21:33:37.989 [INFO]: Downloaded binary: /home/j/.codeium/bin/af6b6c543b224d348a8876f0c06245d9ea7929c5/ripgrep_linux_x64
2024-05-14 21:33:37.996 [INFO]: [Language Server (stderr)]:
I0514 21:33:37.996031 1013581 rpcs_miscellaneous.go:118] Ripgrep available at /home/j/.codeium/bin/af6b6c543b224d348a8876f0c06245d9ea7929c5/ripgrep_linux_x64
2024-05-14 21:33:38.347 [INFO]: [Language Server (stderr)]:
I0514 21:33:38.346467 1013581 rpcs_miscellaneous.go:312] University version is up to date.
2024-05-14 21:34:25.915 [INFO]: Disposing language server process
2024-05-14 21:34:25.916 [INFO]: Deleting manager directory: /tmp/016bf5d4-1e9a-431b-8f09-4f73342b4ddd/codeium/manager
2024-05-14 21:34:25.917 [INFO]: Successfully disposed language server
