2024-05-14 21:36:07.709 [INFO]: No proxy settings found
2024-05-14 21:36:09.134 [INFO]: Creating manager directory: /tmp/6fa5d360-5358-4f96-94d1-7d543c48741c/codeium/manager
2024-05-14 21:36:09.280 [INFO]: Using cached LS with valid crc32: /home/j/.vscode-oss/extensions/codeium.codeium-1.8.36-universal/dist/6b19fd56d85774d39e487f63cbc17e220b37637d/language_server_linux_x64
2024-05-14 21:36:09.284 [INFO]: Language server started
2024-05-14 21:36:09.362 [INFO]: [Language Server (stderr)]:
I0514 21:36:09.362008 1014197 main.go:554] Starting language server manager with pid 1014197
I0514 21:36:09.362081 1014197 main.go:110] Manager acquired its lock file /tmp/6fa5d360-5358-4f96-94d1-7d543c48741c/codeium/manager/locks/manager.lock
2024-05-14 21:36:09.363 [INFO]: [Language Server (stderr)]:
I0514 21:36:09.362693 1014197 main.go:248] Waiting for random port file in /tmp/6fa5d360-5358-4f96-94d1-7d543c48741c/codeium/manager/child_random_port_1715701869362236083_6272454118170679841 to be created
2024-05-14 21:36:09.440 [INFO]: [Language Server (stderr)]:
I0514 21:36:09.440008 1014211 main.go:548] Starting language server process with pid 1014211
I0514 21:36:09.440059 1014211 server.go:154] Language server will attempt to listen on host 127.0.0.1
I0514 21:36:09.440163 1014211 server.go:161] Language server listening on random port at 39761
I0514 21:36:09.440200 1014211 proxy.go:113] proxyplease.proxy> No proxy provided. Attempting to infer from system.
I0514 21:36:09.440211 1014211 proxy.go:113] proxyplease.proxy> No proxy could be determined. Assuming a direct connection.
I0514 21:36:09.440222 1014211 client.go:589] [DEBUG] GET https://server.codeium.com/exa.api_server_pb.ApiServerService/GetCompletions
2024-05-14 21:36:10.451 [INFO]: [Language Server (stderr)]:
I0514 21:36:10.450395 1014211 unleash.go:90] Initializing Unleash
2024-05-14 21:36:11.405 [INFO]: [Language Server (stderr)]:
I0514 21:36:11.404753 1014211 unleash.go:110] Successfully initialized Unleash
2024-05-14 21:36:11.416 [INFO]: [Language Server (stderr)]:
E0514 21:36:11.415411 1014211 client_manager.go:265] Metadata is nil when trying to refresh user JWT
I0514 21:36:11.415622 1014211 server.go:353] Successfully created API server client
2024-05-14 21:36:11.437 [INFO]: [Language Server (stderr)]:
I0514 21:36:11.436697 1014211 server.go:362] Successfully initialized tokenizer
I0514 21:36:11.436960 1014211 server.go:456] Local search is enabled, will index local files.
I0514 21:36:11.436973 1014211 server.go:460] Using 3 indexer workers
I0514 21:36:11.436990 1014211 search_provider.go:164] Using database at /home/j/.codeium/database/9c0694567290725d9dcba14ade58e297/2/MODEL_EMBED_6591
2024-05-14 21:36:11.438 [INFO]: [Language Server (stderr)]:
I0514 21:36:11.437569 1014211 search_provider.go:176] Successfully created embedding search database
I0514 21:36:11.437760 1014211 search_provider.go:198] Successfully created and started indexer
I0514 21:36:11.437773 1014211 search_provider.go:224] Successfully created embedding search provider
I0514 21:36:11.437777 1014211 server.go:494] Successfully created exact search provider
2024-05-14 21:36:11.444 [INFO]: [Language Server (stderr)]:
I0514 21:36:11.443360 1014211 server.go:522] Successfully created completion provider
I0514 21:36:11.443500 1014211 server.go:570] Child process attempting to acquire lock file /tmp/6fa5d360-5358-4f96-94d1-7d543c48741c/codeium/manager/locks/child_lock_1715701869362270428_6252095704949924829
I0514 21:36:11.443614 1014211 server.go:578] Child process acquired lock file /tmp/6fa5d360-5358-4f96-94d1-7d543c48741c/codeium/manager/locks/child_lock_1715701869362270428_6252095704949924829
2024-05-14 21:36:11.447 [INFO]: [Language Server (stderr)]:
I0514 21:36:11.446862 1014211 server.go:181] LSP listening on random port at 36001
2024-05-14 21:36:11.447 [INFO]: [Language Server (stderr)]:
I0514 21:36:11.447262 1014211 web_server.go:239] Chat Web Server listening at ws://127.0.0.1:44789
2024-05-14 21:36:11.474 [INFO]: [Language Server (stdout)]:
36001
2024-05-14 21:36:11.474 [INFO]: [Language Server (stderr)]:
I0514 21:36:11.473566 1014197 main.go:284] Language server manager found random server port 39761
I0514 21:36:11.473607 1014197 main.go:285] Language server manager found random lsp port 36001
I0514 21:36:11.473632 1014197 main.go:292] Language server manager attempting to connect to language server at 127.0.0.1:39761
2024-05-14 21:36:11.497 [INFO]: [Language Server (stderr)]:
I0514 21:36:11.496868 1014197 main.go:163] Fixing language server port at 39761
I0514 21:36:11.496888 1014197 main.go:343] Language server manager successfully connected to new language server at 127.0.0.1:39761
2024-05-14 21:36:11.499 [INFO]: Found language server running on port 39761
2024-05-14 21:36:11.508 [INFO]: Downloaded binary: /home/j/.codeium/bin/af6b6c543b224d348a8876f0c06245d9ea7929c5/ripgrep_linux_x64
2024-05-14 21:36:11.514 [INFO]: [Language Server (stderr)]:
I0514 21:36:11.513999 1014211 rpcs_miscellaneous.go:118] Ripgrep available at /home/j/.codeium/bin/af6b6c543b224d348a8876f0c06245d9ea7929c5/ripgrep_linux_x64
2024-05-14 21:36:11.810 [INFO]: [Language Server (stderr)]:
I0514 21:36:11.808656 1014211 rpcs_miscellaneous.go:312] University version is up to date.
2024-05-14 21:36:27.481 [INFO]: Disposing language server process
2024-05-14 21:36:27.482 [INFO]: Deleting manager directory: /tmp/6fa5d360-5358-4f96-94d1-7d543c48741c/codeium/manager
2024-05-14 21:36:27.485 [INFO]: Successfully disposed language server
