2024-06-10 20:21:31.580 [info] Initial editor state {"filesToOpenOrCreate":[{"fileUri":{"$mid":1,"path":"/home/j/--ozone-platform-hint=wayland","scheme":"file"},"type":1,"exists":false},{"fileUri":{"$mid":1,"path":"/home/j/--disable-gpu","scheme":"file"},"type":1,"exists":false}],"filesToDiff":[],"filesToMerge":[]}
2024-06-10 20:21:32.579 [info] Started local extension host with pid 41069.
2024-06-10 20:21:33.474 [error] Extension 'ms-python.debugpy CANNOT USE these API proposals 'portsAttributes, contribIssueReporter, debugVisualization'. You MUST start in extension development mode or use the --enable-proposed-api command line flag
2024-06-10 20:21:33.475 [error] Extension 'ms-python.python CANNOT USE these API proposals 'contribEditorContentMenu, quickPickSortByLabel, testObserver, quickPickItemTooltip, terminalDataWriteEvent, terminalExecuteCommandEvent, contribIssueReporter'. You MUST start in extension development mode or use the --enable-proposed-api command line flag
2024-06-10 20:21:33.477 [error] Extension 'ms-toolsai.jupyter CANNOT USE these API proposals 'notebookDeprecated, notebookMessaging, notebookMime, contribNotebookStaticPreloads, portsAttributes, quickPickSortByLabel, notebookKernelSource, interactiveWindow, quickPickItemTooltip, notebookExecution, notebookCellExecution, notebookVariableProvider'. You MUST start in extension development mode or use the --enable-proposed-api command line flag
2024-06-10 20:21:33.477 [error] Extension 'ms-toolsai.jupyter-renderers CANNOT USE these API proposals 'contribNotebookStaticPreloads'. You MUST start in extension development mode or use the --enable-proposed-api command line flag
2024-06-10 20:21:33.579 [error] [tht13.python]: 'configuration.jsonValidation.url' must be an absolute URL or start with './'  to reference schemas located in the extension.
2024-06-10 20:21:33.680 [error] [ms-python.debugpy]: issue/reporter is a proposed menu identifier. It requires 'package.json#enabledApiProposals: ["contribIssueReporter"]' and is only available when running out of dev or with the following command line switch: --enable-proposed-api ms-python.debugpy
2024-06-10 20:21:33.684 [error] [ms-python.python]: issue/reporter is a proposed menu identifier. It requires 'package.json#enabledApiProposals: ["contribIssueReporter"]' and is only available when running out of dev or with the following command line switch: --enable-proposed-api ms-python.python
2024-06-10 20:21:33.685 [error] [ms-python.python]: editor/content is a proposed menu identifier. It requires 'package.json#enabledApiProposals: ["contribEditorContentMenu"]' and is only available when running out of dev or with the following command line switch: --enable-proposed-api ms-python.python
2024-06-10 20:21:33.767 [error] [EricSia.pythonsnippets3pro]: Unknown language in `contributes.pythonsnippets3pro.language`. Provided value: django-html
2024-06-10 20:21:33.768 [error] [EricSia.pythonsnippets3pro]: Unknown language in `contributes.pythonsnippets3pro.language`. Provided value: django-txt
2024-06-10 20:21:37.126 [info] [perf] Render performance baseline is 38ms
2024-06-10 20:21:38.045 [error] ENOENT: no such file or directory, open '/home/j/.config/Code - OSS/User/globalStorage/vscodevim.vim/.registers': Error: ENOENT: no such file or directory, open '/home/j/.config/Code - OSS/User/globalStorage/vscodevim.vim/.registers'
2024-06-10 20:23:56.281 [error] [Extension Host] FetchError: Unleash Repository error: network timeout at: https://unleash.codeium.com/api/client/features
	at Timeout.<anonymous> (/home/j/.vscode-oss/extensions/codeium.codeium-1.8.54-universal/dist/extension.js:2:2173671)
	at listOnTimeout (node:internal/timers:573:17)
	at process.processTimers (node:internal/timers:514:7)
2024-06-10 20:26:07.122 [error] [Extension Host] FetchError: Unleash Repository error: network timeout at: https://unleash.codeium.com/api/client/features
	at Timeout.<anonymous> (/home/j/.vscode-oss/extensions/codeium.codeium-1.8.54-universal/dist/extension.js:2:2173671)
	at listOnTimeout (node:internal/timers:573:17)
	at process.processTimers (node:internal/timers:514:7)
2024-06-10 20:31:25.930 [error] [Extension Host] FetchError: Unleash Repository error: request to https://unleash.codeium.com/api/client/features failed, reason: getaddrinfo ENOTFOUND unleash.codeium.com
	at ClientRequest.<anonymous> (/home/j/.vscode-oss/extensions/codeium.codeium-1.8.54-universal/dist/extension.js:2:2173797)
	at ClientRequest.emit (node:events:526:35)
	at ClientRequest.emit (node:domain:488:12)
	at TLSSocket.socketErrorListener (node:_http_client:495:9)
	at TLSSocket.emit (node:events:514:28)
	at TLSSocket.emit (node:domain:488:12)
	at emitErrorNT (node:internal/streams/destroy:151:8)
	at emitErrorCloseNT (node:internal/streams/destroy:116:3)
	at process.processTicksAndRejections (node:internal/process/task_queues:82:21)
2024-06-10 21:11:28.357 [error] [Extension Host] FetchError: Unleash Repository error: request to https://unleash.codeium.com/api/client/features failed, reason: getaddrinfo ENOTFOUND unleash.codeium.com
	at ClientRequest.<anonymous> (/home/j/.vscode-oss/extensions/codeium.codeium-1.8.54-universal/dist/extension.js:2:2173797)
	at ClientRequest.emit (node:events:526:35)
	at ClientRequest.emit (node:domain:488:12)
	at TLSSocket.socketErrorListener (node:_http_client:495:9)
	at TLSSocket.emit (node:events:514:28)
	at TLSSocket.emit (node:domain:488:12)
	at emitErrorNT (node:internal/streams/destroy:151:8)
	at emitErrorCloseNT (node:internal/streams/destroy:116:3)
	at process.processTicksAndRejections (node:internal/process/task_queues:82:21)
2024-06-10 21:15:39.390 [error] [Extension Host] FetchError: Unleash Repository error: network timeout at: https://unleash.codeium.com/api/client/features
	at Timeout.<anonymous> (/home/j/.vscode-oss/extensions/codeium.codeium-1.8.54-universal/dist/extension.js:2:2173671)
	at listOnTimeout (node:internal/timers:573:17)
	at process.processTimers (node:internal/timers:514:7)
2024-06-10 21:20:47.466 [error] [Extension Host] FetchError: Unleash Repository error: request to https://unleash.codeium.com/api/client/features failed, reason: getaddrinfo ENOTFOUND unleash.codeium.com
	at ClientRequest.<anonymous> (/home/j/.vscode-oss/extensions/codeium.codeium-1.8.54-universal/dist/extension.js:2:2173797)
	at ClientRequest.emit (node:events:526:35)
	at ClientRequest.emit (node:domain:488:12)
	at TLSSocket.socketErrorListener (node:_http_client:495:9)
	at TLSSocket.emit (node:events:514:28)
	at TLSSocket.emit (node:domain:488:12)
	at emitErrorNT (node:internal/streams/destroy:151:8)
	at emitErrorCloseNT (node:internal/streams/destroy:116:3)
	at process.processTicksAndRejections (node:internal/process/task_queues:82:21)
2024-06-10 21:25:59.059 [error] [Extension Host] FetchError: Unleash Repository error: request to https://unleash.codeium.com/api/client/features failed, reason: getaddrinfo ENOTFOUND unleash.codeium.com
	at ClientRequest.<anonymous> (/home/j/.vscode-oss/extensions/codeium.codeium-1.8.54-universal/dist/extension.js:2:2173797)
	at ClientRequest.emit (node:events:526:35)
	at ClientRequest.emit (node:domain:488:12)
	at TLSSocket.socketErrorListener (node:_http_client:495:9)
	at TLSSocket.emit (node:events:514:28)
	at TLSSocket.emit (node:domain:488:12)
	at emitErrorNT (node:internal/streams/destroy:151:8)
	at emitErrorCloseNT (node:internal/streams/destroy:116:3)
	at process.processTicksAndRejections (node:internal/process/task_queues:82:21)
2024-06-10 21:32:11.876 [error] [Extension Host] FetchError: Unleash Repository error: request to https://unleash.codeium.com/api/client/features failed, reason: getaddrinfo ENOTFOUND unleash.codeium.com
	at ClientRequest.<anonymous> (/home/j/.vscode-oss/extensions/codeium.codeium-1.8.54-universal/dist/extension.js:2:2173797)
	at ClientRequest.emit (node:events:526:35)
	at ClientRequest.emit (node:domain:488:12)
	at TLSSocket.socketErrorListener (node:_http_client:495:9)
	at TLSSocket.emit (node:events:514:28)
	at TLSSocket.emit (node:domain:488:12)
	at emitErrorNT (node:internal/streams/destroy:151:8)
	at emitErrorCloseNT (node:internal/streams/destroy:116:3)
	at process.processTicksAndRejections (node:internal/process/task_queues:82:21)
2024-06-10 21:33:20.908 [error] [Extension Host] FetchError: Unleash Repository error: network timeout at: https://unleash.codeium.com/api/client/features
	at Timeout.<anonymous> (/home/j/.vscode-oss/extensions/codeium.codeium-1.8.54-universal/dist/extension.js:2:2173671)
	at listOnTimeout (node:internal/timers:573:17)
	at process.processTimers (node:internal/timers:514:7)
2024-06-10 21:43:49.208 [error] [Extension Host] FetchError: Unleash Repository error: network timeout at: https://unleash.codeium.com/api/client/features
	at Timeout.<anonymous> (/home/j/.vscode-oss/extensions/codeium.codeium-1.8.54-universal/dist/extension.js:2:2173671)
	at listOnTimeout (node:internal/timers:573:17)
	at process.processTimers (node:internal/timers:514:7)
