2024-06-10 20:21:32.083 [info] Added views:workbench.panel.markers.view in workbench.panel.markers
2024-06-10 20:21:32.083 [info] Added views:workbench.panel.output in workbench.panel.output
2024-06-10 20:21:32.083 [info] Added views:terminal in terminal
2024-06-10 20:21:32.083 [info] Added views:outline in workbench.view.explorer
2024-06-10 20:21:32.083 [info] Added views:workbench.scm in workbench.view.scm
2024-06-10 20:21:32.083 [info] Added views:workbench.view.search in workbench.view.search
2024-06-10 20:21:32.083 [info] Added views:timeline in workbench.view.explorer
2024-06-10 20:21:32.083 [info] Added views:workbench.explorer.emptyView in workbench.view.explorer
2024-06-10 20:21:32.511 [info] Added views:workbench.debug.variablesView,workbench.debug.watchExpressionsView,workbench.debug.callStackView,workbench.debug.breakPointsView in workbench.view.debug
2024-06-10 20:21:33.813 [info] Added views:codeium.chatPanelView,codeium.searchPanelView in workbench.view.extension.codeium
2024-06-10 20:21:33.818 [info] Added views:ipyNavigator in workbench.view.extension.ipy-navigator
2024-06-10 20:21:33.826 [info] Added views:volc.kernel.view,volc.spark.view,volc.help.view in workbench.view.extension.volc-kernel
2024-06-10 20:21:34.175 [info] Added views:workbench.panel.repl.view in workbench.panel.repl
2024-06-10 20:21:34.178 [info] Removed views:workbench.debug.breakPointsView,workbench.debug.callStackView,workbench.debug.watchExpressionsView,workbench.debug.variablesView from workbench.view.debug
2024-06-10 20:21:34.182 [info] Added views:workbench.debug.welcome in workbench.view.debug
2024-06-10 20:21:34.647 [info] Added views:~remote.forwardedPorts in ~remote.forwardedPortsContainer
2024-06-10 20:21:40.593 [info] Added views:workbench.panel.comments in workbench.panel.comments
2024-06-10 20:21:46.829 [info] Added views:workbench.views.extensions.installed,workbench.views.extensions.popular,extensions.recommendedList in workbench.view.extensions
2024-06-10 20:21:46.831 [info] Removed views:workbench.views.extensions.popular from workbench.view.extensions
2024-06-10 20:21:49.733 [info] Removed views:extensions.recommendedList,workbench.views.extensions.installed from workbench.view.extensions
2024-06-10 20:21:49.758 [info] Added views:workbench.views.extensions.marketplace in workbench.view.extensions
