2024-05-14 21:36:33.254 [info] Telemetry level is off
2024-05-14 21:36:33.254 [info] Experiments are disabled, only manually opted experiments are active.
2024-05-14 21:36:33.254 [info] Default formatter is set to null for workspace /home/j/dsc/learnml
2024-05-14 21:36:33.254 [error] Unable to check if shell integration is active [Error: Extension 'ms-python.python' CANNOT use API proposal: terminalDataWriteEvent.
Its package.json#enabledApiProposals-property declares:  but NOT terminalDataWriteEvent.
 The missing proposal MUST be added and you must start in extension development mode or use the following command line switch: --enable-proposed-api ms-python.python
	at v (/usr/lib/code/out/vs/workbench/api/node/extensionHostProcess.js:141:51558)
	at a.onDidWriteTerminalData (/usr/lib/code/out/vs/workbench/api/node/extensionHostProcess.js:163:32256)
	at new g (/home/j/.vscode-oss/extensions/ms-python.python-2024.4.1-universal/out/client/extension.js:2:746998)
	at t.resolveInstance (/home/j/.vscode-oss/extensions/ms-python.python-2024.4.1-universal/out/client/extension.js:2:2007385)
	at /home/j/.vscode-oss/extensions/ms-python.python-2024.4.1-universal/out/client/extension.js:2:2009293
	at Array.map (<anonymous>)
	at t.resolveInstance (/home/j/.vscode-oss/extensions/ms-python.python-2024.4.1-universal/out/client/extension.js:2:2007159)
	at /home/j/.vscode-oss/extensions/ms-python.python-2024.4.1-universal/out/client/extension.js:2:2009293
	at t.resolve (/home/j/.vscode-oss/extensions/ms-python.python-2024.4.1-universal/out/client/extension.js:2:2009556)
	at /home/j/.vscode-oss/extensions/ms-python.python-2024.4.1-universal/out/client/extension.js:2:1993119
	at e._get (/home/j/.vscode-oss/extensions/ms-python.python-2024.4.1-universal/out/client/extension.js:2:1992885)
	at e.get (/home/j/.vscode-oss/extensions/ms-python.python-2024.4.1-universal/out/client/extension.js:2:1991597)
	at e.dynamicValue (/home/j/.vscode-oss/extensions/ms-python.python-2024.4.1-universal/out/client/extension.js:2:2014661)
	at /home/j/.vscode-oss/extensions/ms-python.python-2024.4.1-universal/out/client/extension.js:2:2008782
	at c (/home/j/.vscode-oss/extensions/ms-python.python-2024.4.1-universal/out/client/extension.js:2:2007828)
	at /home/j/.vscode-oss/extensions/ms-python.python-2024.4.1-universal/out/client/extension.js:2:2008722
	at /home/j/.vscode-oss/extensions/ms-python.python-2024.4.1-universal/out/client/extension.js:2:2008241
	at Array.map (<anonymous>)
	at /home/j/.vscode-oss/extensions/ms-python.python-2024.4.1-universal/out/client/extension.js:2:2008213
	at Array.map (<anonymous>)
	at t.resolveInstance (/home/j/.vscode-oss/extensions/ms-python.python-2024.4.1-universal/out/client/extension.js:2:2007159)
	at /home/j/.vscode-oss/extensions/ms-python.python-2024.4.1-universal/out/client/extension.js:2:2009293
	at t.resolve (/home/j/.vscode-oss/extensions/ms-python.python-2024.4.1-universal/out/client/extension.js:2:2009556)
	at /home/j/.vscode-oss/extensions/ms-python.python-2024.4.1-universal/out/client/extension.js:2:1993119
	at e._get (/home/j/.vscode-oss/extensions/ms-python.python-2024.4.1-universal/out/client/extension.js:2:1992885)
	at e.get (/home/j/.vscode-oss/extensions/ms-python.python-2024.4.1-universal/out/client/extension.js:2:1991597)
	at a.get (/home/j/.vscode-oss/extensions/ms-python.python-2024.4.1-universal/out/client/extension.js:2:463338)
	at /home/j/.vscode-oss/extensions/ms-python.python-2024.4.1-universal/out/client/extension.js:2:384002
	at async t.activateComponents (/home/j/.vscode-oss/extensions/ms-python.python-2024.4.1-universal/out/client/extension.js:2:382289)
	at async /home/j/.vscode-oss/extensions/ms-python.python-2024.4.1-universal/out/client/extension.js:2:2928053
	at async e (/home/j/.vscode-oss/extensions/ms-python.python-2024.4.1-universal/out/client/extension.js:2:2927585)
	at async h.n (/usr/lib/code/out/vs/workbench/api/node/extensionHostProcess.js:143:6281)
	at async h.m (/usr/lib/code/out/vs/workbench/api/node/extensionHostProcess.js:143:6244)
	at async h.l (/usr/lib/code/out/vs/workbench/api/node/extensionHostProcess.js:143:5701)]
2024-05-14 21:36:33.254 [info] Test server listening.
2024-05-14 21:36:33.254 [info] > hatch env show --json
2024-05-14 21:36:33.254 [info] cwd: .
2024-05-14 21:36:33.254 [info] > pyenv which python
2024-05-14 21:36:33.254 [info] cwd: .
2024-05-14 21:36:33.292 [error] [
  'Failed to activate a workspace, Class name = g, completed in 134ms, has a falsy return value, Arg 1: <Uri:/home/j/dsc/learnml/numpy/numpy_intro.ipynb>, Arg 2: {"started":1715701893110}, Return Value: undefined',
  [Error: Extension 'ms-python.python' CANNOT use API proposal: testObserver.
  Its package.json#enabledApiProposals-property declares:  but NOT testObserver.
   The missing proposal MUST be added and you must start in extension development mode or use the following command line switch: --enable-proposed-api ms-python.python
  	at v (/usr/lib/code/out/vs/workbench/api/node/extensionHostProcess.js:141:51558)
  	at get testResults [as testResults] (/usr/lib/code/out/vs/workbench/api/node/extensionHostProcess.js:163:24960)
  	at T.activate (/home/j/.vscode-oss/extensions/ms-python.python-2024.4.1-universal/out/client/extension.js:2:775617)
  	at /home/j/.vscode-oss/extensions/ms-python.python-2024.4.1-universal/out/client/extension.js:2:2460
  	at Array.map (<anonymous>)
  	at g.activateWorkspace (/home/j/.vscode-oss/extensions/ms-python.python-2024.4.1-universal/out/client/extension.js:2:2450)]
]
2024-05-14 21:36:33.292 [error] Failure during activation. [Error: Extension 'ms-python.python' CANNOT use API proposal: testObserver.
Its package.json#enabledApiProposals-property declares:  but NOT testObserver.
 The missing proposal MUST be added and you must start in extension development mode or use the following command line switch: --enable-proposed-api ms-python.python
	at v (/usr/lib/code/out/vs/workbench/api/node/extensionHostProcess.js:141:51558)
	at get testResults [as testResults] (/usr/lib/code/out/vs/workbench/api/node/extensionHostProcess.js:163:24960)
	at T.activate (/home/j/.vscode-oss/extensions/ms-python.python-2024.4.1-universal/out/client/extension.js:2:775617)
	at /home/j/.vscode-oss/extensions/ms-python.python-2024.4.1-universal/out/client/extension.js:2:2460
	at Array.map (<anonymous>)
	at g.activateWorkspace (/home/j/.vscode-oss/extensions/ms-python.python-2024.4.1-universal/out/client/extension.js:2:2450)]
2024-05-14 21:36:33.292 [error] sendStartupTelemetry() failed. [Error: Extension 'ms-python.python' CANNOT use API proposal: testObserver.
Its package.json#enabledApiProposals-property declares:  but NOT testObserver.
 The missing proposal MUST be added and you must start in extension development mode or use the following command line switch: --enable-proposed-api ms-python.python
	at v (/usr/lib/code/out/vs/workbench/api/node/extensionHostProcess.js:141:51558)
	at get testResults [as testResults] (/usr/lib/code/out/vs/workbench/api/node/extensionHostProcess.js:163:24960)
	at T.activate (/home/j/.vscode-oss/extensions/ms-python.python-2024.4.1-universal/out/client/extension.js:2:775617)
	at /home/j/.vscode-oss/extensions/ms-python.python-2024.4.1-universal/out/client/extension.js:2:2460
	at Array.map (<anonymous>)
	at g.activateWorkspace (/home/j/.vscode-oss/extensions/ms-python.python-2024.4.1-universal/out/client/extension.js:2:2450)]
2024-05-14 21:36:33.299 [info] > pyenv which python
2024-05-14 21:36:33.299 [info] cwd: .
2024-05-14 21:36:33.320 [info] Python interpreter path: /bin/python
2024-05-14 21:36:33.755 [info] Starting Jedi language server for learnml.
