2024-05-14 21:36:07.009 [info] Added views:workbench.panel.markers.view in workbench.panel.markers
2024-05-14 21:36:07.009 [info] Added views:workbench.panel.output in workbench.panel.output
2024-05-14 21:36:07.009 [info] Added views:terminal in terminal
2024-05-14 21:36:07.009 [info] Added views:outline in workbench.view.explorer
2024-05-14 21:36:07.009 [info] Added views:workbench.scm in workbench.view.scm
2024-05-14 21:36:07.009 [info] Added views:workbench.view.search in workbench.view.search
2024-05-14 21:36:07.009 [info] Added views:timeline in workbench.view.explorer
2024-05-14 21:36:07.009 [info] Added views:workbench.explorer.emptyView in workbench.view.explorer
2024-05-14 21:36:07.123 [info] Added views:workbench.debug.variablesView,workbench.debug.watchExpressionsView,workbench.debug.callStackView,workbench.debug.breakPointsView in workbench.view.debug
2024-05-14 21:36:07.253 [info] Added views:codeium.chatPanelView,codeium.searchPanelView in workbench.view.extension.codeium
2024-05-14 21:36:07.254 [info] Added views:ipyNavigator in workbench.view.extension.ipy-navigator
2024-05-14 21:36:07.254 [info] Added views:volc.kernel.view,volc.spark.view,volc.help.view in workbench.view.extension.volc-kernel
2024-05-14 21:36:07.401 [info] Added views:workbench.panel.repl.view in workbench.panel.repl
2024-05-14 21:36:07.402 [info] Removed views:workbench.debug.breakPointsView,workbench.debug.callStackView,workbench.debug.watchExpressionsView,workbench.debug.variablesView from workbench.view.debug
2024-05-14 21:36:07.403 [info] Added views:workbench.debug.welcome in workbench.view.debug
2024-05-14 21:36:07.559 [info] Added views:~remote.forwardedPorts in ~remote.forwardedPortsContainer
2024-05-14 21:36:09.135 [info] Added views:workbench.panel.comments in workbench.panel.comments
2024-05-14 21:36:27.788 [info] Added views:workbench.panel.markers.view in workbench.panel.markers
2024-05-14 21:36:27.788 [info] Added views:workbench.panel.output in workbench.panel.output
2024-05-14 21:36:27.788 [info] Added views:terminal in terminal
2024-05-14 21:36:27.788 [info] Added views:outline in workbench.view.explorer
2024-05-14 21:36:27.788 [info] Added views:workbench.scm in workbench.view.scm
2024-05-14 21:36:27.788 [info] Added views:workbench.view.search in workbench.view.search
2024-05-14 21:36:27.788 [info] Added views:timeline in workbench.view.explorer
2024-05-14 21:36:27.788 [info] Added views:workbench.explorer.fileView in workbench.view.explorer
2024-05-14 21:36:27.911 [info] Added views:codeium.chatPanelView,codeium.searchPanelView in workbench.view.extension.codeium
2024-05-14 21:36:27.912 [info] Added views:ipyNavigator in workbench.view.extension.ipy-navigator
2024-05-14 21:36:27.912 [info] Added views:volc.kernel.view,volc.spark.view,volc.help.view in workbench.view.extension.volc-kernel
2024-05-14 21:36:27.998 [info] Added views:workbench.debug.variablesView,workbench.debug.watchExpressionsView,workbench.debug.callStackView,workbench.debug.breakPointsView in workbench.view.debug
2024-05-14 21:36:28.065 [info] Added views:~remote.forwardedPorts in ~remote.forwardedPortsContainer
2024-05-14 21:36:28.152 [info] Added views:workbench.panel.repl.view in workbench.panel.repl
2024-05-14 21:36:28.154 [info] Removed views:workbench.debug.breakPointsView,workbench.debug.callStackView,workbench.debug.watchExpressionsView,workbench.debug.variablesView from workbench.view.debug
2024-05-14 21:36:28.155 [info] Added views:workbench.debug.welcome in workbench.view.debug
2024-05-14 21:36:31.314 [info] Added views:workbench.panel.comments in workbench.panel.comments
2024-05-14 21:36:33.156 [info] Added views:workbench.view.testing in workbench.view.extension.test
2024-05-14 21:38:12.833 [info] Removed views:workbench.view.testing from workbench.view.extension.test
