2024-06-12 15:25:09.479 [info] Telemetry level is off
2024-06-12 15:25:09.479 [info] Experiments are disabled, only manually opted experiments are active.
2024-06-12 15:25:09.526 [info] Default formatter is set to null for workspace /home/j/dsc/prj/logistic regression sonar
2024-06-12 15:25:09.526 [error] Unable to check if shell integration is active [Error: Extension 'ms-python.python' CANNOT use API proposal: terminalDataWriteEvent.
Its package.json#enabledApiProposals-property declares:  but NOT terminalDataWriteEvent.
 The missing proposal MUST be added and you must start in extension development mode or use the following command line switch: --enable-proposed-api ms-python.python
	at P (/usr/lib/code/out/vs/workbench/api/node/extensionHostProcess.js:141:57957)
	at a.onDidWriteTerminalData (/usr/lib/code/out/vs/workbench/api/node/extensionHostProcess.js:163:32414)
	at new g (/home/j/.vscode-oss/extensions/ms-python.python-2024.4.1-universal/out/client/extension.js:2:746998)
	at t.resolveInstance (/home/j/.vscode-oss/extensions/ms-python.python-2024.4.1-universal/out/client/extension.js:2:2007385)
	at /home/j/.vscode-oss/extensions/ms-python.python-2024.4.1-universal/out/client/extension.js:2:2009293
	at Array.map (<anonymous>)
	at t.resolveInstance (/home/j/.vscode-oss/extensions/ms-python.python-2024.4.1-universal/out/client/extension.js:2:2007159)
	at /home/j/.vscode-oss/extensions/ms-python.python-2024.4.1-universal/out/client/extension.js:2:2009293
	at t.resolve (/home/j/.vscode-oss/extensions/ms-python.python-2024.4.1-universal/out/client/extension.js:2:2009556)
	at /home/j/.vscode-oss/extensions/ms-python.python-2024.4.1-universal/out/client/extension.js:2:1993119
	at e._get (/home/j/.vscode-oss/extensions/ms-python.python-2024.4.1-universal/out/client/extension.js:2:1992885)
	at e.get (/home/j/.vscode-oss/extensions/ms-python.python-2024.4.1-universal/out/client/extension.js:2:1991597)
	at e.dynamicValue (/home/j/.vscode-oss/extensions/ms-python.python-2024.4.1-universal/out/client/extension.js:2:2014661)
	at /home/j/.vscode-oss/extensions/ms-python.python-2024.4.1-universal/out/client/extension.js:2:2008782
	at c (/home/j/.vscode-oss/extensions/ms-python.python-2024.4.1-universal/out/client/extension.js:2:2007828)
	at /home/j/.vscode-oss/extensions/ms-python.python-2024.4.1-universal/out/client/extension.js:2:2008722
	at /home/j/.vscode-oss/extensions/ms-python.python-2024.4.1-universal/out/client/extension.js:2:2008241
	at Array.map (<anonymous>)
	at /home/j/.vscode-oss/extensions/ms-python.python-2024.4.1-universal/out/client/extension.js:2:2008213
	at Array.map (<anonymous>)
	at t.resolveInstance (/home/j/.vscode-oss/extensions/ms-python.python-2024.4.1-universal/out/client/extension.js:2:2007159)
	at /home/j/.vscode-oss/extensions/ms-python.python-2024.4.1-universal/out/client/extension.js:2:2009293
	at t.resolve (/home/j/.vscode-oss/extensions/ms-python.python-2024.4.1-universal/out/client/extension.js:2:2009556)
	at /home/j/.vscode-oss/extensions/ms-python.python-2024.4.1-universal/out/client/extension.js:2:1993119
	at e._get (/home/j/.vscode-oss/extensions/ms-python.python-2024.4.1-universal/out/client/extension.js:2:1992885)
	at e.get (/home/j/.vscode-oss/extensions/ms-python.python-2024.4.1-universal/out/client/extension.js:2:1991597)
	at a.get (/home/j/.vscode-oss/extensions/ms-python.python-2024.4.1-universal/out/client/extension.js:2:463338)
	at /home/j/.vscode-oss/extensions/ms-python.python-2024.4.1-universal/out/client/extension.js:2:384002
	at async t.activateComponents (/home/j/.vscode-oss/extensions/ms-python.python-2024.4.1-universal/out/client/extension.js:2:382289)
	at async /home/j/.vscode-oss/extensions/ms-python.python-2024.4.1-universal/out/client/extension.js:2:2928053
	at async e (/home/j/.vscode-oss/extensions/ms-python.python-2024.4.1-universal/out/client/extension.js:2:2927585)
	at async a.n (/usr/lib/code/out/vs/workbench/api/node/extensionHostProcess.js:143:6361)
	at async a.m (/usr/lib/code/out/vs/workbench/api/node/extensionHostProcess.js:143:6324)
	at async a.l (/usr/lib/code/out/vs/workbench/api/node/extensionHostProcess.js:143:5781)]
2024-06-12 15:25:09.541 [info] Test server listening.
2024-06-12 15:25:09.548 [info] > hatch env show --json
2024-06-12 15:25:09.548 [info] cwd: ~/dsc/prj/logistic regression sonar
2024-06-12 15:25:09.595 [info] > pyenv which python
2024-06-12 15:25:09.595 [info] cwd: ~/dsc/prj/logistic regression sonar
2024-06-12 15:25:09.841 [info] > pyenv which python
2024-06-12 15:25:09.842 [info] cwd: ~/dsc/prj/logistic regression sonar
2024-06-12 15:25:09.960 [error] [
  'Failed to activate a workspace, Class name = g, completed in 428ms, has a falsy return value, Arg 1: <Uri:/home/j/dsc/prj/logistic regression sonar>, Arg 2: {"started":1718185209459}, Return Value: undefined',
  [Error: Extension 'ms-python.python' CANNOT use API proposal: testObserver.
  Its package.json#enabledApiProposals-property declares:  but NOT testObserver.
   The missing proposal MUST be added and you must start in extension development mode or use the following command line switch: --enable-proposed-api ms-python.python
  	at P (/usr/lib/code/out/vs/workbench/api/node/extensionHostProcess.js:141:57957)
  	at get testResults (/usr/lib/code/out/vs/workbench/api/node/extensionHostProcess.js:163:25120)
  	at T.activate (/home/j/.vscode-oss/extensions/ms-python.python-2024.4.1-universal/out/client/extension.js:2:775617)
  	at /home/j/.vscode-oss/extensions/ms-python.python-2024.4.1-universal/out/client/extension.js:2:2460
  	at Array.map (<anonymous>)
  	at g.activateWorkspace (/home/j/.vscode-oss/extensions/ms-python.python-2024.4.1-universal/out/client/extension.js:2:2450)]
]
2024-06-12 15:25:09.960 [error] Failure during activation. [Error: Extension 'ms-python.python' CANNOT use API proposal: testObserver.
Its package.json#enabledApiProposals-property declares:  but NOT testObserver.
 The missing proposal MUST be added and you must start in extension development mode or use the following command line switch: --enable-proposed-api ms-python.python
	at P (/usr/lib/code/out/vs/workbench/api/node/extensionHostProcess.js:141:57957)
	at get testResults (/usr/lib/code/out/vs/workbench/api/node/extensionHostProcess.js:163:25120)
	at T.activate (/home/j/.vscode-oss/extensions/ms-python.python-2024.4.1-universal/out/client/extension.js:2:775617)
	at /home/j/.vscode-oss/extensions/ms-python.python-2024.4.1-universal/out/client/extension.js:2:2460
	at Array.map (<anonymous>)
	at g.activateWorkspace (/home/j/.vscode-oss/extensions/ms-python.python-2024.4.1-universal/out/client/extension.js:2:2450)]
2024-06-12 15:25:09.960 [error] sendStartupTelemetry() failed. [Error: Extension 'ms-python.python' CANNOT use API proposal: testObserver.
Its package.json#enabledApiProposals-property declares:  but NOT testObserver.
 The missing proposal MUST be added and you must start in extension development mode or use the following command line switch: --enable-proposed-api ms-python.python
	at P (/usr/lib/code/out/vs/workbench/api/node/extensionHostProcess.js:141:57957)
	at get testResults (/usr/lib/code/out/vs/workbench/api/node/extensionHostProcess.js:163:25120)
	at T.activate (/home/j/.vscode-oss/extensions/ms-python.python-2024.4.1-universal/out/client/extension.js:2:775617)
	at /home/j/.vscode-oss/extensions/ms-python.python-2024.4.1-universal/out/client/extension.js:2:2460
	at Array.map (<anonymous>)
	at g.activateWorkspace (/home/j/.vscode-oss/extensions/ms-python.python-2024.4.1-universal/out/client/extension.js:2:2450)]
2024-06-12 15:25:09.965 [info] Python interpreter path: /bin/python
2024-06-12 15:25:10.088 [info] > /bin/python -I ~/.vscode-oss/extensions/ms-python.python-2024.4.1-universal/python_files/get_output_via_markers.py ~/.vscode-oss/extensions/ms-python.python-2024.4.1-universal/python_files/interpreterInfo.py
2024-06-12 15:25:10.654 [info] Starting Jedi language server for logistic regression sonar.
2024-06-12 15:25:12.596 [info] > conda info --json
2024-06-12 15:25:12.623 [info] > /opt/miniconda3/bin/conda info --json
2024-06-12 15:25:12.631 [info] > ~/.anaconda/bin/conda info --json
2024-06-12 15:25:12.637 [info] > ~/.conda/bin/conda info --json
2024-06-12 15:25:12.644 [info] > ~/.condarc/bin/conda info --json
2024-06-12 15:25:12.652 [info] > ~/anaconda3/bin/conda info --json
