2024-05-14 21:35:47.071 [info] Name: isort
2024-05-14 21:35:47.071 [info] Module: isort
2024-05-14 21:35:47.071 [info] Python extension loading
2024-05-14 21:35:47.071 [info] Waiting for interpreter from python extension.
2024-05-14 21:35:48.362 [info] No interpreter found from setting isort.interpreter
2024-05-14 21:35:48.362 [info] Getting interpreter from ms-python.python extension for workspace /home/j/dsc
2024-05-14 21:35:48.362 [info] Python extension loaded
2024-05-14 21:35:48.362 [info] Interpreter from ms-python.python extension for /home/j/dsc: /bin/python
2024-05-14 21:35:48.363 [info] No interpreter found from setting isort.interpreter
2024-05-14 21:35:48.363 [info] Getting interpreter from ms-python.python extension for workspace /home/j/dsc
2024-05-14 21:35:48.363 [info] Interpreter from ms-python.python extension for /home/j/dsc: /bin/python
2024-05-14 21:35:48.375 [info] Server run command: /bin/python /home/j/.vscode-oss/extensions/ms-python.isort-2023.10.1-universal/bundled/tool/lsp_server.py
2024-05-14 21:35:48.376 [info] Server: Start requested.
2024-05-14 21:35:48.901 [info] CWD Server: /home/j/dsc
2024-05-14 21:35:48.901 [info] sys.path used to run Server:
   /home/j/.vscode-oss/extensions/ms-python.isort-2023.10.1-universal/bundled/libs
   /home/j/.vscode-oss/extensions/ms-python.isort-2023.10.1-universal/bundled/tool
   /usr/lib/python312.zip
   /usr/lib/python3.12
   /usr/lib/python3.12/lib-dynload
   /home/j/.local/lib/python3.12/site-packages
   /usr/lib/python3.12/site-packages
2024-05-14 21:35:48.901 [info] Settings used to run Server:
[
    {
        "check": false,
        "cwd": "/home/j/dsc",
        "workspace": "file:///home/j/dsc",
        "args": [],
        "path": [],
        "severity": {
            "W": "Warning",
            "E": "Hint"
        },
        "interpreter": [
            "/bin/python"
        ],
        "importStrategy": "useBundled",
        "showNotifications": "off"
    }
]

2024-05-14 21:35:48.901 [info] Global settings:
{
    "check": false,
    "cwd": "/home/j",
    "workspace": "/home/j",
    "args": [],
    "path": [],
    "severity": {
        "W": "Warning",
        "E": "Hint"
    },
    "interpreter": [],
    "importStrategy": "useBundled",
    "showNotifications": "off"
}

2024-05-14 21:35:48.904 [info] /bin/python -m isort --version-number
2024-05-14 21:35:48.904 [info] CWD Linter: /home/j/dsc
2024-05-14 21:35:48.909 [info] Version info for isort running for /home/j/dsc:
5.11.5

2024-05-14 21:35:48.909 [info] SUPPORTED isort>=5.10.1
FOUND isort==5.11.5

2024-05-14 21:35:48.914 [info] [Trace - 9:35:48 PM] Sending request 'textDocument/codeAction - (1)'.
2024-05-14 21:35:48.916 [info] [Trace - 9:35:48 PM] Received notification 'textDocument/publishDiagnostics'.
2024-05-14 21:35:48.919 [info] [Trace - 9:35:48 PM] Received response 'textDocument/codeAction - (1)' in 5ms.
2024-05-14 21:35:49.040 [info] [Trace - 9:35:49 PM] Sending request 'textDocument/codeAction - (2)'.
2024-05-14 21:35:49.041 [info] [Trace - 9:35:49 PM] Received response 'textDocument/codeAction - (2)' in 1ms.
2024-05-14 21:35:59.485 [info] [Trace - 9:35:59 PM] Sending request 'shutdown - (3)'.
2024-05-14 21:35:59.494 [info] [Trace - 9:35:59 PM] Received response 'shutdown - (3)' in 14ms.
2024-05-14 21:35:59.494 [info] [Trace - 9:35:59 PM] Sending notification 'exit'.
