2024-05-14 21:36:28.421 [INFO]: No proxy settings found
2024-05-14 21:36:31.313 [INFO]: Creating manager directory: /tmp/38f93b8d-f9b7-4bad-85f6-208543dc7427/codeium/manager
2024-05-14 21:36:31.462 [INFO]: Using cached LS with valid crc32: /home/j/.vscode-oss/extensions/codeium.codeium-1.8.36-universal/dist/6b19fd56d85774d39e487f63cbc17e220b37637d/language_server_linux_x64
2024-05-14 21:36:31.466 [INFO]: Language server started
2024-05-14 21:36:31.546 [INFO]: [Language Server (stderr)]:
I0514 21:36:31.545227 1014379 main.go:554] Starting language server manager with pid 1014379
I0514 21:36:31.545306 1014379 main.go:110] Manager acquired its lock file /tmp/38f93b8d-f9b7-4bad-85f6-208543dc7427/codeium/manager/locks/manager.lock
2024-05-14 21:36:31.546 [INFO]: [Language Server (stderr)]:
I0514 21:36:31.545769 1014379 main.go:248] Waiting for random port file in /tmp/38f93b8d-f9b7-4bad-85f6-208543dc7427/codeium/manager/child_random_port_1715701891545382076_3325670081053162186 to be created
2024-05-14 21:36:31.625 [INFO]: [Language Server (stderr)]:
I0514 21:36:31.624990 1014392 main.go:548] Starting language server process with pid 1014392
I0514 21:36:31.625035 1014392 server.go:154] Language server will attempt to listen on host 127.0.0.1
2024-05-14 21:36:31.626 [INFO]: [Language Server (stderr)]:
I0514 21:36:31.625144 1014392 server.go:161] Language server listening on random port at 38749
I0514 21:36:31.625181 1014392 proxy.go:113] proxyplease.proxy> No proxy provided. Attempting to infer from system.
I0514 21:36:31.625199 1014392 proxy.go:113] proxyplease.proxy> No proxy could be determined. Assuming a direct connection.
I0514 21:36:31.625211 1014392 client.go:589] [DEBUG] GET https://server.codeium.com/exa.api_server_pb.ApiServerService/GetCompletions
2024-05-14 21:36:32.793 [INFO]: [Language Server (stderr)]:
I0514 21:36:32.791840 1014392 unleash.go:90] Initializing Unleash
2024-05-14 21:36:33.869 [INFO]: [Language Server (stderr)]:
I0514 21:36:33.868080 1014392 unleash.go:110] Successfully initialized Unleash
2024-05-14 21:36:33.878 [INFO]: [Language Server (stderr)]:
E0514 21:36:33.878228 1014392 client_manager.go:265] Metadata is nil when trying to refresh user JWT
2024-05-14 21:36:33.879 [INFO]: [Language Server (stderr)]:
I0514 21:36:33.878422 1014392 server.go:353] Successfully created API server client
2024-05-14 21:36:33.901 [INFO]: [Language Server (stderr)]:
I0514 21:36:33.900157 1014392 server.go:362] Successfully initialized tokenizer
I0514 21:36:33.900444 1014392 server.go:456] Local search is enabled, will index local files.
I0514 21:36:33.900455 1014392 server.go:460] Using 3 indexer workers
I0514 21:36:33.900476 1014392 search_provider.go:164] Using database at /home/j/.codeium/database/9c0694567290725d9dcba14ade58e297/2/MODEL_EMBED_6591
2024-05-14 21:36:33.901 [INFO]: [Language Server (stderr)]:
I0514 21:36:33.901173 1014392 search_provider.go:176] Successfully created embedding search database
2024-05-14 21:36:33.902 [INFO]: [Language Server (stderr)]:
I0514 21:36:33.901411 1014392 search_provider.go:198] Successfully created and started indexer
I0514 21:36:33.901429 1014392 search_provider.go:224] Successfully created embedding search provider
I0514 21:36:33.901436 1014392 server.go:494] Successfully created exact search provider
2024-05-14 21:36:33.904 [INFO]: [Language Server (stderr)]:
I0514 21:36:33.904286 1014392 server.go:522] Successfully created completion provider
I0514 21:36:33.904331 1014392 server.go:570] Child process attempting to acquire lock file /tmp/38f93b8d-f9b7-4bad-85f6-208543dc7427/codeium/manager/locks/child_lock_1715701891545442112_4011094494066146850
I0514 21:36:33.904368 1014392 server.go:578] Child process acquired lock file /tmp/38f93b8d-f9b7-4bad-85f6-208543dc7427/codeium/manager/locks/child_lock_1715701891545442112_4011094494066146850
2024-05-14 21:36:33.910 [INFO]: [Language Server (stderr)]:
I0514 21:36:33.908796 1014392 server.go:181] LSP listening on random port at 37057
I0514 21:36:33.909680 1014392 web_server.go:239] Chat Web Server listening at ws://127.0.0.1:44121
2024-05-14 21:36:33.956 [INFO]: [Language Server (stdout)]:
37057
2024-05-14 21:36:33.957 [INFO]: [Language Server (stderr)]:
I0514 21:36:33.955975 1014379 main.go:284] Language server manager found random server port 38749
I0514 21:36:33.956022 1014379 main.go:285] Language server manager found random lsp port 37057
I0514 21:36:33.956047 1014379 main.go:292] Language server manager attempting to connect to language server at 127.0.0.1:38749
2024-05-14 21:36:33.979 [INFO]: [Language Server (stderr)]:
I0514 21:36:33.979529 1014379 main.go:163] Fixing language server port at 38749
I0514 21:36:33.979545 1014379 main.go:343] Language server manager successfully connected to new language server at 127.0.0.1:38749
2024-05-14 21:36:34.040 [INFO]: Found language server running on port 38749
2024-05-14 21:36:34.052 [INFO]: Downloaded binary: /home/j/.codeium/bin/af6b6c543b224d348a8876f0c06245d9ea7929c5/ripgrep_linux_x64
2024-05-14 21:36:34.058 [INFO]: [Language Server (stderr)]:
I0514 21:36:34.057840 1014392 utils.go:159] Analyzing workspace files for /home/j/dsc/learnml/
I0514 21:36:34.057901 1014392 utils.go:214] Done analyzing workspace files for /home/j/dsc/learnml/
I0514 21:36:34.057906 1014392 lsp.go:186] Found 1 files in workspace /home/j/dsc/learnml/
I0514 21:36:34.057917 1014392 indexing_listener.go:151] Add workspace event with uid: 1
I0514 21:36:34.057932 1014392 indexing_listener.go:179] Done enqueue workspace with uid: 1
2024-05-14 21:36:34.059 [INFO]: [Language Server (stderr)]:
I0514 21:36:34.058859 1014392 rpcs_miscellaneous.go:118] Ripgrep available at /home/j/.codeium/bin/af6b6c543b224d348a8876f0c06245d9ea7929c5/ripgrep_linux_x64
2024-05-14 21:36:34.361 [INFO]: [Language Server (stderr)]:
I0514 21:36:34.360856 1014392 rpcs_miscellaneous.go:312] University version is up to date.
2024-05-14 21:36:54.342 [INFO]: Completion request succeeded (9.81ms)
2024-05-14 21:36:54.343 [INFO]: Skipping completions because the prompt is too short
2024-05-14 21:36:54.343 [INFO]: provideInlineCompletionItems request succeeded (12.34ms)
2024-05-14 21:36:54.755 [INFO]: Skipping completions because autocomplete is open
2024-05-14 21:36:54.978 [INFO]: Skipping completions because autocomplete is open
2024-05-14 21:36:55.160 [INFO]: Skipping completions because autocomplete is open
2024-05-14 21:36:56.278 [INFO]: Skipping completions because autocomplete is open
2024-05-14 21:36:56.420 [INFO]: Skipping completions because autocomplete is open
2024-05-14 21:36:56.538 [INFO]: Completion request succeeded (7.15ms)
2024-05-14 21:36:56.539 [INFO]: Skipping completions because the prompt is too short
2024-05-14 21:36:56.539 [INFO]: provideInlineCompletionItems request succeeded (9.06ms)
2024-05-14 21:36:56.708 [INFO]: Skipping completions because autocomplete is open
2024-05-14 21:36:57.234 [INFO]: Completion request succeeded (6.97ms)
2024-05-14 21:36:57.234 [INFO]: Skipping completions because the prompt is too short
2024-05-14 21:36:57.235 [INFO]: provideInlineCompletionItems request succeeded (8.71ms)
2024-05-14 21:36:57.392 [INFO]: Completion request succeeded (6.26ms)
2024-05-14 21:36:57.392 [INFO]: Skipping completions because the prompt is too short
2024-05-14 21:36:57.393 [INFO]: provideInlineCompletionItems request succeeded (7.82ms)
2024-05-14 21:36:58.549 [INFO]: Skipping completions because autocomplete is open
2024-05-14 21:36:58.765 [INFO]: Skipping completions because autocomplete is open
2024-05-14 21:36:58.876 [INFO]: Skipping completions because autocomplete is open
2024-05-14 21:36:58.984 [INFO]: Completion request succeeded (6.93ms)
2024-05-14 21:36:58.985 [INFO]: Skipping completions because the prompt is too short
2024-05-14 21:36:58.985 [INFO]: provideInlineCompletionItems request succeeded (9.14ms)
2024-05-14 21:36:59.255 [INFO]: Completion request succeeded (6.46ms)
2024-05-14 21:36:59.255 [INFO]: Skipping completions because the prompt is too short
2024-05-14 21:36:59.256 [INFO]: provideInlineCompletionItems request succeeded (8.72ms)
2024-05-14 21:37:00.084 [INFO]: Skipping completions because autocomplete is open
2024-05-14 21:37:00.169 [INFO]: Skipping completions because autocomplete is open
2024-05-14 21:37:00.319 [INFO]: Skipping completions because autocomplete is open
2024-05-14 21:37:01.119 [INFO]: Completion request was cancelled by token (318.89ms)
2024-05-14 21:37:01.741 [INFO]: [Language Server (stderr)]:
I0514 21:37:01.740086 1014392 lazy_model.go:29] Successfully created faiss index
2024-05-14 21:37:02.008 [INFO]: Completion request was cancelled by token (838.67ms)
2024-05-14 21:38:12.835 [INFO]: Disposing language server process
2024-05-14 21:38:12.835 [INFO]: Deleting manager directory: /tmp/38f93b8d-f9b7-4bad-85f6-208543dc7427/codeium/manager
2024-05-14 21:38:12.836 [INFO]: Successfully disposed language server
2024-05-14 21:38:12.844 [INFO]: [Language Server (stderr)]:
W0514 21:38:12.835874 1014379 main.go:114] Language server manager got signal terminated, shutting down
