2024-06-10 20:22:00.299 [info] Getting Manifest... catppuccin.catppuccin-vsc
2024-06-10 20:22:00.763 [info] Installing extension: catppuccin.catppuccin-vsc vscode-userdata:/home/j/.vscode-oss/extensions/extensions.json
2024-06-10 20:22:03.345 [error] Could not load vsce-sign module Cannot find module '@vscode/vsce-sign'
Require stack:
- /usr/lib/code/out/bootstrap-amd.js
- /usr/lib/code/out/bootstrap-fork.js
2024-06-10 20:22:03.345 [info] Extension signature verification is not done: catppuccin.catppuccin-vsc
2024-06-10 20:22:03.458 [info] Extracted extension to file:///home/j/.vscode-oss/extensions/catppuccin.catppuccin-vsc-3.14.0-universal: catppuccin.catppuccin-vsc
2024-06-10 20:22:03.476 [info] Renamed to /home/j/.vscode-oss/extensions/catppuccin.catppuccin-vsc-3.14.0-universal
2024-06-10 20:22:03.620 [error] [uncaught exception in sharedProcess]: Error: ENOENT: no such file or directory, stat '/home/j/.vscode-oss/extensions/extensions.json.vsctmp': EntryNotFound (FileSystemError): Error: ENOENT: no such file or directory, stat '/home/j/.vscode-oss/extensions/extensions.json.vsctmp'
    at c.create (/usr/lib/code/out/vs/code/node/sharedProcess/sharedProcessMain.js:53:19235)
    at m (/usr/lib/code/out/vs/code/node/sharedProcess/sharedProcessMain.js:53:19345)
    at t.hb (/usr/lib/code/out/vs/code/node/sharedProcess/sharedProcessMain.js:58:36685)
    at t.stat (/usr/lib/code/out/vs/code/node/sharedProcess/sharedProcessMain.js:58:29033)
    at async b.stat (/usr/lib/code/out/vs/code/node/sharedProcess/sharedProcessMain.js:58:14899)
    at async H.vb (/usr/lib/code/out/vs/code/node/sharedProcess/sharedProcessMain.js:104:117665)
2024-06-10 20:22:03.713 [info] Getting Manifest... catppuccin.catppuccin-vsc-icons
2024-06-10 20:22:03.881 [info] Extension installed successfully: catppuccin.catppuccin-vsc vscode-userdata:/home/j/.vscode-oss/extensions/extensions.json
2024-06-10 20:22:04.045 [info] Installing extension: catppuccin.catppuccin-vsc-icons vscode-userdata:/home/j/.vscode-oss/extensions/extensions.json
2024-06-10 20:22:09.684 [error] Could not load vsce-sign module Cannot find module '@vscode/vsce-sign'
Require stack:
- /usr/lib/code/out/bootstrap-amd.js
- /usr/lib/code/out/bootstrap-fork.js
2024-06-10 20:22:09.686 [info] Extension signature verification is not done: catppuccin.catppuccin-vsc-icons
2024-06-10 20:22:17.000 [info] Extracted extension to file:///home/j/.vscode-oss/extensions/catppuccin.catppuccin-vsc-icons-1.13.0-universal: catppuccin.catppuccin-vsc-icons
2024-06-10 20:22:17.014 [info] Renamed to /home/j/.vscode-oss/extensions/catppuccin.catppuccin-vsc-icons-1.13.0-universal
2024-06-10 20:22:17.270 [error] [uncaught exception in sharedProcess]: Error: ENOENT: no such file or directory, stat '/home/j/.vscode-oss/extensions/extensions.json.vsctmp': EntryNotFound (FileSystemError): Error: ENOENT: no such file or directory, stat '/home/j/.vscode-oss/extensions/extensions.json.vsctmp'
    at c.create (/usr/lib/code/out/vs/code/node/sharedProcess/sharedProcessMain.js:53:19235)
    at m (/usr/lib/code/out/vs/code/node/sharedProcess/sharedProcessMain.js:53:19345)
    at t.hb (/usr/lib/code/out/vs/code/node/sharedProcess/sharedProcessMain.js:58:36685)
    at t.stat (/usr/lib/code/out/vs/code/node/sharedProcess/sharedProcessMain.js:58:29033)
    at async b.stat (/usr/lib/code/out/vs/code/node/sharedProcess/sharedProcessMain.js:58:14899)
    at async H.vb (/usr/lib/code/out/vs/code/node/sharedProcess/sharedProcessMain.js:104:117665)
2024-06-10 20:22:17.390 [info] Extension installed successfully: catppuccin.catppuccin-vsc-icons vscode-userdata:/home/j/.vscode-oss/extensions/extensions.json
