2024-06-12 15:24:30.934 [info] Extension host with pid 72810 started
2024-06-12 15:24:30.956 [info] ExtensionService#_doActivateExtension vscode.emmet, startup: false, activationEvent: 'onLanguage'
2024-06-12 15:24:30.984 [info] ExtensionService#_doActivateExtension vscode.git-base, startup: true, activationEvent: '*', root cause: vscode.git
2024-06-12 15:24:30.986 [info] ExtensionService#_doActivateExtension mlplatform.ml-kernel, startup: true, activationEvent: '*'
2024-06-12 15:24:31.034 [info] ExtensionService#_doActivateExtension vscode.git, startup: true, activationEvent: '*'
2024-06-12 15:24:31.059 [info] ExtensionService#_doActivateExtension vscode.github, startup: true, activationEvent: '*'
2024-06-12 15:24:31.078 [error] TypeError: Cannot read properties of undefined (reading 'webview')
	at n.value (/home/j/.vscode-oss/extensions/mlplatform.ml-kernel-0.0.7-universal/dist/extension.js:2:144040)
	at l.y (/usr/lib/code/out/vs/workbench/api/node/extensionHostProcess.js:82:664)
	at l.fire (/usr/lib/code/out/vs/workbench/api/node/extensionHostProcess.js:82:881)
	at t.<anonymous> (/home/j/.vscode-oss/extensions/mlplatform.ml-kernel-0.0.7-universal/dist/extension.js:2:123272)
	at /home/j/.vscode-oss/extensions/mlplatform.ml-kernel-0.0.7-universal/dist/extension.js:2:120148
	at Object.next (/home/j/.vscode-oss/extensions/mlplatform.ml-kernel-0.0.7-universal/dist/extension.js:2:120253)
	at a (/home/j/.vscode-oss/extensions/mlplatform.ml-kernel-0.0.7-universal/dist/extension.js:2:118990)
2024-06-12 15:24:31.101 [info] Eager extensions activated
2024-06-12 15:24:31.140 [info] ExtensionService#_doActivateExtension vscode.debug-auto-launch, startup: false, activationEvent: 'onStartupFinished'
2024-06-12 15:24:31.143 [info] ExtensionService#_doActivateExtension vscode.merge-conflict, startup: false, activationEvent: 'onStartupFinished'
2024-06-12 15:24:31.150 [info] ExtensionService#_doActivateExtension Catppuccin.catppuccin-vsc, startup: false, activationEvent: 'onStartupFinished'
2024-06-12 15:24:31.152 [info] ExtensionService#_doActivateExtension Catppuccin.catppuccin-vsc-icons, startup: false, activationEvent: 'onStartupFinished'
2024-06-12 15:24:31.235 [info] ExtensionService#_doActivateExtension Codeium.codeium, startup: false, activationEvent: 'onStartupFinished'
2024-06-12 15:24:31.359 [info] ExtensionService#_doActivateExtension formulahendry.code-runner, startup: false, activationEvent: 'onStartupFinished'
2024-06-12 15:24:31.369 [info] ExtensionService#_doActivateExtension vscodevim.vim, startup: false, activationEvent: 'onStartupFinished'
2024-06-12 15:24:31.514 [info] ExtensionService#_doActivateExtension vscode.json-language-features, startup: false, activationEvent: 'onLanguage:jsonc'
2024-06-12 15:24:31.526 [info] ExtensionService#_doActivateExtension vscode.typescript-language-features, startup: false, activationEvent: 'onLanguage:jsonc'
2024-06-12 15:24:32.439 [error] Error: ENOENT: no such file or directory, open '/home/j/.config/Code - OSS/User/globalStorage/vscodevim.vim/.registers'
2024-06-12 15:25:07.791 [info] Extension host terminating: renderer closed the MessagePort
2024-06-12 15:25:07.803 [error] Error: ENOENT: no such file or directory, open '/home/j/.config/Code - OSS/User/globalStorage/vscodevim.vim/.registers'
2024-06-12 15:25:07.804 [info] Extension host with pid 72810 exiting with code 0
2024-06-12 15:25:08.974 [info] Extension host with pid 73014 started
2024-06-12 15:25:08.974 [info] Skipping acquiring lock for /home/j/.config/Code - OSS/User/workspaceStorage/199cfe1ea39311085ae513744f27d9cc.
2024-06-12 15:25:09.000 [info] ExtensionService#_doActivateExtension vscode.git-base, startup: true, activationEvent: '*', root cause: vscode.git
2024-06-12 15:25:09.006 [info] ExtensionService#_doActivateExtension mlplatform.ml-kernel, startup: true, activationEvent: '*'
2024-06-12 15:25:09.117 [info] ExtensionService#_doActivateExtension vscode.git, startup: true, activationEvent: '*'
2024-06-12 15:25:09.142 [info] ExtensionService#_doActivateExtension vscode.github, startup: true, activationEvent: '*'
2024-06-12 15:25:09.175 [error] TypeError: Cannot read properties of undefined (reading 'webview')
	at n.value (/home/j/.vscode-oss/extensions/mlplatform.ml-kernel-0.0.7-universal/dist/extension.js:2:144040)
	at l.y (/usr/lib/code/out/vs/workbench/api/node/extensionHostProcess.js:82:664)
	at l.fire (/usr/lib/code/out/vs/workbench/api/node/extensionHostProcess.js:82:881)
	at t.<anonymous> (/home/j/.vscode-oss/extensions/mlplatform.ml-kernel-0.0.7-universal/dist/extension.js:2:123272)
	at /home/j/.vscode-oss/extensions/mlplatform.ml-kernel-0.0.7-universal/dist/extension.js:2:120148
	at Object.next (/home/j/.vscode-oss/extensions/mlplatform.ml-kernel-0.0.7-universal/dist/extension.js:2:120253)
	at a (/home/j/.vscode-oss/extensions/mlplatform.ml-kernel-0.0.7-universal/dist/extension.js:2:118990)
2024-06-12 15:25:09.232 [info] ExtensionService#_doActivateExtension ms-python.python, startup: true, activationEvent: 'workspaceContains:*.py,*.ipynb', root cause: charliermarsh.ruff
2024-06-12 15:25:09.551 [info] ExtensionService#_doActivateExtension charliermarsh.ruff, startup: true, activationEvent: 'workspaceContains:*.py,*.ipynb'
2024-06-12 15:25:09.579 [info] Eager extensions activated
2024-06-12 15:25:09.585 [info] ExtensionService#_doActivateExtension vscode.debug-auto-launch, startup: false, activationEvent: 'onStartupFinished'
2024-06-12 15:25:09.586 [info] ExtensionService#_doActivateExtension vscode.merge-conflict, startup: false, activationEvent: 'onStartupFinished'
2024-06-12 15:25:09.600 [info] ExtensionService#_doActivateExtension Catppuccin.catppuccin-vsc, startup: false, activationEvent: 'onStartupFinished'
2024-06-12 15:25:09.602 [info] ExtensionService#_doActivateExtension Catppuccin.catppuccin-vsc-icons, startup: false, activationEvent: 'onStartupFinished'
2024-06-12 15:25:09.664 [info] ExtensionService#_doActivateExtension Codeium.codeium, startup: false, activationEvent: 'onStartupFinished'
2024-06-12 15:25:09.763 [info] ExtensionService#_doActivateExtension formulahendry.code-runner, startup: false, activationEvent: 'onStartupFinished'
2024-06-12 15:25:09.782 [info] ExtensionService#_doActivateExtension vscodevim.vim, startup: false, activationEvent: 'onStartupFinished'
2024-06-12 15:25:09.976 [info] ExtensionService#_doActivateExtension vscode.json-language-features, startup: false, activationEvent: 'onLanguage:jsonc'
2024-06-12 15:25:09.992 [info] ExtensionService#_doActivateExtension vscode.typescript-language-features, startup: false, activationEvent: 'onLanguage:jsonc'
2024-06-12 15:25:10.011 [info] ExtensionService#_doActivateExtension vscode.emmet, startup: false, activationEvent: 'onLanguage'
2024-06-12 15:25:10.888 [error] Error: ENOENT: no such file or directory, open '/home/j/.config/Code - OSS/User/globalStorage/vscodevim.vim/.registers'
2024-06-12 15:25:10.961 [error] Error: Extension 'ms-python.python' CANNOT use API proposal: testObserver.
Its package.json#enabledApiProposals-property declares:  but NOT testObserver.
 The missing proposal MUST be added and you must start in extension development mode or use the following command line switch: --enable-proposed-api ms-python.python
	at P (/usr/lib/code/out/vs/workbench/api/node/extensionHostProcess.js:141:57957)
	at get testResults (/usr/lib/code/out/vs/workbench/api/node/extensionHostProcess.js:163:25120)
	at T.activate (/home/j/.vscode-oss/extensions/ms-python.python-2024.4.1-universal/out/client/extension.js:2:775617)
	at /home/j/.vscode-oss/extensions/ms-python.python-2024.4.1-universal/out/client/extension.js:2:2460
	at Array.map (<anonymous>)
	at g.activateWorkspace (/home/j/.vscode-oss/extensions/ms-python.python-2024.4.1-universal/out/client/extension.js:2:2450)
2024-06-12 15:25:12.173 [info] ExtensionService#_doActivateExtension vscode.ipynb, startup: false, activationEvent: 'onNotebookSerializer:jupyter-notebook'
2024-06-12 15:25:12.253 [info] ExtensionService#_doActivateExtension ms-toolsai.jupyter, startup: false, activationEvent: 'onNotebook:jupyter-notebook'
2024-06-12 15:25:12.256 [info] ExtensionService#_doActivateExtension ms-toolsai.vscode-jupyter-cell-tags, startup: false, activationEvent: 'onNotebook:jupyter-notebook'
2024-06-12 15:25:12.260 [info] ExtensionService#_doActivateExtension ms-toolsai.vscode-jupyter-slideshow, startup: false, activationEvent: 'onNotebook:jupyter-notebook'
2024-06-12 15:25:12.754 [info] ExtensionService#_doActivateExtension ms-toolsai.jupyter-renderers, startup: false, activationEvent: 'api', root cause: ms-toolsai.jupyter
2024-06-12 15:25:12.768 [info] ExtensionService#_doActivateExtension HoangKimLai.ipython, startup: false, activationEvent: 'onLanguage:python'
2024-06-12 15:25:12.777 [info] ExtensionService#_doActivateExtension KevinRose.vsc-python-indent, startup: false, activationEvent: 'onLanguage:python'
2024-06-12 15:25:12.780 [info] ExtensionService#_doActivateExtension mikoz.black-py, startup: false, activationEvent: 'onLanguage:python'
2024-06-12 15:25:12.796 [info] ExtensionService#_doActivateExtension mikoz.isort-formatter, startup: false, activationEvent: 'onLanguage:python'
2024-06-12 15:25:12.811 [info] ExtensionService#_doActivateExtension ms-python.debugpy, startup: false, activationEvent: 'onLanguage:python'
2024-06-12 15:25:12.874 [info] ExtensionService#_doActivateExtension ms-python.isort, startup: false, activationEvent: 'onLanguage:python'
2024-06-12 15:25:12.921 [info] ExtensionService#_doActivateExtension tht13.python, startup: false, activationEvent: 'onLanguage:python'
2024-06-12 15:25:12.945 [info] ExtensionService#_doActivateExtension virgilsisoe.python-auto-import, startup: false, activationEvent: 'onLanguage:python'
2024-06-12 15:25:12.982 [error] Activating extension ms-python.debugpy failed due to an error:
2024-06-12 15:25:12.982 [error] Error: Extension 'ms-python.debugpy' CANNOT use API proposal: portsAttributes.
Its package.json#enabledApiProposals-property declares:  but NOT portsAttributes.
 The missing proposal MUST be added and you must start in extension development mode or use the following command line switch: --enable-proposed-api ms-python.debugpy
	at P (/usr/lib/code/out/vs/workbench/api/node/extensionHostProcess.js:141:57957)
	at Object.registerPortAttributesProvider (/usr/lib/code/out/vs/workbench/api/node/extensionHostProcess.js:163:42254)
	at t.registerDebugger (/home/j/.vscode-oss/extensions/ms-python.debugpy-2024.6.0-linux-x64/dist/extension.js:2:880557)
	at e.activate (/home/j/.vscode-oss/extensions/ms-python.debugpy-2024.6.0-linux-x64/dist/extension.js:2:1128292)
	at J.kb (/usr/lib/code/out/vs/workbench/api/node/extensionHostProcess.js:159:13460)
	at J.jb (/usr/lib/code/out/vs/workbench/api/node/extensionHostProcess.js:159:13173)
	at /usr/lib/code/out/vs/workbench/api/node/extensionHostProcess.js:159:11198
	at async a.n (/usr/lib/code/out/vs/workbench/api/node/extensionHostProcess.js:143:6361)
	at async a.m (/usr/lib/code/out/vs/workbench/api/node/extensionHostProcess.js:143:6324)
	at async a.l (/usr/lib/code/out/vs/workbench/api/node/extensionHostProcess.js:143:5781)
2024-06-12 15:25:57.787 [warning] ExtHostTextEditorOptions 'setCursorStyle' failed:'
2024-06-12 15:25:57.788 [warning] Illegal argument: TextEditor(vs.editor.ICodeEditor:6,$model17)
2024-06-12 15:25:58.928 [warning] ExtHostTextEditorOptions 'setCursorStyle' failed:'
2024-06-12 15:25:58.928 [warning] Illegal argument: TextEditor(vs.editor.ICodeEditor:6,$model35)
2024-06-12 15:26:04.682 [warning] ExtHostTextEditorOptions 'setCursorStyle' failed:'
2024-06-12 15:26:04.682 [warning] Illegal argument: TextEditor(vs.editor.ICodeEditor:8,$model36)
2024-06-12 15:26:07.119 [warning] ExtHostTextEditorOptions 'setCursorStyle' failed:'
2024-06-12 15:26:07.119 [warning] Illegal argument: TextEditor(vs.editor.ICodeEditor:8,$model40)
2024-06-12 15:26:09.099 [warning] ExtHostTextEditorOptions 'setCursorStyle' failed:'
2024-06-12 15:26:09.100 [warning] Illegal argument: TextEditor(vs.editor.ICodeEditor:6,$model46)
2024-06-12 15:26:11.902 [warning] ExtHostTextEditorOptions 'setCursorStyle' failed:'
2024-06-12 15:26:11.902 [warning] Illegal argument: TextEditor(vs.editor.ICodeEditor:4,$model57)
2024-06-12 15:26:36.510 [warning] ExtHostTextEditorOptions 'setCursorStyle' failed:'
2024-06-12 15:26:36.510 [warning] Illegal argument: TextEditor(vs.editor.ICodeEditor:6,$model58)
2024-06-12 15:26:37.006 [warning] ExtHostTextEditorOptions 'setCursorStyle' failed:'
2024-06-12 15:26:37.006 [warning] Illegal argument: TextEditor(vs.editor.ICodeEditor:3,$model68)
2024-06-12 15:26:37.411 [warning] ExtHostTextEditorOptions 'setCursorStyle' failed:'
2024-06-12 15:26:37.411 [warning] Illegal argument: TextEditor(vs.editor.ICodeEditor:6,$model71)
2024-06-12 15:26:39.064 [warning] ExtHostTextEditorOptions 'setCursorStyle' failed:'
2024-06-12 15:26:39.065 [warning] Illegal argument: TextEditor(vs.editor.ICodeEditor:5,$model79)
2024-06-12 15:26:39.066 [warning] ExtHostTextEditorOptions 'setCursorStyle' failed:'
2024-06-12 15:26:39.066 [warning] Illegal argument: TextEditor(vs.editor.ICodeEditor:4,$model75)
2024-06-12 15:26:39.068 [warning] ExtHostTextEditorOptions 'setCursorStyle' failed:'
2024-06-12 15:26:39.068 [warning] Illegal argument: TextEditor(vs.editor.ICodeEditor:4,$model80)
2024-06-12 15:26:39.071 [warning] ExtHostTextEditorOptions 'setCursorStyle' failed:'
2024-06-12 15:26:39.071 [warning] Illegal argument: TextEditor(vs.editor.ICodeEditor:7,$model81)
2024-06-12 15:26:39.074 [warning] ExtHostTextEditorOptions 'setCursorStyle' failed:'
2024-06-12 15:26:39.074 [warning] Illegal argument: TextEditor(vs.editor.ICodeEditor:6,$model82)
2024-06-12 15:26:39.076 [warning] ExtHostTextEditorOptions 'setCursorStyle' failed:'
2024-06-12 15:26:39.076 [warning] Illegal argument: TextEditor(vs.editor.ICodeEditor:3,$model83)
2024-06-12 15:26:58.668 [info] Extension host terminating: renderer closed the MessagePort
2024-06-12 15:26:58.691 [error] Error: ENOENT: no such file or directory, open '/home/j/.config/Code - OSS/User/globalStorage/vscodevim.vim/.registers'
2024-06-12 15:26:58.700 [info] Extension host with pid 73014 exiting with code 0
